<html xmlns:string="xalan://java.lang.String" xmlns:lxslt="http://xml.apache.org/xslt">
<head>
<META http-equiv="Content-Type" content="text/html; charset=UTF-8">
<title>Unit Test Results: comcast.test.testSuite.runSeleniumTestCasesForQA</title>
<link rel="stylesheet" type="text/css" title="Style" href="../../../stylesheet.css">
<script type="text/javascript" language="JavaScript">
        var TestCases = new Array();
        var cur;
        
    cur = TestCases['comcast.test.testSuite.runSeleniumTestCasesForQA'] = new Array();
    
        cur['ant.core.lib'] = 'D:\\ant-1.9.1\\lib\\ant.jar';
    
        cur['ant.file'] = 'D:\\Watchble_New\\Watchable\\build.xml';
    
        cur['ant.file.Selenium_Web_Driver'] = 'D:\\Watchble_New\\Watchable\\build.xml';
    
        cur['ant.file.type'] = 'file';
    
        cur['ant.file.type.Selenium_Web_Driver'] = 'file';
    
        cur['ant.home'] = 'D:\\ant-1.9.1';
    
        cur['ant.java.version'] = '1.7';
    
        cur['ant.library.dir'] = 'D:\\ant-1.9.1\\lib';
    
        cur['ant.project.default-target'] = 'build';
    
        cur['ant.project.invoked-targets'] = 'runSeleniumTestCasesForQA';
    
        cur['ant.project.name'] = 'Selenium_Web_Driver';
    
        cur['ant.version'] = 'Apache Ant(TM) version 1.9.1 compiled on May 15 2013';
    
        cur['awt.toolkit'] = 'sun.awt.windows.WToolkit';
    
        cur['basedir'] = 'D:\\Watchble_New\\Watchable';
    
        cur['debuglevel'] = 'source,lines,vars';
    
        cur['env._JAVACMD'] = 'C:\\Program Files\\Java\\jdk1.7.0_40\\bin\\java.exe';
    
        cur['env._USE_CLASSPATH'] = 'no';
    
        cur['env.=D:'] = 'D:\\Watchble_New\\Watchable';
    
        cur['env.ALLUSERSPROFILE'] = 'C:\\ProgramData';
    
        cur['env.ANDROID_HOME'] = 'E:\\adt-bundle-windows';
    
        cur['env.ANT_CMD_LINE_ARGS'] = ' runSeleniumTestCasesForQA';
    
        cur['env.ANT_HOME'] = 'D:\\ant-1.9.1';
    
        cur['env.APPDATA'] = 'C:\\Users\\Manoj.paragen\\AppData\\Roaming';
    
        cur['env.BUILD_DISPLAY_NAME'] = '#241';
    
        cur['env.BUILD_ID'] = '241';
    
        cur['env.BUILD_NUMBER'] = '241';
    
        cur['env.BUILD_TAG'] = 'jenkins-Watchable_Functional_Suite-241';
    
        cur['env.BUILD_URL'] = 'http://192.168.162.28:8080/job/Watchable_Functional_Suite/241/';
    
        cur['env.CommonProgramFiles'] = 'C:\\Program Files\\Common Files';
    
        cur['env.CommonProgramFiles(x86)'] = 'C:\\Program Files (x86)\\Common Files';
    
        cur['env.CommonProgramW6432'] = 'C:\\Program Files\\Common Files';
    
        cur['env.COMPUTERNAME'] = 'VDC01DELW0204';
    
        cur['env.ComSpec'] = 'C:\\Windows\\system32\\cmd.exe';
    
        cur['env.EXECUTOR_NUMBER'] = '1';
    
        cur['env.FP_NO_HOST_CHECK'] = 'NO';
    
        cur['env.HOMEDRIVE'] = 'C:';
    
        cur['env.HOMEPATH'] = '\\Users\\Manoj.paragen';
    
        cur['env.HUDSON_COOKIE'] = '08351ebd-1fdd-4743-9673-f05709568b6b';
    
        cur['env.HUDSON_HOME'] = 'C:\\Users\\Manoj.paragen\\.jenkins';
    
        cur['env.HUDSON_SERVER_COOKIE'] = '7fad01605a21155b';
    
        cur['env.HUDSON_URL'] = 'http://192.168.162.28:8080/';
    
        cur['env.JAVA_HOME'] = 'C:\\Program Files\\Java\\jdk1.7.0_40';
    
        cur['env.JENKINS_HOME'] = 'C:\\Users\\Manoj.paragen\\.jenkins';
    
        cur['env.JENKINS_SERVER_COOKIE'] = '7fad01605a21155b';
    
        cur['env.JENKINS_URL'] = 'http://192.168.162.28:8080/';
    
        cur['env.JMETER_HOME'] = 'E:\\JMeter';
    
        cur['env.JOB_NAME'] = 'Watchable_Functional_Suite';
    
        cur['env.JOB_URL'] = 'http://192.168.162.28:8080/job/Watchable_Functional_Suite/';
    
        cur['env.LOCALAPPDATA'] = 'C:\\Users\\Manoj.paragen\\AppData\\Local';
    
        cur['env.LOGONSERVER'] = '\\\\INBLR-AD08';
    
        cur['env.NODE_LABELS'] = 'master';
    
        cur['env.NODE_NAME'] = 'master';
    
        cur['env.NUMBER_OF_PROCESSORS'] = '4';
    
        cur['env.OS'] = 'Windows_NT';
    
        cur['env.Path'] = 'C:\\Program Files\\Java\\jdk1.7.0_40/bin;C:\\Program Files\\Java\\jdk1.7.0_40/bin;C:\\Program Files\\Common Files\\Microsoft Shared\\Microsoft Online Services;C:\\Program Files (x86)\\Common Files\\Microsoft Shared\\Microsoft Online Services;C:\\Windows\\system32;C:\\Windows;C:\\Windows\\System32\\Wbem;C:\\Windows\\System32\\WindowsPowerShell\\v1.0\\;C:\\Program Files\\Java\\jdk1.7.0_40\\bin;E:\\JMeter\\apache-jmeter-2.9\\bin;D:\\ant-1.9.1\\bin;E:\\android-sdks\\platform-tools;E:\\android-sdks\\tools;C:\\Program Files\\nodejs\\;D:\\ant-1.9.1/bin;C:\\Program Files (x86)\\Skype\\Phone\\;C:\\Users\\Manoj.paragen\\AppData\\Roaming\\npm';
    
        cur['env.PATHEXT'] = '.COM;.EXE;.BAT;.CMD;.VBS;.VBE;.JS;.JSE;.WSF;.WSH;.MSC';
    
        cur['env.PROCESSOR_ARCHITECTURE'] = 'AMD64';
    
        cur['env.PROCESSOR_IDENTIFIER'] = 'Intel64 Family 6 Model 58 Stepping 9, GenuineIntel';
    
        cur['env.PROCESSOR_LEVEL'] = '6';
    
        cur['env.PROCESSOR_REVISION'] = '3a09';
    
        cur['env.ProgramData'] = 'C:\\ProgramData';
    
        cur['env.ProgramFiles'] = 'C:\\Program Files';
    
        cur['env.ProgramFiles(x86)'] = 'C:\\Program Files (x86)';
    
        cur['env.ProgramW6432'] = 'C:\\Program Files';
    
        cur['env.PROMPT'] = '$P$G';
    
        cur['env.PSModulePath'] = 'C:\\Windows\\system32\\WindowsPowerShell\\v1.0\\Modules\\';
    
        cur['env.PUBLIC'] = 'C:\\Users\\Public';
    
        cur['env.SESSIONNAME'] = 'Console';
    
        cur['env.SystemDrive'] = 'C:';
    
        cur['env.SystemRoot'] = 'C:\\Windows';
    
        cur['env.TEMP'] = 'C:\\Users\\MANOJ~1.PAR\\AppData\\Local\\Temp';
    
        cur['env.TMP'] = 'C:\\Users\\MANOJ~1.PAR\\AppData\\Local\\Temp';
    
        cur['env.UATDATA'] = 'C:\\Windows\\CCM\\UATData\\D9F8C395-CAB8-491d-B8AC-179A1FE1BE77';
    
        cur['env.USERDNSDOMAIN'] = 'IN.VALTECH.COM';
    
        cur['env.USERDOMAIN'] = 'IN';
    
        cur['env.USERNAME'] = 'manoj.paragen';
    
        cur['env.USERPROFILE'] = 'C:\\Users\\Manoj.paragen';
    
        cur['env.windir'] = 'C:\\Windows';
    
        cur['env.windows_tracing_flags'] = '3';
    
        cur['env.windows_tracing_logfile'] = 'C:\\BVTBin\\Tests\\installpackage\\csilogfile.log';
    
        cur['env.WORKSPACE'] = 'D:\\Watchble_New\\Watchable';
    
        cur['file.encoding'] = 'Cp1252';
    
        cur['file.encoding.pkg'] = 'sun.io';
    
        cur['file.separator'] = '\\';
    
        cur['java.awt.graphicsenv'] = 'sun.awt.Win32GraphicsEnvironment';
    
        cur['java.awt.printerjob'] = 'sun.awt.windows.WPrinterJob';
    
        cur['java.class.path'] = 'D:\\Watchble_New\\Watchable\\bin;D:\\Watchble_New\\Watchable\\lib\\selenium-server-standalone-2.43.1.jar;D:\\Watchble_New\\Watchable\\lib\\log4j-1.2.17.jar;D:\\ant-1.9.1\\lib\\ant-launcher.jar;D:\\ant-1.9.1\\lib\\ant.jar;D:\\ant-1.9.1\\lib\\ant-junit.jar;D:\\ant-1.9.1\\lib\\ant-junit4.jar';
    
        cur['java.class.version'] = '51.0';
    
        cur['java.endorsed.dirs'] = 'C:\\Program Files\\Java\\jdk1.7.0_40\\jre\\lib\\endorsed';
    
        cur['java.ext.dirs'] = 'C:\\Program Files\\Java\\jdk1.7.0_40\\jre\\lib\\ext;C:\\Windows\\Sun\\Java\\lib\\ext';
    
        cur['java.home'] = 'C:\\Program Files\\Java\\jdk1.7.0_40\\jre';
    
        cur['java.io.tmpdir'] = 'C:\\Users\\MANOJ~1.PAR\\AppData\\Local\\Temp\\';
    
        cur['java.library.path'] = 'C:\\Program Files\\Java\\jdk1.7.0_40\\jre\\bin;C:\\Windows\\Sun\\Java\\bin;C:\\Windows\\system32;C:\\Windows;C:\\Program Files\\Java\\jdk1.7.0_40/bin;C:\\Program Files\\Java\\jdk1.7.0_40/bin;C:\\Program Files\\Common Files\\Microsoft Shared\\Microsoft Online Services;C:\\Program Files (x86)\\Common Files\\Microsoft Shared\\Microsoft Online Services;C:\\Windows\\system32;C:\\Windows;C:\\Windows\\System32\\Wbem;C:\\Windows\\System32\\WindowsPowerShell\\v1.0\\;C:\\Program Files\\Java\\jdk1.7.0_40\\bin;E:\\JMeter\\apache-jmeter-2.9\\bin;D:\\ant-1.9.1\\bin;E:\\android-sdks\\platform-tools;E:\\android-sdks\\tools;C:\\Program Files\\nodejs\\;D:\\ant-1.9.1/bin;C:\\Program Files (x86)\\Skype\\Phone\\;C:\\Users\\Manoj.paragen\\AppData\\Roaming\\npm;.';
    
        cur['java.runtime.name'] = 'Java(TM) SE Runtime Environment';
    
        cur['java.runtime.version'] = '1.7.0_40-b43';
    
        cur['java.specification.name'] = 'Java Platform API Specification';
    
        cur['java.specification.vendor'] = 'Oracle Corporation';
    
        cur['java.specification.version'] = '1.7';
    
        cur['java.vendor'] = 'Oracle Corporation';
    
        cur['java.vendor.url'] = 'http://java.oracle.com/';
    
        cur['java.vendor.url.bug'] = 'http://bugreport.sun.com/bugreport/';
    
        cur['java.version'] = '1.7.0_40';
    
        cur['java.vm.info'] = 'mixed mode';
    
        cur['java.vm.name'] = 'Java HotSpot(TM) 64-Bit Server VM';
    
        cur['java.vm.specification.name'] = 'Java Virtual Machine Specification';
    
        cur['java.vm.specification.vendor'] = 'Oracle Corporation';
    
        cur['java.vm.specification.version'] = '1.7';
    
        cur['java.vm.vendor'] = 'Oracle Corporation';
    
        cur['java.vm.version'] = '24.0-b56';
    
        cur['junit.output.dir'] = 'junit';
    
        cur['line.separator'] = '\r\n';
    
        cur['os.arch'] = 'amd64';
    
        cur['os.name'] = 'Windows 7';
    
        cur['os.version'] = '6.1';
    
        cur['path.separator'] = ';';
    
        cur['source'] = '1.6';
    
        cur['sun.arch.data.model'] = '64';
    
        cur['sun.boot.class.path'] = 'C:\\Program Files\\Java\\jdk1.7.0_40\\jre\\lib\\resources.jar;C:\\Program Files\\Java\\jdk1.7.0_40\\jre\\lib\\rt.jar;C:\\Program Files\\Java\\jdk1.7.0_40\\jre\\lib\\sunrsasign.jar;C:\\Program Files\\Java\\jdk1.7.0_40\\jre\\lib\\jsse.jar;C:\\Program Files\\Java\\jdk1.7.0_40\\jre\\lib\\jce.jar;C:\\Program Files\\Java\\jdk1.7.0_40\\jre\\lib\\charsets.jar;C:\\Program Files\\Java\\jdk1.7.0_40\\jre\\lib\\jfr.jar;C:\\Program Files\\Java\\jdk1.7.0_40\\jre\\classes';
    
        cur['sun.boot.library.path'] = 'C:\\Program Files\\Java\\jdk1.7.0_40\\jre\\bin';
    
        cur['sun.cpu.endian'] = 'little';
    
        cur['sun.cpu.isalist'] = 'amd64';
    
        cur['sun.desktop'] = 'windows';
    
        cur['sun.io.unicode.encoding'] = 'UnicodeLittle';
    
        cur['sun.java.command'] = 'org.apache.tools.ant.taskdefs.optional.junit.JUnitTestRunner comcast.test.testSuite.runSeleniumTestCasesForQA filtertrace=true haltOnError=false haltOnFailure=false formatter=org.apache.tools.ant.taskdefs.optional.junit.OutErrSummaryJUnitResultFormatter showoutput=false outputtoformatters=true logfailedtests=true logtestlistenerevents=false formatter=org.apache.tools.ant.taskdefs.optional.junit.XMLJUnitResultFormatter,D:\\Watchble_New\\Watchable\\junit\\TEST-comcast.test.testSuite.runSeleniumTestCasesForQA.xml crashfile=D:\\Watchble_New\\Watchable\\junitvmwatcher5961119835832348029.properties propsfile=D:\\Watchble_New\\Watchable\\junit4862838269499523645.properties';
    
        cur['sun.java.launcher'] = 'SUN_STANDARD';
    
        cur['sun.jnu.encoding'] = 'Cp1252';
    
        cur['sun.management.compiler'] = 'HotSpot 64-Bit Tiered Compilers';
    
        cur['sun.os.patch.level'] = 'Service Pack 1';
    
        cur['target'] = '1.6';
    
        cur['user.country'] = 'US';
    
        cur['user.dir'] = 'D:\\Watchble_New\\Watchable';
    
        cur['user.home'] = 'C:\\Users\\Manoj.paragen';
    
        cur['user.language'] = 'en';
    
        cur['user.name'] = 'manoj.paragen';
    
        cur['user.script'] = '';
    
        cur['user.timezone'] = '';
    
        cur['user.variant'] = '';
    </script><script type="text/javascript" language="JavaScript">
        function displayProperties (name) {
          var win = window.open('','JUnitSystemProperties','scrollbars=1,resizable=1');
          var doc = win.document;
          doc.open();
          doc.write("<html><head><title>Properties of " + name + "</title>");
          doc.write("<style type=\"text/css\">");
          doc.write("body {font:normal 68% verdana,arial,helvetica; color:#000000; }");
          doc.write("table tr td, table tr th { font-size: 68%; }");
          doc.write("table.properties { border-collapse:collapse; border-left:solid 1 #cccccc; border-top:solid 1 #cccccc; padding:5px; }");
          doc.write("table.properties th { text-align:left; border-right:solid 1 #cccccc; border-bottom:solid 1 #cccccc; background-color:#eeeeee; }");
          doc.write("table.properties td { font:normal; text-align:left; border-right:solid 1 #cccccc; border-bottom:solid 1 #cccccc; background-color:#fffffff; }");
          doc.write("h3 { margin-bottom: 0.5em; font: bold 115% verdana,arial,helvetica }");
          doc.write("</style>");
          doc.write("</head><body>");
          doc.write("<h3>Properties of " + name + "</h3>");
          doc.write("<div align=\"right\"><a href=\"javascript:window.close();\">Close</a></div>");
          doc.write("<table class='properties'>");
          doc.write("<tr><th>Name</th><th>Value</th></tr>");
          for (prop in TestCases[name]) {
            doc.write("<tr><th>" + prop + "</th><td>" + TestCases[name][prop] + "</td></tr>");
          }
          doc.write("</table>");
          doc.write("</body></html>");
          doc.close();
          win.focus();
        }
      
      </script>
</head>
<body>
<h1>Unit Test Results.</h1>
<table width="100%">
<tr>
<td align="left"></td><td align="right">Designed for use with <a href="http://www.junit.org/">JUnit</a> and <a href="http://ant.apache.org/">Ant</a>.</td>
</tr>
</table>
<hr size="1">
<h3>Class comcast.test.testSuite.runSeleniumTestCasesForQA</h3>
<table class="details" border="0" cellpadding="5" cellspacing="2" width="95%">
<tr valign="top">
<th width="80%">Name</th><th>Tests</th><th>Errors</th><th>Failures</th><th>Skipped</th><th nowrap>Time(s)</th><th nowrap>Time Stamp</th><th>Host</th>
</tr>
<tr valign="top" class="Error">
<td><a title="Display all tests" href="0_runSeleniumTestCasesForQA.html">runSeleniumTestCasesForQA</a></td><td><a title="Display all tests" href="0_runSeleniumTestCasesForQA.html">238</a></td><td><a title="Display only errors" href="0_runSeleniumTestCasesForQA-errors.html">7</a></td><td>0</td><td>0</td><td>18246.649</td><td>2015-10-29T18:28:09</td><td>VDC01DELW0204</td>
</tr>
</table>
<h2>Tests</h2>
<table class="details" border="0" cellpadding="5" cellspacing="2" width="95%">
<tr valign="top">
<th>Name</th><th>Status</th><th width="80%">Type</th><th nowrap>Time(s)</th>
</tr>
<tr valign="top" class="TableRowColor">
<td><a name="testVerifyAllHomeCategoriesAreDisplayed"></a>testVerifyAllHomeCategoriesAreDisplayed</td><td>Success</td><td></td><td>115.636</td>
</tr>
<tr valign="top" class="TableRowColor">
<td><a name="testVerifyHeaderlinksWithoutLogin"></a>testVerifyHeaderlinksWithoutLogin</td><td>Success</td><td></td><td>71.722</td>
</tr>
<tr valign="top" class="TableRowColor">
<td><a name="testVerifyHeaderlinksWithLogin"></a>testVerifyHeaderlinksWithLogin</td><td>Success</td><td></td><td>88.422</td>
</tr>
<tr valign="top" class="TableRowColor">
<td><a name="testVerifyFooterlinksWithoutLogin"></a>testVerifyFooterlinksWithoutLogin</td><td>Success</td><td></td><td>90.282</td>
</tr>
<tr valign="top" class="TableRowColor">
<td><a name="testVerifyFooterlinksWithLogin"></a>testVerifyFooterlinksWithLogin</td><td>Success</td><td></td><td>105.589</td>
</tr>
<tr valign="top" class="TableRowColor">
<td><a name="testVerifyClickingOnWatchableHeaderLogoNavigatesHomePage"></a>testVerifyClickingOnWatchableHeaderLogoNavigatesHomePage</td><td>Success</td><td></td><td>82.910</td>
</tr>
<tr valign="top" class="TableRowColor">
<td><a name="testVerifyClickingOnWatchableFooterLogoNavigatesHomePage"></a>testVerifyClickingOnWatchableFooterLogoNavigatesHomePage</td><td>Success</td><td></td><td>99.836</td>
</tr>
<tr valign="top" class="TableRowColor">
<td><a name="testVerifyFeaturedPlaylistsAreDisplayed"></a>testVerifyFeaturedPlaylistsAreDisplayed</td><td>Success</td><td></td><td>63.934</td>
</tr>
<tr valign="top" class="TableRowColor">
<td><a name="testVerifySixVideosDisplayedInFeaturedPlaylistsSection"></a>testVerifySixVideosDisplayedInFeaturedPlaylistsSection</td><td>Success</td><td></td><td>50.176</td>
</tr>
<tr valign="top" class="TableRowColor">
<td><a name="testVerifySelectedVideoDetailsInFeaturedPlaylists"></a>testVerifySelectedVideoDetailsInFeaturedPlaylists</td><td>Success</td><td></td><td>52.381</td>
</tr>
<tr valign="top" class="TableRowColor">
<td><a name="testVerifyGenreButtonDisplayedInFeaturedPlaylistsVideos"></a>testVerifyGenreButtonDisplayedInFeaturedPlaylistsVideos</td><td>Success</td><td></td><td>56.723</td>
</tr>
<tr valign="top" class="TableRowColor">
<td><a name="testVerifyFeaturedVideosAreDisplayed"></a>testVerifyFeaturedVideosAreDisplayed</td><td>Success</td><td></td><td>78.290</td>
</tr>
<tr valign="top" class="TableRowColor">
<td><a name="testVerifyFeaturedChannelsAreDisplayed"></a>testVerifyFeaturedChannelsAreDisplayed</td><td>Success</td><td></td><td>73.229</td>
</tr>
<tr valign="top" class="TableRowColor">
<td><a name="testVerifyAllGenreCategories"></a>testVerifyAllGenreCategories</td><td>Success</td><td></td><td>69.158</td>
</tr>
<tr valign="top" class="TableRowColor">
<td><a name="testVerifyAllGenreChannelsCategories"></a>testVerifyAllGenreChannelsCategories</td><td>Success</td><td></td><td>83.771</td>
</tr>
<tr valign="top" class="TableRowColor">
<td><a name="testVerifyEightVideosDisplayedInFeaturedVideosSection"></a>testVerifyEightVideosDisplayedInFeaturedVideosSection</td><td>Success</td><td></td><td>64.494</td>
</tr>
<tr valign="top" class="TableRowColor">
<td><a name="testVerifyEightChannelsDisplayedInFeaturedShowSection"></a>testVerifyEightChannelsDisplayedInFeaturedShowSection</td><td>Success</td><td></td><td>85.541</td>
</tr>
<tr valign="top" class="TableRowColor">
<td><a name="testVerifyHomePageTitle"></a>testVerifyHomePageTitle</td><td>Success</td><td></td><td>65.340</td>
</tr>
<tr valign="top" class="TableRowColor">
<td><a name="testVerifyWatchButtonDisplayedInFeaturedPlaylistsVideos"></a>testVerifyWatchButtonDisplayedInFeaturedPlaylistsVideos</td><td>Success</td><td></td><td>42.444</td>
</tr>
<tr valign="top" class="TableRowColor">
<td><a name="testVerifyPlayIconDisplayedInFeaturedPlaylistsVideos"></a>testVerifyPlayIconDisplayedInFeaturedPlaylistsVideos</td><td>Success</td><td></td><td>63.163</td>
</tr>
<tr valign="top" class="TableRowColor">
<td><a name="testVerifyMoreLinkDisplayedInGenreShowSection"></a>testVerifyMoreLinkDisplayedInGenreShowSection</td><td>Success</td><td></td><td>71.047</td>
</tr>
<tr valign="top" class="TableRowColor">
<td><a name="testVerifyFooterWatchableLogoNotClickableInHomePage"></a>testVerifyFooterWatchableLogoNotClickableInHomePage</td><td>Success</td><td></td><td>92.308</td>
</tr>
<tr valign="top" class="TableRowColor">
<td><a name="testVerifyFooterHomeLinkNotClickableInHomePage"></a>testVerifyFooterHomeLinkNotClickableInHomePage</td><td>Success</td><td></td><td>85.407</td>
</tr>
<tr valign="top" class="TableRowColor">
<td><a name="testVerifyHeaderWatchableLogoNotClickableInHomePage"></a>testVerifyHeaderWatchableLogoNotClickableInHomePage</td><td>Success</td><td></td><td>43.325</td>
</tr>
<tr valign="top" class="TableRowColor">
<td><a name="testVeriyLogInPageContent"></a>testVeriyLogInPageContent</td><td>Success</td><td></td><td>66.803</td>
</tr>
<tr valign="top" class="TableRowColor">
<td><a name="testVerifyLoginPageDetailsWithEmptyFields"></a>testVerifyLoginPageDetailsWithEmptyFields</td><td>Success</td><td></td><td>60.171</td>
</tr>
<tr valign="top" class="TableRowColor">
<td><a name="testLoginToWatchableUsingDigits"></a>testLoginToWatchableUsingDigits</td><td>Success</td><td></td><td>77.640</td>
</tr>
<tr valign="top" class="TableRowColor">
<td><a name="testLoginToWatchableUsingInValidPassword"></a>testLoginToWatchableUsingInValidPassword</td><td>Success</td><td></td><td>74.403</td>
</tr>
<tr valign="top" class="TableRowColor">
<td><a name="testLoginToWatchableUsingInValidUserName"></a>testLoginToWatchableUsingInValidUserName</td><td>Success</td><td></td><td>71.298</td>
</tr>
<tr valign="top" class="TableRowColor">
<td><a name="testLoginToWatchableUsingJavaScript"></a>testLoginToWatchableUsingJavaScript</td><td>Success</td><td></td><td>75.263</td>
</tr>
<tr valign="top" class="TableRowColor">
<td><a name="testLoginToWatchableUsingSpecialCharacters"></a>testLoginToWatchableUsingSpecialCharacters</td><td>Success</td><td></td><td>66.975</td>
</tr>
<tr valign="top" class="TableRowColor">
<td><a name="testLoginToWatchableUsingSQLKeyWords"></a>testLoginToWatchableUsingSQLKeyWords</td><td>Success</td><td></td><td>54.036</td>
</tr>
<tr valign="top" class="TableRowColor">
<td><a name="testLoginToWatchableUsingSQLStatement"></a>testLoginToWatchableUsingSQLStatement</td><td>Success</td><td></td><td>80.490</td>
</tr>
<tr valign="top" class="TableRowColor">
<td><a name="testLoginToWatchableWithInValidCredentials"></a>testLoginToWatchableWithInValidCredentials</td><td>Success</td><td></td><td>69.045</td>
</tr>
<tr valign="top" class="TableRowColor">
<td><a name="testVerifyLoginPageMandatoryFields"></a>testVerifyLoginPageMandatoryFields</td><td>Success</td><td></td><td>61.411</td>
</tr>
<tr valign="top" class="TableRowColor">
<td><a name="testLoginToWatchableWithValidCredentials"></a>testLoginToWatchableWithValidCredentials</td><td>Success</td><td></td><td>52.124</td>
</tr>
<tr valign="top" class="TableRowColor">
<td><a name="testValidateRememberMeFunctionality"></a>testValidateRememberMeFunctionality</td><td>Success</td><td></td><td>98.122</td>
</tr>
<tr valign="top" class="TableRowColor">
<td><a name="testVerifyLogoutFromWatchable"></a>testVerifyLogoutFromWatchable</td><td>Success</td><td></td><td>107.056</td>
</tr>
<tr valign="top" class="TableRowColor">
<td><a name="testVerifyLogInFormCloseButton"></a>testVerifyLogInFormCloseButton</td><td>Success</td><td></td><td>43.560</td>
</tr>
<tr valign="top" class="TableRowColor">
<td><a name="testVerifyUserProfileMenu"></a>testVerifyUserProfileMenu</td><td>Success</td><td></td><td>69.895</td>
</tr>
<tr valign="top" class="TableRowColor">
<td><a name="testVerifyLoginPageDirectURL"></a>testVerifyLoginPageDirectURL</td><td>Success</td><td></td><td>47.933</td>
</tr>
<tr valign="top" class="TableRowColor">
<td><a name="testVeriyForgotPasswordPageContent"></a>testVeriyForgotPasswordPageContent</td><td>Success</td><td></td><td>54.667</td>
</tr>
<tr valign="top" class="TableRowColor">
<td><a name="testVerifyForgotPasswordPageDetailsWithEmptyFields"></a>testVerifyForgotPasswordPageDetailsWithEmptyFields</td><td>Success</td><td></td><td>55.526</td>
</tr>
<tr valign="top" class="TableRowColor">
<td><a name="testVerifyForgotPasswordFunctionalityWithNoEmail"></a>testVerifyForgotPasswordFunctionalityWithNoEmail</td><td>Success</td><td></td><td>56.646</td>
</tr>
<tr valign="top" class="TableRowColor">
<td><a name="testVerifyForgotPasswordWithInValidEmailIdFormat"></a>testVerifyForgotPasswordWithInValidEmailIdFormat</td><td>Success</td><td></td><td>50.336</td>
</tr>
<tr valign="top" class="TableRowColor">
<td><a name="testVerifyForgotPasswordWithInValidEmailId"></a>testVerifyForgotPasswordWithInValidEmailId</td><td>Success</td><td></td><td>60.077</td>
</tr>
<tr valign="top" class="TableRowColor">
<td><a name="testVerifyForgotPasswordFunctionalityWithValidEmail"></a>testVerifyForgotPasswordFunctionalityWithValidEmail</td><td>Success</td><td></td><td>67.644</td>
</tr>
<tr valign="top" class="TableRowColor">
<td><a name="testVerifyForgotPasswordFormCloseButton"></a>testVerifyForgotPasswordFormCloseButton</td><td>Success</td><td></td><td>52.418</td>
</tr>
<tr valign="top" class="TableRowColor">
<td><a name="testVeriyResetPasswordPageContent"></a>testVeriyResetPasswordPageContent</td><td>Success</td><td></td><td>75.669</td>
</tr>
<tr valign="top" class="TableRowColor">
<td><a name="testVerifyChangePasswordPageDetailsWithEmptyFields"></a>testVerifyChangePasswordPageDetailsWithEmptyFields</td><td>Success</td><td></td><td>73.956</td>
</tr>
<tr valign="top" class="TableRowColor">
<td><a name="testVerifyChangePasswordMandatoryFields"></a>testVerifyChangePasswordMandatoryFields</td><td>Success</td><td></td><td>75.205</td>
</tr>
<tr valign="top" class="TableRowColor">
<td><a name="testValidateChangePassByEnteringCurrentPassword"></a>testValidateChangePassByEnteringCurrentPassword</td><td>Success</td><td></td><td>87.200</td>
</tr>
<tr valign="top" class="TableRowColor">
<td><a name="testValidateChangePassByEnteringCurrentPassword"></a>testValidateChangePassByEnteringCurrentPassword</td><td>Success</td><td></td><td>79.562</td>
</tr>
<tr valign="top" class="TableRowColor">
<td><a name="testValidateNewPasswordAndConfirmPasswordMatch"></a>testValidateNewPasswordAndConfirmPasswordMatch</td><td>Success</td><td></td><td>87.308</td>
</tr>
<tr valign="top" class="TableRowColor">
<td><a name="testVerifyChangePasswordFunctionality"></a>testVerifyChangePasswordFunctionality</td><td>Success</td><td></td><td>45.135</td>
</tr>
<tr valign="top" class="TableRowColor">
<td><a name="testVerifyResetPasswordFormCloseButton"></a>testVerifyResetPasswordFormCloseButton</td><td>Success</td><td></td><td>76.232</td>
</tr>
<tr valign="top" class="TableRowColor">
<td><a name="testVeriySignUpPageContent"></a>testVeriySignUpPageContent</td><td>Success</td><td></td><td>54.582</td>
</tr>
<tr valign="top" class="TableRowColor">
<td><a name="testRegToWatchableWithoutProvidingAnyDetails"></a>testRegToWatchableWithoutProvidingAnyDetails</td><td>Success</td><td></td><td>56.698</td>
</tr>
<tr valign="top" class="TableRowColor">
<td><a name="testValidateCaptchaMandarotyField"></a>testValidateCaptchaMandarotyField</td><td>Success</td><td></td><td>62.843</td>
</tr>
<tr valign="top" class="TableRowColor">
<td><a name="testRegToWatchableByEnteringExistingEmailID"></a>testRegToWatchableByEnteringExistingEmailID</td><td>Success</td><td></td><td>55.350</td>
</tr>
<tr valign="top" class="TableRowColor">
<td><a name="testRegToWatchableByEnteringInValidEmail"></a>testRegToWatchableByEnteringInValidEmail</td><td>Success</td><td></td><td>56.498</td>
</tr>
<tr valign="top" class="Error">
<td><a name="testRegToWatchableWithoutEnteringEmail"></a>testRegToWatchableWithoutEnteringEmail</td><td>Error</td><td>invalid element state: Element is not currently interactable and may not be manipulated
  (Session info: chrome=46.0.2490.80)
  (Driver info: chromedriver=2.9.248315,platform=Windows NT 6.1 SP1 x86_64) (WARNING: The server did not provide any stacktrace information)
Command duration or timeout: 664 milliseconds
Build info: version: '2.43.1', revision: '5163bce', time: '2014-09-10 16:27:33'
System info: host: 'VDC01DELW0204', ip: '192.168.162.28', os.name: 'Windows 7', os.arch: 'amd64', os.version: '6.1', java.version: '1.7.0_40'
Session ID: 3525f9f16911e66507c99d73ccd24765
Driver info: org.openqa.selenium.chrome.ChromeDriver
Capabilities [{platform=XP, acceptSslCerts=true, javascriptEnabled=true, browserName=chrome, chrome={userDataDir=C:\Users\MANOJ~1.PAR\AppData\Local\Temp\scoped_dir4876_9189}, rotatable=false, locationContextEnabled=true, version=46.0.2490.80, takesHeapSnapshot=true, cssSelectorsEnabled=true, databaseEnabled=false, handlesAlerts=true, browserConnectionEnabled=false, nativeEvents=true, webStorageEnabled=true, applicationCacheEnabled=false, takesScreenshot=true}]<br>
<br>
<code>org.openqa.selenium.InvalidElementStateException: invalid element state: Element is not currently interactable and may not be manipulated<br>  (Session info: chrome=46.0.2490.80)<br>  (Driver info: chromedriver=2.9.248315,platform=Windows NT 6.1 SP1 x86_64) (WARNING: The server did not provide any stacktrace information)<br>Command duration or timeout: 664 milliseconds<br>Build info: version: '2.43.1', revision: '5163bce', time: '2014-09-10 16:27:33'<br>System info: host: 'VDC01DELW0204', ip: '192.168.162.28', os.name: 'Windows 7', os.arch: 'amd64', os.version: '6.1', java.version: '1.7.0_40'<br>Session ID: 3525f9f16911e66507c99d73ccd24765<br>Driver info: org.openqa.selenium.chrome.ChromeDriver<br>Capabilities [{platform=XP, acceptSslCerts=true, javascriptEnabled=true, browserName=chrome, chrome={userDataDir=C:\Users\MANOJ~1.PAR\AppData\Local\Temp\scoped_dir4876_9189}, rotatable=false, locationContextEnabled=true, version=46.0.2490.80, takesHeapSnapshot=true, cssSelectorsEnabled=true, databaseEnabled=false, handlesAlerts=true, browserConnectionEnabled=false, nativeEvents=true, webStorageEnabled=true, applicationCacheEnabled=false, takesScreenshot=true}]<br>	at java.lang.reflect.Constructor.newInstance(Constructor.java:526)<br>	at org.openqa.selenium.remote.ErrorHandler.createThrowable(ErrorHandler.java:204)<br>	at org.openqa.selenium.remote.ErrorHandler.throwIfResponseFailed(ErrorHandler.java:156)<br>	at org.openqa.selenium.remote.RemoteWebDriver.execute(RemoteWebDriver.java:599)<br>	at org.openqa.selenium.remote.RemoteWebElement.execute(RemoteWebElement.java:268)<br>	at org.openqa.selenium.remote.RemoteWebElement.clear(RemoteWebElement.java:113)<br>	at comcast.test.app.testCases.signUp.signUpFunctions.SignUpFun.enterSignUpDetails(SignUpFun.java:176)<br>	at comcast.test.app.testCases.signUp.RegToWatchableWithoutEnteringEmail.testRegToWatchableWithoutEnteringEmail(RegToWatchableWithoutEnteringEmail.java:52)<br>
</code></td><td>52.058</td>
</tr>
<tr valign="top" class="TableRowColor">
<td><a name="testRegToWatchableByProvidingDifferentConfPass"></a>testRegToWatchableByProvidingDifferentConfPass</td><td>Success</td><td></td><td>60.521</td>
</tr>
<tr valign="top" class="TableRowColor">
<td><a name="testRegToWatchableWithoutEnteringConfPass"></a>testRegToWatchableWithoutEnteringConfPass</td><td>Success</td><td></td><td>64.534</td>
</tr>
<tr valign="top" class="TableRowColor">
<td><a name="testRegisterToWatchableByEnteringInValidLengthOfPassword"></a>testRegisterToWatchableByEnteringInValidLengthOfPassword</td><td>Success</td><td></td><td>55.661</td>
</tr>
<tr valign="top" class="TableRowColor">
<td><a name="testRegisterToWatchableByEnteringNonCapitalLetterPassword"></a>testRegisterToWatchableByEnteringNonCapitalLetterPassword</td><td>Success</td><td></td><td>49.560</td>
</tr>
<tr valign="top" class="TableRowColor">
<td><a name="testRegisterToWatchableByEnteringNonDigitPassword"></a>testRegisterToWatchableByEnteringNonDigitPassword</td><td>Success</td><td></td><td>46.182</td>
</tr>
<tr valign="top" class="TableRowColor">
<td><a name="testRegisterToWatchableWithoutEnteringPassword"></a>testRegisterToWatchableWithoutEnteringPassword</td><td>Success</td><td></td><td>55.858</td>
</tr>
<tr valign="top" class="TableRowColor">
<td><a name="testRegToWatchableWithoutSelectingACheckBox"></a>testRegToWatchableWithoutSelectingACheckBox</td><td>Success</td><td></td><td>51.405</td>
</tr>
<tr valign="top" class="TableRowColor">
<td><a name="testVerifySignUpFormCloseButton"></a>testVerifySignUpFormCloseButton</td><td>Success</td><td></td><td>41.374</td>
</tr>
<tr valign="top" class="TableRowColor">
<td><a name="testVerifySignUpPageDirectURL"></a>testVerifySignUpPageDirectURL</td><td>Success</td><td></td><td>33.490</td>
</tr>
<tr valign="top" class="TableRowColor">
<td><a name="testVeriyCaptchaContents"></a>testVeriyCaptchaContents</td><td>Success</td><td></td><td>39.112</td>
</tr>
<tr valign="top" class="TableRowColor">
<td><a name="testVerifyCaptchaButton"></a>testVerifyCaptchaButton</td><td>Success</td><td></td><td>49.262</td>
</tr>
<tr valign="top" class="TableRowColor">
<td><a name="testVerifyCaptchaPrivacyLink"></a>testVerifyCaptchaPrivacyLink</td><td>Success</td><td></td><td>48.705</td>
</tr>
<tr valign="top" class="TableRowColor">
<td><a name="testVerifyCaptchaTermsLink"></a>testVerifyCaptchaTermsLink</td><td>Success</td><td></td><td>47.651</td>
</tr>
<tr valign="top" class="TableRowColor">
<td><a name="testVerifyPresenceOfTermsOfServiceLinkInSignUpForm"></a>testVerifyPresenceOfTermsOfServiceLinkInSignUpForm</td><td>Success</td><td></td><td>37.855</td>
</tr>
<tr valign="top" class="TableRowColor">
<td><a name="testVerifyPresenceOfPrivacyPolicyLinkInSignUpForm"></a>testVerifyPresenceOfPrivacyPolicyLinkInSignUpForm</td><td>Success</td><td></td><td>36.790</td>
</tr>
<tr valign="top" class="TableRowColor">
<td><a name="testVerifyPrivacyPolicyLinkClickableInSignUpForm"></a>testVerifyPrivacyPolicyLinkClickableInSignUpForm</td><td>Success</td><td></td><td>38.068</td>
</tr>
<tr valign="top" class="TableRowColor">
<td><a name="testVerifyTermsOfServiceLinkClickableInSignUpForm"></a>testVerifyTermsOfServiceLinkClickableInSignUpForm</td><td>Success</td><td></td><td>34.816</td>
</tr>
<tr valign="top" class="TableRowColor">
<td><a name="testVeriyContactUsPageContent"></a>testVeriyContactUsPageContent</td><td>Success</td><td></td><td>66.686</td>
</tr>
<tr valign="top" class="TableRowColor">
<td><a name="testVerifyContactUsMandatoryFields"></a>testVerifyContactUsMandatoryFields</td><td>Success</td><td></td><td>86.606</td>
</tr>
<tr valign="top" class="TableRowColor">
<td><a name="testVerifyResetButtonFunctionality"></a>testVerifyResetButtonFunctionality</td><td>Success</td><td></td><td>85.779</td>
</tr>
<tr valign="top" class="TableRowColor">
<td><a name="testValidateCaptchaByEnteringInvalidKey"></a>testValidateCaptchaByEnteringInvalidKey</td><td>Success</td><td></td><td>94.053</td>
</tr>
<tr valign="top" class="TableRowColor">
<td><a name="testVerifyContactUsFormCloseButton"></a>testVerifyContactUsFormCloseButton</td><td>Success</td><td></td><td>58.243</td>
</tr>
<tr valign="top" class="TableRowColor">
<td><a name="testVeriyContactUsCaptchaButton"></a>testVeriyContactUsCaptchaButton</td><td>Success</td><td></td><td>78.242</td>
</tr>
<tr valign="top" class="TableRowColor">
<td><a name="testVeriyContactUsCaptchaPrivacyLink"></a>testVeriyContactUsCaptchaPrivacyLink</td><td>Success</td><td></td><td>71.158</td>
</tr>
<tr valign="top" class="TableRowColor">
<td><a name="testVeriyContactUsCaptchaTermsLink"></a>testVeriyContactUsCaptchaTermsLink</td><td>Success</td><td></td><td>70.868</td>
</tr>
<tr valign="top" class="TableRowColor">
<td><a name="testVerifyClickingOnHomeFooterLinkNavigatesHomePage"></a>testVerifyClickingOnHomeFooterLinkNavigatesHomePage</td><td>Success</td><td></td><td>73.425</td>
</tr>
<tr valign="top" class="TableRowColor">
<td><a name="testVerifyHelpLinkTitle"></a>testVerifyHelpLinkTitle</td><td>Success</td><td></td><td>51.571</td>
</tr>
<tr valign="top" class="TableRowColor">
<td><a name="testVerifyHelpLink"></a>testVerifyHelpLink</td><td>Success</td><td></td><td>50.812</td>
</tr>
<tr valign="top" class="TableRowColor">
<td><a name="testVerifyPrivacyPolicyLinkTitle"></a>testVerifyPrivacyPolicyLinkTitle</td><td>Success</td><td></td><td>66.022</td>
</tr>
<tr valign="top" class="TableRowColor">
<td><a name="testVerifyPrivacyPolicyLink"></a>testVerifyPrivacyPolicyLink</td><td>Success</td><td></td><td>50.918</td>
</tr>
<tr valign="top" class="TableRowColor">
<td><a name="testVerifyTermsOfUseLinkTitle"></a>testVerifyTermsOfUseLinkTitle</td><td>Success</td><td></td><td>47.066</td>
</tr>
<tr valign="top" class="TableRowColor">
<td><a name="testVerifyTermsOfUseLink"></a>testVerifyTermsOfUseLink</td><td>Success</td><td></td><td>51.942</td>
</tr>
<tr valign="top" class="TableRowColor">
<td><a name="testVerifyAdChoicesLinkTitle"></a>testVerifyAdChoicesLinkTitle</td><td>Success</td><td></td><td>52.946</td>
</tr>
<tr valign="top" class="TableRowColor">
<td><a name="testVerifyAdChoicesLink"></a>testVerifyAdChoicesLink</td><td>Success</td><td></td><td>61.852</td>
</tr>
<tr valign="top" class="TableRowColor">
<td><a name="testVerifyClickOnWatchableLogoFromHelpPageNavigatesHomePage"></a>testVerifyClickOnWatchableLogoFromHelpPageNavigatesHomePage</td><td>Success</td><td></td><td>63.412</td>
</tr>
<tr valign="top" class="TableRowColor">
<td><a name="testVerifyCopyRightText"></a>testVerifyCopyRightText</td><td>Success</td><td></td><td>65.739</td>
</tr>
<tr valign="top" class="TableRowColor">
<td><a name="testVerifyHelpPageTitle"></a>testVerifyHelpPageTitle</td><td>Success</td><td></td><td>75.402</td>
</tr>
<tr valign="top" class="TableRowColor">
<td><a name="testVerifyClickingOnHomeFooterLinkFromHelpPageNavigatesHomePage"></a>testVerifyClickingOnHomeFooterLinkFromHelpPageNavigatesHomePage</td><td>Success</td><td></td><td>96.279</td>
</tr>
<tr valign="top" class="TableRowColor">
<td><a name="testVerifyUserNavigatingToHomePageLogoutFromHelpPage"></a>testVerifyUserNavigatingToHomePageLogoutFromHelpPage</td><td>Success</td><td></td><td>123.068</td>
</tr>
<tr valign="top" class="TableRowColor">
<td><a name="testVerifyNavigationToChannelPage"></a>testVerifyNavigationToChannelPage</td><td>Success</td><td></td><td>63.608</td>
</tr>
<tr valign="top" class="TableRowColor">
<td><a name="testVerifyChannelDetailPageContent"></a>testVerifyChannelDetailPageContent</td><td>Success</td><td></td><td>75.359</td>
</tr>
<tr valign="top" class="TableRowColor">
<td><a name="testVerifyChannelDetailPageVideoSectionContent"></a>testVerifyChannelDetailPageVideoSectionContent</td><td>Success</td><td></td><td>64.928</td>
</tr>
<tr valign="top" class="TableRowColor">
<td><a name="testVerifyOtherChannelsSectionContent"></a>testVerifyOtherChannelsSectionContent</td><td>Success</td><td></td><td>95.838</td>
</tr>
<tr valign="top" class="TableRowColor">
<td><a name="testVerifyNavigationToProviderPageFromOtherChannelsSection"></a>testVerifyNavigationToProviderPageFromOtherChannelsSection</td><td>Success</td><td></td><td>106.717</td>
</tr>
<tr valign="top" class="TableRowColor">
<td><a name="testVerifyNextButton"></a>testVerifyNextButton</td><td>Success</td><td></td><td>167.284</td>
</tr>
<tr valign="top" class="TableRowColor">
<td><a name="testVerifyPreviousButton"></a>testVerifyPreviousButton</td><td>Success</td><td></td><td>278.800</td>
</tr>
<tr valign="top" class="TableRowColor">
<td><a name="testVeriyVideoLastUpdatedInChannelPage"></a>testVeriyVideoLastUpdatedInChannelPage</td><td>Success</td><td></td><td>76.595</td>
</tr>
<tr valign="top" class="TableRowColor">
<td><a name="testVerifyingClickOnChannlFromOtherChannelsSection"></a>testVerifyingClickOnChannlFromOtherChannelsSection</td><td>Success</td><td></td><td>95.379</td>
</tr>
<tr valign="top" class="TableRowColor">
<td><a name="testVerifyChannelPageTitle"></a>testVerifyChannelPageTitle</td><td>Success</td><td></td><td>49.006</td>
</tr>
<tr valign="top" class="TableRowColor">
<td><a name="testVerifyNavigationToChannelPageFromFeaturedVideos"></a>testVerifyNavigationToChannelPageFromFeaturedVideos</td><td>Success</td><td></td><td>50.173</td>
</tr>
<tr valign="top" class="TableRowColor">
<td><a name="testVerifyClickOnWatchableLogoFromShowPageNavigatesHomePage"></a>testVerifyClickOnWatchableLogoFromShowPageNavigatesHomePage</td><td>Success</td><td></td><td>70.828</td>
</tr>
<tr valign="top" class="TableRowColor">
<td><a name="testVerifyClickingOnHomeFooterLinkFromShowPageNavigatesHomePage"></a>testVerifyClickingOnHomeFooterLinkFromShowPageNavigatesHomePage</td><td>Success</td><td></td><td>64.344</td>
</tr>
<tr valign="top" class="TableRowColor">
<td><a name="testVerifyUserNavigatingToHomePageLogoutFromShowsPage"></a>testVerifyUserNavigatingToHomePageLogoutFromShowsPage</td><td>Success</td><td></td><td>99.456</td>
</tr>
<tr valign="top" class="TableRowColor">
<td><a name="testVerifyNavigationToProviderPage"></a>testVerifyNavigationToProviderPage</td><td>Success</td><td></td><td>73.309</td>
</tr>
<tr valign="top" class="TableRowColor">
<td><a name="testVerifyProviderDetailPageContent"></a>testVerifyProviderDetailPageContent</td><td>Success</td><td></td><td>79.470</td>
</tr>
<tr valign="top" class="TableRowColor">
<td><a name="testVerifyChannelSection"></a>testVerifyChannelSection</td><td>Success</td><td></td><td>66.142</td>
</tr>
<tr valign="top" class="TableRowColor">
<td><a name="testVerifyChannelVideoCount"></a>testVerifyChannelVideoCount</td><td>Success</td><td></td><td>78.818</td>
</tr>
<tr valign="top" class="TableRowColor">
<td><a name="testVerifyingClickOnChannlNavigatingToChannelPage"></a>testVerifyingClickOnChannlNavigatingToChannelPage</td><td>Success</td><td></td><td>122.144</td>
</tr>
<tr valign="top" class="TableRowColor">
<td><a name="testVerifyClickOnWatchableLogoFromProviderPageNavigatesHomePage"></a>testVerifyClickOnWatchableLogoFromProviderPageNavigatesHomePage</td><td>Success</td><td></td><td>77.865</td>
</tr>
<tr valign="top" class="TableRowColor">
<td><a name="testVerifyProviderPageTitle"></a>testVerifyProviderPageTitle</td><td>Success</td><td></td><td>75.117</td>
</tr>
<tr valign="top" class="TableRowColor">
<td><a name="testVerifyNavigationToProviderPageFromFeaturedShows"></a>testVerifyNavigationToProviderPageFromFeaturedShows</td><td>Success</td><td></td><td>60.415</td>
</tr>
<tr valign="top" class="TableRowColor">
<td><a name="testVerifyClickingOnHomeFooterLinkFromProviderPageNavigatesHomePage"></a>testVerifyClickingOnHomeFooterLinkFromProviderPageNavigatesHomePage</td><td>Success</td><td></td><td>101.303</td>
</tr>
<tr valign="top" class="TableRowColor">
<td><a name="testVerifyUserNavigatingToHomePageLogoutFromProvidePage"></a>testVerifyUserNavigatingToHomePageLogoutFromProvidePage</td><td>Success</td><td></td><td>127.244</td>
</tr>
<tr valign="top" class="TableRowColor">
<td><a name="testVerifySearchResultPageContentWithResult"></a>testVerifySearchResultPageContentWithResult</td><td>Success</td><td></td><td>47.320</td>
</tr>
<tr valign="top" class="TableRowColor">
<td><a name="testVerifySearchResultPageContentWithOutResult"></a>testVerifySearchResultPageContentWithOutResult</td><td>Success</td><td></td><td>45.300</td>
</tr>
<tr valign="top" class="TableRowColor">
<td><a name="testSearchWithChannelName"></a>testSearchWithChannelName</td><td>Success</td><td></td><td>58.104</td>
</tr>
<tr valign="top" class="TableRowColor">
<td><a name="testSearchWithChannelId"></a>testSearchWithChannelId</td><td>Success</td><td></td><td>50.870</td>
</tr>
<tr valign="top" class="TableRowColor">
<td><a name="testSearchWithVideoName"></a>testSearchWithVideoName</td><td>Success</td><td></td><td>51.266</td>
</tr>
<tr valign="top" class="TableRowColor">
<td><a name="testSearchWithVideoId"></a>testSearchWithVideoId</td><td>Success</td><td></td><td>58.284</td>
</tr>
<tr valign="top" class="TableRowColor">
<td><a name="testSearchWithProviderName"></a>testSearchWithProviderName</td><td>Success</td><td></td><td>56.899</td>
</tr>
<tr valign="top" class="TableRowColor">
<td><a name="testSearchWithProviderId"></a>testSearchWithProviderId</td><td>Success</td><td></td><td>61.257</td>
</tr>
<tr valign="top" class="TableRowColor">
<td><a name="testSearchWithInvalidKey"></a>testSearchWithInvalidKey</td><td>Success</td><td></td><td>40.673</td>
</tr>
<tr valign="top" class="TableRowColor">
<td><a name="testSearchWithDigitsKey"></a>testSearchWithDigitsKey</td><td>Success</td><td></td><td>58.413</td>
</tr>
<tr valign="top" class="TableRowColor">
<td><a name="testSearchWithSpecialCharacters"></a>testSearchWithSpecialCharacters</td><td>Success</td><td></td><td>53.962</td>
</tr>
<tr valign="top" class="TableRowColor">
<td><a name="testVerifyBackToHomepageLinkWhenNoResult"></a>testVerifyBackToHomepageLinkWhenNoResult</td><td>Success</td><td></td><td>55.458</td>
</tr>
<tr valign="top" class="TableRowColor">
<td><a name="testVerifyClickOnWatchableLogoFromSearchResultPageNavigatesHomePage"></a>testVerifyClickOnWatchableLogoFromSearchResultPageNavigatesHomePage</td><td>Success</td><td></td><td>45.227</td>
</tr>
<tr valign="top" class="TableRowColor">
<td><a name="testVerifySearchResultPageTitle"></a>testVerifySearchResultPageTitle</td><td>Success</td><td></td><td>36.099</td>
</tr>
<tr valign="top" class="TableRowColor">
<td><a name="testVerifyNavigatingToShowPageFromShowSectionFromSearchResult"></a>testVerifyNavigatingToShowPageFromShowSectionFromSearchResult</td><td>Success</td><td></td><td>48.769</td>
</tr>
<tr valign="top" class="TableRowColor">
<td><a name="testVerifyNavigatingToShowPageFromVideoSectionFromSearchResult"></a>testVerifyNavigatingToShowPageFromVideoSectionFromSearchResult</td><td>Success</td><td></td><td>48.564</td>
</tr>
<tr valign="top" class="TableRowColor">
<td><a name="testVerifyClickingOnHomeFooterLinkFromSearchResultPageNavigatesHomePage"></a>testVerifyClickingOnHomeFooterLinkFromSearchResultPageNavigatesHomePage</td><td>Success</td><td></td><td>78.015</td>
</tr>
<tr valign="top" class="TableRowColor">
<td><a name="testVerifyUserNavigatingToHomePageLogoutFromSearchResultPage"></a>testVerifyUserNavigatingToHomePageLogoutFromSearchResultPage</td><td>Success</td><td></td><td>92.848</td>
</tr>
<tr valign="top" class="TableRowColor">
<td><a name="testVeriyMyWatchlistTitle"></a>testVeriyMyWatchlistTitle</td><td>Success</td><td></td><td>26.852</td>
</tr>
<tr valign="top" class="TableRowColor">
<td><a name="testVeriyClickOnMyWatchlistWithOutLogin"></a>testVeriyClickOnMyWatchlistWithOutLogin</td><td>Success</td><td></td><td>32.074</td>
</tr>
<tr valign="top" class="TableRowColor">
<td><a name="testVerifyNavigatingToMyWatchlistAfterLoginFromPopup"></a>testVerifyNavigatingToMyWatchlistAfterLoginFromPopup</td><td>Success</td><td></td><td>48.337</td>
</tr>
<tr valign="top" class="TableRowColor">
<td><a name="testVerifyNavigatingToMyWatchlistAfterLogin"></a>testVerifyNavigatingToMyWatchlistAfterLogin</td><td>Success</td><td></td><td>52.421</td>
</tr>
<tr valign="top" class="TableRowColor">
<td><a name="testVerifyNavigatingToChannelPageFromMyWatchlistPage"></a>testVerifyNavigatingToChannelPageFromMyWatchlistPage</td><td>Success</td><td></td><td>65.425</td>
</tr>
<tr valign="top" class="TableRowColor">
<td><a name="testVerifyChannelNameDisplayInMyWatchlistPageWhenVideosPresent"></a>testVerifyChannelNameDisplayInMyWatchlistPageWhenVideosPresent</td><td>Success</td><td></td><td>55.204</td>
</tr>
<tr valign="top" class="TableRowColor">
<td><a name="testVerifyMyWatchlistPageContentWhenVideosPresent"></a>testVerifyMyWatchlistPageContentWhenVideosPresent</td><td>Success</td><td></td><td>56.094</td>
</tr>
<tr valign="top" class="TableRowColor">
<td><a name="testVerifyMyWatchlistPageContentWhenVideosNotPresent"></a>testVerifyMyWatchlistPageContentWhenVideosNotPresent</td><td>Success</td><td></td><td>61.113</td>
</tr>
<tr valign="top" class="TableRowColor">
<td><a name="testVerifyNavigatingToChannelPageFromMyWatchlist"></a>testVerifyNavigatingToChannelPageFromMyWatchlist</td><td>Success</td><td></td><td>124.057</td>
</tr>
<tr valign="top" class="TableRowColor">
<td><a name="testVerifyUserNavigatingToHomePageLogoutFromMyWatchlist"></a>testVerifyUserNavigatingToHomePageLogoutFromMyWatchlist</td><td>Success</td><td></td><td>104.066</td>
</tr>
<tr valign="top" class="TableRowColor">
<td><a name="testVerifyClickOnWatchableLogoFromMyWatchlistPageNavigatesHomePage"></a>testVerifyClickOnWatchableLogoFromMyWatchlistPageNavigatesHomePage</td><td>Success</td><td></td><td>66.595</td>
</tr>
<tr valign="top" class="TableRowColor">
<td><a name="testVerifyMyWatchlistPageTitle"></a>testVerifyMyWatchlistPageTitle</td><td>Success</td><td></td><td>54.679</td>
</tr>
<tr valign="top" class="TableRowColor">
<td><a name="testVerifyNavigatingToShowsPageFromFeaturedShowsSectionOfMyShows"></a>testVerifyNavigatingToShowsPageFromFeaturedShowsSectionOfMyShows</td><td>Success</td><td></td><td>67.652</td>
</tr>
<tr valign="top" class="TableRowColor">
<td><a name="testVerifyMyWatchlistPageVideosSectionDetails"></a>testVerifyMyWatchlistPageVideosSectionDetails</td><td>Success</td><td></td><td>60.666</td>
</tr>
<tr valign="top" class="TableRowColor">
<td><a name="testVerifyNavigatingToShowPageAfterClickingOnShowTitle"></a>testVerifyNavigatingToShowPageAfterClickingOnShowTitle</td><td>Success</td><td></td><td>67.228</td>
</tr>
<tr valign="top" class="TableRowColor">
<td><a name="testVerifyClickingOnHomeFooterLinkFromMyShowsPageNavigatesHomePage"></a>testVerifyClickingOnHomeFooterLinkFromMyShowsPageNavigatesHomePage</td><td>Success</td><td></td><td>113.579</td>
</tr>
<tr valign="top" class="TableRowColor">
<td><a name="testVerifyFollowFromChannelPageWithoutLogin"></a>testVerifyFollowFromChannelPageWithoutLogin</td><td>Success</td><td></td><td>71.405</td>
</tr>
<tr valign="top" class="TableRowColor">
<td><a name="testVerifyFollowFromVideoPageWithoutLogin"></a>testVerifyFollowFromVideoPageWithoutLogin</td><td>Success</td><td></td><td>83.430</td>
</tr>
<tr valign="top" class="TableRowColor">
<td><a name="testVerifyFollowFromVideoControlWithoutLogin"></a>testVerifyFollowFromVideoControlWithoutLogin</td><td>Success</td><td></td><td>93.757</td>
</tr>
<tr valign="top" class="TableRowColor">
<td><a name="testVerifyFollowFromChannelPageAfterLogin"></a>testVerifyFollowFromChannelPageAfterLogin</td><td>Success</td><td></td><td>66.589</td>
</tr>
<tr valign="top" class="TableRowColor">
<td><a name="testVerifyFollowFromVideoPageAfterLogin"></a>testVerifyFollowFromVideoPageAfterLogin</td><td>Success</td><td></td><td>127.287</td>
</tr>
<tr valign="top" class="TableRowColor">
<td><a name="testVerifyFollowFromVideoControlAfterLogin"></a>testVerifyFollowFromVideoControlAfterLogin</td><td>Success</td><td></td><td>111.735</td>
</tr>
<tr valign="top" class="TableRowColor">
<td><a name="testVerifyUnfollowConfirmationPopupDisplay"></a>testVerifyUnfollowConfirmationPopupDisplay</td><td>Success</td><td></td><td>70.144</td>
</tr>
<tr valign="top" class="TableRowColor">
<td><a name="testVerifyUnfollowFromChannelPage"></a>testVerifyUnfollowFromChannelPage</td><td>Success</td><td></td><td>54.216</td>
</tr>
<tr valign="top" class="TableRowColor">
<td><a name="testVerifyUnfollowFromVideoPage"></a>testVerifyUnfollowFromVideoPage</td><td>Success</td><td></td><td>129.049</td>
</tr>
<tr valign="top" class="TableRowColor">
<td><a name="testVerifyUnfollowFromVideoPlayerControls"></a>testVerifyUnfollowFromVideoPlayerControls</td><td>Success</td><td></td><td>54.991</td>
</tr>
<tr valign="top" class="TableRowColor">
<td><a name="testVerifyFollowConfirmationPopupDisplay"></a>testVerifyFollowConfirmationPopupDisplay</td><td>Success</td><td></td><td>87.758</td>
</tr>
<tr valign="top" class="TableRowColor">
<td><a name="testVerifyPresenceOfSocialSharingFunctionalityInVideoControls"></a>testVerifyPresenceOfSocialSharingFunctionalityInVideoControls</td><td>Success</td><td></td><td>84.356</td>
</tr>
<tr valign="top" class="TableRowColor">
<td><a name="testVerifyFacebookFunctionalityFromVideoControls"></a>testVerifyFacebookFunctionalityFromVideoControls</td><td>Success</td><td></td><td>108.917</td>
</tr>
<tr valign="top" class="Error">
<td><a name="testVerifyTwitterFunctionalityFromVideoControls"></a>testVerifyTwitterFunctionalityFromVideoControls</td><td>Error</td><td>Timed out after 30 seconds waiting for element to be clickable: By.xpath: //div[@id='player_container']/descendant::li[@class='share']/descendant::li[2]
Build info: version: '2.43.1', revision: '5163bce', time: '2014-09-10 16:27:33'
System info: host: 'VDC01DELW0204', ip: '192.168.162.28', os.name: 'Windows 7', os.arch: 'amd64', os.version: '6.1', java.version: '1.7.0_40'
Session ID: 8e3be7d9c2df5b1a4a422b5e5782cd77
Driver info: org.openqa.selenium.chrome.ChromeDriver
Capabilities [{platform=XP, acceptSslCerts=true, javascriptEnabled=true, browserName=chrome, chrome={userDataDir=C:\Users\MANOJ~1.PAR\AppData\Local\Temp\scoped_dir2124_18339}, rotatable=false, locationContextEnabled=true, version=46.0.2490.80, takesHeapSnapshot=true, cssSelectorsEnabled=true, databaseEnabled=false, handlesAlerts=true, browserConnectionEnabled=false, nativeEvents=true, webStorageEnabled=true, applicationCacheEnabled=false, takesScreenshot=true}]<br>
<br>
<code>org.openqa.selenium.TimeoutException: Timed out after 30 seconds waiting for element to be clickable: By.xpath: //div[@id='player_container']/descendant::li[@class='share']/descendant::li[2]<br>Build info: version: '2.43.1', revision: '5163bce', time: '2014-09-10 16:27:33'<br>System info: host: 'VDC01DELW0204', ip: '192.168.162.28', os.name: 'Windows 7', os.arch: 'amd64', os.version: '6.1', java.version: '1.7.0_40'<br>Session ID: 8e3be7d9c2df5b1a4a422b5e5782cd77<br>Driver info: org.openqa.selenium.chrome.ChromeDriver<br>Capabilities [{platform=XP, acceptSslCerts=true, javascriptEnabled=true, browserName=chrome, chrome={userDataDir=C:\Users\MANOJ~1.PAR\AppData\Local\Temp\scoped_dir2124_18339}, rotatable=false, locationContextEnabled=true, version=46.0.2490.80, takesHeapSnapshot=true, cssSelectorsEnabled=true, databaseEnabled=false, handlesAlerts=true, browserConnectionEnabled=false, nativeEvents=true, webStorageEnabled=true, applicationCacheEnabled=false, takesScreenshot=true}]<br>	at org.openqa.selenium.support.ui.WebDriverWait.timeoutException(WebDriverWait.java:79)<br>	at org.openqa.selenium.support.ui.FluentWait.until(FluentWait.java:228)<br>	at comcast.test.app.testCases.socialSharing.socialSharingFunctions.SocialSharingFun.clickonTwitterButtonFromPlayer(SocialSharingFun.java:208)<br>	at comcast.test.app.testCases.socialSharing.VerifyTwitterFunctionalityFromVideoControls.testVerifyTwitterFunctionalityFromVideoControls(VerifyTwitterFunctionalityFromVideoControls.java:89)<br>
</code></td><td>130.684</td>
</tr>
<tr valign="top" class="Error">
<td><a name="testVerifyEmailFunctionalityFromVideoControls"></a>testVerifyEmailFunctionalityFromVideoControls</td><td>Error</td><td>Timed out after 30 seconds waiting for element to be clickable: By.xpath: //div[@id='player_container']/descendant::li[@class='share']/descendant::li[3]
Build info: version: '2.43.1', revision: '5163bce', time: '2014-09-10 16:27:33'
System info: host: 'VDC01DELW0204', ip: '192.168.162.28', os.name: 'Windows 7', os.arch: 'amd64', os.version: '6.1', java.version: '1.7.0_40'
Session ID: 3879bc59687a7fd3e67dc53fe99bd7b3
Driver info: org.openqa.selenium.chrome.ChromeDriver
Capabilities [{platform=XP, acceptSslCerts=true, javascriptEnabled=true, browserName=chrome, chrome={userDataDir=C:\Users\MANOJ~1.PAR\AppData\Local\Temp\scoped_dir4760_5631}, rotatable=false, locationContextEnabled=true, version=46.0.2490.80, takesHeapSnapshot=true, cssSelectorsEnabled=true, databaseEnabled=false, handlesAlerts=true, browserConnectionEnabled=false, nativeEvents=true, webStorageEnabled=true, applicationCacheEnabled=false, takesScreenshot=true}]<br>
<br>
<code>org.openqa.selenium.TimeoutException: Timed out after 30 seconds waiting for element to be clickable: By.xpath: //div[@id='player_container']/descendant::li[@class='share']/descendant::li[3]<br>Build info: version: '2.43.1', revision: '5163bce', time: '2014-09-10 16:27:33'<br>System info: host: 'VDC01DELW0204', ip: '192.168.162.28', os.name: 'Windows 7', os.arch: 'amd64', os.version: '6.1', java.version: '1.7.0_40'<br>Session ID: 3879bc59687a7fd3e67dc53fe99bd7b3<br>Driver info: org.openqa.selenium.chrome.ChromeDriver<br>Capabilities [{platform=XP, acceptSslCerts=true, javascriptEnabled=true, browserName=chrome, chrome={userDataDir=C:\Users\MANOJ~1.PAR\AppData\Local\Temp\scoped_dir4760_5631}, rotatable=false, locationContextEnabled=true, version=46.0.2490.80, takesHeapSnapshot=true, cssSelectorsEnabled=true, databaseEnabled=false, handlesAlerts=true, browserConnectionEnabled=false, nativeEvents=true, webStorageEnabled=true, applicationCacheEnabled=false, takesScreenshot=true}]<br>	at org.openqa.selenium.support.ui.WebDriverWait.timeoutException(WebDriverWait.java:79)<br>	at org.openqa.selenium.support.ui.FluentWait.until(FluentWait.java:228)<br>	at comcast.test.app.testCases.socialSharing.socialSharingFunctions.SocialSharingFun.clickonEmailButtonFromPlayer(SocialSharingFun.java:111)<br>	at comcast.test.app.testCases.socialSharing.VerifyEmailFunctionalityFromVideoControls.testVerifyEmailFunctionalityFromVideoControls(VerifyEmailFunctionalityFromVideoControls.java:89)<br>
</code></td><td>133.057</td>
</tr>
<tr valign="top" class="TableRowColor">
<td><a name="testVerifyEmailSharringPopuoWindowContents"></a>testVerifyEmailSharringPopuoWindowContents</td><td>Success</td><td></td><td>104.298</td>
</tr>
<tr valign="top" class="TableRowColor">
<td><a name="testVerifyEmailSharingFormMessageContent"></a>testVerifyEmailSharingFormMessageContent</td><td>Success</td><td></td><td>103.087</td>
</tr>
<tr valign="top" class="TableRowColor">
<td><a name="testVerifyEmailSharingFormCloseButton"></a>testVerifyEmailSharingFormCloseButton</td><td>Success</td><td></td><td>108.334</td>
</tr>
<tr valign="top" class="TableRowColor">
<td><a name="testVerifyEmailSharingSendWithBlankFields"></a>testVerifyEmailSharingSendWithBlankFields</td><td>Success</td><td></td><td>106.178</td>
</tr>
<tr valign="top" class="Error">
<td><a name="testVerifyEmailSharingSendFunctionality"></a>testVerifyEmailSharingSendFunctionality</td><td>Error</td><td>Timed out after 30 seconds waiting for element to be clickable: By.xpath: //div[@id='player_container']/descendant::li[@class='share']/descendant::li[3]
Build info: version: '2.43.1', revision: '5163bce', time: '2014-09-10 16:27:33'
System info: host: 'VDC01DELW0204', ip: '192.168.162.28', os.name: 'Windows 7', os.arch: 'amd64', os.version: '6.1', java.version: '1.7.0_40'
Session ID: 0bdfe31f256cafb911da8e17ad950bfc
Driver info: org.openqa.selenium.chrome.ChromeDriver
Capabilities [{platform=XP, acceptSslCerts=true, javascriptEnabled=true, browserName=chrome, chrome={userDataDir=C:\Users\MANOJ~1.PAR\AppData\Local\Temp\scoped_dir5448_23358}, rotatable=false, locationContextEnabled=true, version=46.0.2490.80, takesHeapSnapshot=true, cssSelectorsEnabled=true, databaseEnabled=false, handlesAlerts=true, browserConnectionEnabled=false, nativeEvents=true, webStorageEnabled=true, applicationCacheEnabled=false, takesScreenshot=true}]<br>
<br>
<code>org.openqa.selenium.TimeoutException: Timed out after 30 seconds waiting for element to be clickable: By.xpath: //div[@id='player_container']/descendant::li[@class='share']/descendant::li[3]<br>Build info: version: '2.43.1', revision: '5163bce', time: '2014-09-10 16:27:33'<br>System info: host: 'VDC01DELW0204', ip: '192.168.162.28', os.name: 'Windows 7', os.arch: 'amd64', os.version: '6.1', java.version: '1.7.0_40'<br>Session ID: 0bdfe31f256cafb911da8e17ad950bfc<br>Driver info: org.openqa.selenium.chrome.ChromeDriver<br>Capabilities [{platform=XP, acceptSslCerts=true, javascriptEnabled=true, browserName=chrome, chrome={userDataDir=C:\Users\MANOJ~1.PAR\AppData\Local\Temp\scoped_dir5448_23358}, rotatable=false, locationContextEnabled=true, version=46.0.2490.80, takesHeapSnapshot=true, cssSelectorsEnabled=true, databaseEnabled=false, handlesAlerts=true, browserConnectionEnabled=false, nativeEvents=true, webStorageEnabled=true, applicationCacheEnabled=false, takesScreenshot=true}]<br>	at org.openqa.selenium.support.ui.WebDriverWait.timeoutException(WebDriverWait.java:79)<br>	at org.openqa.selenium.support.ui.FluentWait.until(FluentWait.java:228)<br>	at comcast.test.app.testCases.socialSharing.socialSharingFunctions.SocialSharingFun.clickonEmailButtonFromPlayer(SocialSharingFun.java:111)<br>	at comcast.test.app.testCases.socialSharing.VerifyEmailSharingSendFunctionality.testVerifyEmailSharingSendFunctionality(VerifyEmailSharingSendFunctionality.java:90)<br>
</code></td><td>143.533</td>
</tr>
<tr valign="top" class="TableRowColor">
<td><a name="testVerifyEmailSharingSendWithInvalidEmails"></a>testVerifyEmailSharingSendWithInvalidEmails</td><td>Success</td><td></td><td>122.570</td>
</tr>
<tr valign="top" class="Error">
<td><a name="testVerifyEmailSharingSendWithInvalidFromEmail"></a>testVerifyEmailSharingSendWithInvalidFromEmail</td><td>Error</td><td>Timed out after 30 seconds waiting for element to be clickable: By.xpath: //div[@id='player_container']/descendant::li[@class='share']/descendant::li[3]
Build info: version: '2.43.1', revision: '5163bce', time: '2014-09-10 16:27:33'
System info: host: 'VDC01DELW0204', ip: '192.168.162.28', os.name: 'Windows 7', os.arch: 'amd64', os.version: '6.1', java.version: '1.7.0_40'
Session ID: 0c71184c5ef954788e0a6f917c0b666e
Driver info: org.openqa.selenium.chrome.ChromeDriver
Capabilities [{platform=XP, acceptSslCerts=true, javascriptEnabled=true, browserName=chrome, chrome={userDataDir=C:\Users\MANOJ~1.PAR\AppData\Local\Temp\scoped_dir6952_14544}, rotatable=false, locationContextEnabled=true, version=46.0.2490.80, takesHeapSnapshot=true, cssSelectorsEnabled=true, databaseEnabled=false, handlesAlerts=true, browserConnectionEnabled=false, nativeEvents=true, webStorageEnabled=true, applicationCacheEnabled=false, takesScreenshot=true}]<br>
<br>
<code>org.openqa.selenium.TimeoutException: Timed out after 30 seconds waiting for element to be clickable: By.xpath: //div[@id='player_container']/descendant::li[@class='share']/descendant::li[3]<br>Build info: version: '2.43.1', revision: '5163bce', time: '2014-09-10 16:27:33'<br>System info: host: 'VDC01DELW0204', ip: '192.168.162.28', os.name: 'Windows 7', os.arch: 'amd64', os.version: '6.1', java.version: '1.7.0_40'<br>Session ID: 0c71184c5ef954788e0a6f917c0b666e<br>Driver info: org.openqa.selenium.chrome.ChromeDriver<br>Capabilities [{platform=XP, acceptSslCerts=true, javascriptEnabled=true, browserName=chrome, chrome={userDataDir=C:\Users\MANOJ~1.PAR\AppData\Local\Temp\scoped_dir6952_14544}, rotatable=false, locationContextEnabled=true, version=46.0.2490.80, takesHeapSnapshot=true, cssSelectorsEnabled=true, databaseEnabled=false, handlesAlerts=true, browserConnectionEnabled=false, nativeEvents=true, webStorageEnabled=true, applicationCacheEnabled=false, takesScreenshot=true}]<br>	at org.openqa.selenium.support.ui.WebDriverWait.timeoutException(WebDriverWait.java:79)<br>	at org.openqa.selenium.support.ui.FluentWait.until(FluentWait.java:228)<br>	at comcast.test.app.testCases.socialSharing.socialSharingFunctions.SocialSharingFun.clickonEmailButtonFromPlayer(SocialSharingFun.java:111)<br>	at comcast.test.app.testCases.socialSharing.VerifyEmailSharingSendWithInvalidFromEmail.testVerifyEmailSharingSendWithInvalidFromEmail(VerifyEmailSharingSendWithInvalidFromEmail.java:87)<br>
</code></td><td>126.365</td>
</tr>
<tr valign="top" class="TableRowColor">
<td><a name="testVerifyEmailSharingSendWithInvalidToEmail"></a>testVerifyEmailSharingSendWithInvalidToEmail</td><td>Success</td><td></td><td>104.664</td>
</tr>
<tr valign="top" class="TableRowColor">
<td><a name="testVerifyCopyUrlFunctionalityFromVideoControls"></a>testVerifyCopyUrlFunctionalityFromVideoControls</td><td>Success</td><td></td><td>100.495</td>
</tr>
<tr valign="top" class="TableRowColor">
<td><a name="testVeriyPlayListsTitle"></a>testVeriyPlayListsTitle</td><td>Success</td><td></td><td>28.636</td>
</tr>
<tr valign="top" class="TableRowColor">
<td><a name="testVeriyPlayListsPageTitle"></a>testVeriyPlayListsPageTitle</td><td>Success</td><td></td><td>40.003</td>
</tr>
<tr valign="top" class="TableRowColor">
<td><a name="testVerifyClickOnWatchableLogoFromAllPlayListsPageNavigatesHomePage"></a>testVerifyClickOnWatchableLogoFromAllPlayListsPageNavigatesHomePage</td><td>Success</td><td></td><td>49.851</td>
</tr>
<tr valign="top" class="TableRowColor">
<td><a name="testVerifyAllPlayListsPageContents"></a>testVerifyAllPlayListsPageContents</td><td>Success</td><td></td><td>40.243</td>
</tr>
<tr valign="top" class="TableRowColor">
<td><a name="testVerifySinglePlayListContents"></a>testVerifySinglePlayListContents</td><td>Success</td><td></td><td>42.221</td>
</tr>
<tr valign="top" class="TableRowColor">
<td><a name="testVerifyVideoPageTitleNavigatingFromPlayList"></a>testVerifyVideoPageTitleNavigatingFromPlayList</td><td>Success</td><td></td><td>69.703</td>
</tr>
<tr valign="top" class="TableRowColor">
<td><a name="testVerifyNavigatingToVideoPageClickingOnWatchLinkFromPlayList"></a>testVerifyNavigatingToVideoPageClickingOnWatchLinkFromPlayList</td><td>Success</td><td></td><td>69.790</td>
</tr>
<tr valign="top" class="TableRowColor">
<td><a name="testVerifyNavigatingToVideoPageClickingOnPlayIconFromPlayList"></a>testVerifyNavigatingToVideoPageClickingOnPlayIconFromPlayList</td><td>Success</td><td></td><td>70.132</td>
</tr>
<tr valign="top" class="TableRowColor">
<td><a name="testVerifyNavigatingToVideoPageClickingOnGenreButtonFromPlayList"></a>testVerifyNavigatingToVideoPageClickingOnGenreButtonFromPlayList</td><td>Success</td><td></td><td>71.285</td>
</tr>
<tr valign="top" class="TableRowColor">
<td><a name="testVerifyNavigatingToVideoPageClickingOnPlayListImgFromPlayList"></a>testVerifyNavigatingToVideoPageClickingOnPlayListImgFromPlayList</td><td>Success</td><td></td><td>69.471</td>
</tr>
<tr valign="top" class="TableRowColor">
<td><a name="testVerifyNavigatingToVideoPageClickingOnPlayListTitleFromPlayList"></a>testVerifyNavigatingToVideoPageClickingOnPlayListTitleFromPlayList</td><td>Success</td><td></td><td>70.837</td>
</tr>
<tr valign="top" class="TableRowColor">
<td><a name="testVerifyNavigatingToVideoPageClickingOnPlayListDescFromPlayList"></a>testVerifyNavigatingToVideoPageClickingOnPlayListDescFromPlayList</td><td>Success</td><td></td><td>70.399</td>
</tr>
<tr valign="top" class="TableRowColor">
<td><a name="testVerifyNavigatingToVideoPageClickingOnPlayListVideoDetailFromPlayList"></a>testVerifyNavigatingToVideoPageClickingOnPlayListVideoDetailFromPlayList</td><td>Success</td><td></td><td>70.679</td>
</tr>
<tr valign="top" class="TableRowColor">
<td><a name="testVerifyPlayListShareOptionInVideoPage"></a>testVerifyPlayListShareOptionInVideoPage</td><td>Success</td><td></td><td>77.265</td>
</tr>
<tr valign="top" class="TableRowColor">
<td><a name="testVerifyPlayListShareOptionInVideoPage"></a>testVerifyPlayListShareOptionInVideoPage</td><td>Success</td><td></td><td>78.641</td>
</tr>
<tr valign="top" class="TableRowColor">
<td><a name="testVerifyPlayListEmailSharringPopuoWindowContents"></a>testVerifyPlayListEmailSharringPopuoWindowContents</td><td>Success</td><td></td><td>95.350</td>
</tr>
<tr valign="top" class="TableRowColor">
<td><a name="testVerifyPlayListEmailSharringFormCloseButton"></a>testVerifyPlayListEmailSharringFormCloseButton</td><td>Success</td><td></td><td>94.564</td>
</tr>
<tr valign="top" class="TableRowColor">
<td><a name="testVerifyPlayListEmailSharringFunctionality"></a>testVerifyPlayListEmailSharringFunctionality</td><td>Success</td><td></td><td>89.140</td>
</tr>
<tr valign="top" class="TableRowColor">
<td><a name="testVerifyPlayListSharingFormMessageContent"></a>testVerifyPlayListSharingFormMessageContent</td><td>Success</td><td></td><td>90.041</td>
</tr>
<tr valign="top" class="TableRowColor">
<td><a name="testVerifyPlayListSharingSendFunctionality"></a>testVerifyPlayListSharingSendFunctionality</td><td>Success</td><td></td><td>98.529</td>
</tr>
<tr valign="top" class="TableRowColor">
<td><a name="testVerifyPlayListSharingSendWithBlankFields"></a>testVerifyPlayListSharingSendWithBlankFields</td><td>Success</td><td></td><td>100.979</td>
</tr>
<tr valign="top" class="TableRowColor">
<td><a name="testVerifyPlayListSharingSendWithInvalidEmails"></a>testVerifyPlayListSharingSendWithInvalidEmails</td><td>Success</td><td></td><td>100.149</td>
</tr>
<tr valign="top" class="TableRowColor">
<td><a name="testVerifyPlayListSharingSendWithInvalidFromEmail"></a>testVerifyPlayListSharingSendWithInvalidFromEmail</td><td>Success</td><td></td><td>98.274</td>
</tr>
<tr valign="top" class="TableRowColor">
<td><a name="testVerifyPlayListSharingSendWithInvalidToEmail"></a>testVerifyPlayListSharingSendWithInvalidToEmail</td><td>Success</td><td></td><td>97.640</td>
</tr>
<tr valign="top" class="TableRowColor">
<td><a name="testVerifyPlayListSharingTwitterFunctionality"></a>testVerifyPlayListSharingTwitterFunctionality</td><td>Success</td><td></td><td>94.520</td>
</tr>
<tr valign="top" class="TableRowColor">
<td><a name="testVerifyPlayListSharingFaceBookFunctionality"></a>testVerifyPlayListSharingFaceBookFunctionality</td><td>Success</td><td></td><td>92.978</td>
</tr>
<tr valign="top" class="TableRowColor">
<td><a name="testVerifyClickingOnHomeFooterLinkFromPlayListsPageNavigatesHomePage"></a>testVerifyClickingOnHomeFooterLinkFromPlayListsPageNavigatesHomePage</td><td>Success</td><td></td><td>67.504</td>
</tr>
<tr valign="top" class="TableRowColor">
<td><a name="testVerifyUserNavigatingToHomePageLogoutFromAllPlayListsPage"></a>testVerifyUserNavigatingToHomePageLogoutFromAllPlayListsPage</td><td>Success</td><td></td><td>106.487</td>
</tr>
<tr valign="top" class="TableRowColor">
<td><a name="testVerifyNavigatingToVideoPageFromHomePage"></a>testVerifyNavigatingToVideoPageFromHomePage</td><td>Success</td><td></td><td>76.981</td>
</tr>
<tr valign="top" class="TableRowColor">
<td><a name="testVerifyNavigatingToVideoPageFromChannelPage"></a>testVerifyNavigatingToVideoPageFromChannelPage</td><td>Success</td><td></td><td>102.928</td>
</tr>
<tr valign="top" class="TableRowColor">
<td><a name="testVerifyNavigatingToVideoPageFromSearchResultPage"></a>testVerifyNavigatingToVideoPageFromSearchResultPage</td><td>Success</td><td></td><td>68.042</td>
</tr>
<tr valign="top" class="TableRowColor">
<td><a name="testVerifyNavigatingToVideoPageFromMyWatchlistPage"></a>testVerifyNavigatingToVideoPageFromMyWatchlistPage</td><td>Success</td><td></td><td>93.714</td>
</tr>
<tr valign="top" class="TableRowColor">
<td><a name="testVerifyControlsOnVideoPlayerDuringPlay"></a>testVerifyControlsOnVideoPlayerDuringPlay</td><td>Success</td><td></td><td>189.969</td>
</tr>
<tr valign="top" class="TableRowColor">
<td><a name="testVerifyControlsOnVideoPlayerDuringPause"></a>testVerifyControlsOnVideoPlayerDuringPause</td><td>Success</td><td></td><td>197.293</td>
</tr>
<tr valign="top" class="TableRowColor">
<td><a name="testVerifyCurrentDuration"></a>testVerifyCurrentDuration</td><td>Success</td><td></td><td>108.352</td>
</tr>
<tr valign="top" class="TableRowColor">
<td><a name="testVerifyVideoTotalDuration"></a>testVerifyVideoTotalDuration</td><td>Success</td><td></td><td>127.204</td>
</tr>
<tr valign="top" class="TableRowColor">
<td><a name="testVerifyCurrentPlayingVideoTitle"></a>testVerifyCurrentPlayingVideoTitle</td><td>Success</td><td></td><td>75.434</td>
</tr>
<tr valign="top" class="TableRowColor">
<td><a name="testVerifyChannelNameOfCurrentPlayingVideo"></a>testVerifyChannelNameOfCurrentPlayingVideo</td><td>Success</td><td></td><td>82.901</td>
</tr>
<tr valign="top" class="TableRowColor">
<td><a name="testVerifyNavigatingToChannelPageFromVideoPage"></a>testVerifyNavigatingToChannelPageFromVideoPage</td><td>Success</td><td></td><td>92.712</td>
</tr>
<tr valign="top" class="TableRowColor">
<td><a name="testVerifyPauseFunctionality"></a>testVerifyPauseFunctionality</td><td>Success</td><td></td><td>104.616</td>
</tr>
<tr valign="top" class="Error">
<td><a name="testVerifyReportWithoutLogin"></a>testVerifyReportWithoutLogin</td><td>Error</td><td>Timed out after 20 seconds waiting for element to be clickable: By.xpath: //li[@id='report']
Build info: version: '2.43.1', revision: '5163bce', time: '2014-09-10 16:27:33'
System info: host: 'VDC01DELW0204', ip: '192.168.162.28', os.name: 'Windows 7', os.arch: 'amd64', os.version: '6.1', java.version: '1.7.0_40'
Session ID: ef4ec3a7a6745d812289f8f93adb1caa
Driver info: org.openqa.selenium.chrome.ChromeDriver
Capabilities [{platform=XP, acceptSslCerts=true, javascriptEnabled=true, browserName=chrome, chrome={userDataDir=C:\Users\MANOJ~1.PAR\AppData\Local\Temp\scoped_dir4504_17311}, rotatable=false, locationContextEnabled=true, version=46.0.2490.80, takesHeapSnapshot=true, cssSelectorsEnabled=true, databaseEnabled=false, handlesAlerts=true, browserConnectionEnabled=false, nativeEvents=true, webStorageEnabled=true, applicationCacheEnabled=false, takesScreenshot=true}]<br>
<br>
<code>org.openqa.selenium.TimeoutException: Timed out after 20 seconds waiting for element to be clickable: By.xpath: //li[@id='report']<br>Build info: version: '2.43.1', revision: '5163bce', time: '2014-09-10 16:27:33'<br>System info: host: 'VDC01DELW0204', ip: '192.168.162.28', os.name: 'Windows 7', os.arch: 'amd64', os.version: '6.1', java.version: '1.7.0_40'<br>Session ID: ef4ec3a7a6745d812289f8f93adb1caa<br>Driver info: org.openqa.selenium.chrome.ChromeDriver<br>Capabilities [{platform=XP, acceptSslCerts=true, javascriptEnabled=true, browserName=chrome, chrome={userDataDir=C:\Users\MANOJ~1.PAR\AppData\Local\Temp\scoped_dir4504_17311}, rotatable=false, locationContextEnabled=true, version=46.0.2490.80, takesHeapSnapshot=true, cssSelectorsEnabled=true, databaseEnabled=false, handlesAlerts=true, browserConnectionEnabled=false, nativeEvents=true, webStorageEnabled=true, applicationCacheEnabled=false, takesScreenshot=true}]<br>	at org.openqa.selenium.support.ui.WebDriverWait.timeoutException(WebDriverWait.java:79)<br>	at org.openqa.selenium.support.ui.FluentWait.until(FluentWait.java:228)<br>	at comcast.test.app.testCases.playerVideoPage.playerPageFunctions.PlayerPageFun.clickOnReportButton(PlayerPageFun.java:268)<br>	at comcast.test.app.testCases.playerVideoPage.VerifyReportWithoutLogin.testVerifyReportWithoutLogin(VerifyReportWithoutLogin.java:75)<br>
</code></td><td>122.449</td>
</tr>
<tr valign="top" class="Error">
<td><a name="testVerifyReportAfterLogin"></a>testVerifyReportAfterLogin</td><td>Error</td><td>Timed out after 20 seconds waiting for element to be clickable: By.xpath: //li[@id='report']
Build info: version: '2.43.1', revision: '5163bce', time: '2014-09-10 16:27:33'
System info: host: 'VDC01DELW0204', ip: '192.168.162.28', os.name: 'Windows 7', os.arch: 'amd64', os.version: '6.1', java.version: '1.7.0_40'
Session ID: fc096f01496566620edbb17a616e9912
Driver info: org.openqa.selenium.chrome.ChromeDriver
Capabilities [{platform=XP, acceptSslCerts=true, javascriptEnabled=true, browserName=chrome, chrome={userDataDir=C:\Users\MANOJ~1.PAR\AppData\Local\Temp\scoped_dir5492_21199}, rotatable=false, locationContextEnabled=true, version=46.0.2490.80, takesHeapSnapshot=true, cssSelectorsEnabled=true, databaseEnabled=false, handlesAlerts=true, browserConnectionEnabled=false, nativeEvents=true, webStorageEnabled=true, applicationCacheEnabled=false, takesScreenshot=true}]<br>
<br>
<code>org.openqa.selenium.TimeoutException: Timed out after 20 seconds waiting for element to be clickable: By.xpath: //li[@id='report']<br>Build info: version: '2.43.1', revision: '5163bce', time: '2014-09-10 16:27:33'<br>System info: host: 'VDC01DELW0204', ip: '192.168.162.28', os.name: 'Windows 7', os.arch: 'amd64', os.version: '6.1', java.version: '1.7.0_40'<br>Session ID: fc096f01496566620edbb17a616e9912<br>Driver info: org.openqa.selenium.chrome.ChromeDriver<br>Capabilities [{platform=XP, acceptSslCerts=true, javascriptEnabled=true, browserName=chrome, chrome={userDataDir=C:\Users\MANOJ~1.PAR\AppData\Local\Temp\scoped_dir5492_21199}, rotatable=false, locationContextEnabled=true, version=46.0.2490.80, takesHeapSnapshot=true, cssSelectorsEnabled=true, databaseEnabled=false, handlesAlerts=true, browserConnectionEnabled=false, nativeEvents=true, webStorageEnabled=true, applicationCacheEnabled=false, takesScreenshot=true}]<br>	at org.openqa.selenium.support.ui.WebDriverWait.timeoutException(WebDriverWait.java:79)<br>	at org.openqa.selenium.support.ui.FluentWait.until(FluentWait.java:228)<br>	at comcast.test.app.testCases.playerVideoPage.playerPageFunctions.PlayerPageFun.clickOnReportButton(PlayerPageFun.java:268)<br>	at comcast.test.app.testCases.playerVideoPage.VerifyReportAfterLogin.testVerifyReportAfterLogin(VerifyReportAfterLogin.java:125)<br>
</code></td><td>158.174</td>
</tr>
<tr valign="top" class="TableRowColor">
<td><a name="testVerifyReportCancelAfterLogin"></a>testVerifyReportCancelAfterLogin</td><td>Success</td><td></td><td>117.051</td>
</tr>
<tr valign="top" class="TableRowColor">
<td><a name="testVerifyPartiallyPlayedVideo"></a>testVerifyPartiallyPlayedVideo</td><td>Success</td><td></td><td>94.024</td>
</tr>
<tr valign="top" class="TableRowColor">
<td><a name="testVerifyPlayFromStartPoint"></a>testVerifyPlayFromStartPoint</td><td>Success</td><td></td><td>77.029</td>
</tr>
<tr valign="top" class="TableRowColor">
<td><a name="testVerifyPlayFromResumePoint"></a>testVerifyPlayFromResumePoint</td><td>Success</td><td></td><td>41.112</td>
</tr>
<tr valign="top" class="TableRowColor">
<td><a name="testVerifyClickOnWatchableLogoFromVideoPageNavigatesHomePage"></a>testVerifyClickOnWatchableLogoFromVideoPageNavigatesHomePage</td><td>Success</td><td></td><td>83.186</td>
</tr>
<tr valign="top" class="TableRowColor">
<td><a name="testVerifyVideoPageTitle"></a>testVerifyVideoPageTitle</td><td>Success</td><td></td><td>76.070</td>
</tr>
<tr valign="top" class="TableRowColor">
<td><a name="testVerifyVideoContentsWhenPlayPaused"></a>testVerifyVideoContentsWhenPlayPaused</td><td>Success</td><td></td><td>82.062</td>
</tr>
<tr valign="top" class="TableRowColor">
<td><a name="testVerifyUpNexSectionInVideoPage"></a>testVerifyUpNexSectionInVideoPage</td><td>Success</td><td></td><td>80.828</td>
</tr>
<tr valign="top" class="TableRowColor">
<td><a name="testVerifyShowTitleInUpNextSectionInVideoPage"></a>testVerifyShowTitleInUpNextSectionInVideoPage</td><td>Success</td><td></td><td>69.861</td>
</tr>
<tr valign="top" class="TableRowColor">
<td><a name="testVerifyNavigatingToShowPageOnClickingShowTitleFromUpNextSection"></a>testVerifyNavigatingToShowPageOnClickingShowTitleFromUpNextSection</td><td>Success</td><td></td><td>98.628</td>
</tr>
<tr valign="top" class="TableRowColor">
<td><a name="testVerifyMetadataDisplayedMouseOverOnVideo"></a>testVerifyMetadataDisplayedMouseOverOnVideo</td><td>Success</td><td></td><td>82.717</td>
</tr>
<tr valign="top" class="TableRowColor">
<td><a name="testVerifyClickingOnHomeFooterLinkFromVideoPageNavigatesHomePage"></a>testVerifyClickingOnHomeFooterLinkFromVideoPageNavigatesHomePage</td><td>Success</td><td></td><td>127.423</td>
</tr>
<tr valign="top" class="TableRowColor">
<td><a name="testVerifyUserNavigatingToHomePageLogoutFromVideoPage"></a>testVerifyUserNavigatingToHomePageLogoutFromVideoPage</td><td>Success</td><td></td><td>140.071</td>
</tr>
</table>
<div class="Properties">
<a href="javascript:displayProperties('comcast.test.testSuite.runSeleniumTestCasesForQA');">
                    Properties &raquo;
                </a>
</div>
<div class="Properties">
<a href="./0_runSeleniumTestCasesForQA-out.html">
                        System.out &raquo;
                    </a>
</div>
<div class="Properties">
<a href="./0_runSeleniumTestCasesForQA-err.html">
                        System.err &raquo;
                    </a>
</div>
</body>
</html>
