<html xmlns:string="xalan://java.lang.String" xmlns:lxslt="http://xml.apache.org/xslt">
<head>
<META http-equiv="Content-Type" content="text/html; charset=UTF-8">
<title>Unit Test Results: comcast.test.testSuite.runSeleniumTestCasesForQA</title>
<link rel="stylesheet" type="text/css" title="Style" href="../../../stylesheet.css">
<script type="text/javascript" language="JavaScript">
        var TestCases = new Array();
        var cur;
        
    cur = TestCases['comcast.test.testSuite.runSeleniumTestCasesForQA'] = new Array();
    
        cur['ant.core.lib'] = 'D:\\ant-1.9.1\\lib\\ant.jar';
    
        cur['ant.file'] = 'D:\\Watchble_New\\Watchable\\build.xml';
    
        cur['ant.file.Selenium_Web_Driver'] = 'D:\\Watchble_New\\Watchable\\build.xml';
    
        cur['ant.file.type'] = 'file';
    
        cur['ant.file.type.Selenium_Web_Driver'] = 'file';
    
        cur['ant.home'] = 'D:\\ant-1.9.1';
    
        cur['ant.java.version'] = '1.7';
    
        cur['ant.library.dir'] = 'D:\\ant-1.9.1\\lib';
    
        cur['ant.project.default-target'] = 'build';
    
        cur['ant.project.invoked-targets'] = 'runSeleniumTestCasesForQA';
    
        cur['ant.project.name'] = 'Selenium_Web_Driver';
    
        cur['ant.version'] = 'Apache Ant(TM) version 1.9.1 compiled on May 15 2013';
    
        cur['awt.toolkit'] = 'sun.awt.windows.WToolkit';
    
        cur['basedir'] = 'D:\\Watchble_New\\Watchable';
    
        cur['debuglevel'] = 'source,lines,vars';
    
        cur['env._JAVACMD'] = 'C:\\Program Files\\Java\\jdk1.7.0_40\\bin\\java.exe';
    
        cur['env._USE_CLASSPATH'] = 'no';
    
        cur['env.=D:'] = 'D:\\Watchble_New\\Watchable';
    
        cur['env.ALLUSERSPROFILE'] = 'C:\\ProgramData';
    
        cur['env.ANDROID_HOME'] = 'E:\\adt-bundle-windows';
    
        cur['env.ANT_CMD_LINE_ARGS'] = ' runSeleniumTestCasesForQA';
    
        cur['env.ANT_HOME'] = 'D:\\ant-1.9.1';
    
        cur['env.APPDATA'] = 'C:\\Users\\Manoj.paragen\\AppData\\Roaming';
    
        cur['env.BUILD_DISPLAY_NAME'] = '#241';
    
        cur['env.BUILD_ID'] = '241';
    
        cur['env.BUILD_NUMBER'] = '241';
    
        cur['env.BUILD_TAG'] = 'jenkins-Watchable_Functional_Suite-241';
    
        cur['env.BUILD_URL'] = 'http://192.168.162.28:8080/job/Watchable_Functional_Suite/241/';
    
        cur['env.CommonProgramFiles'] = 'C:\\Program Files\\Common Files';
    
        cur['env.CommonProgramFiles(x86)'] = 'C:\\Program Files (x86)\\Common Files';
    
        cur['env.CommonProgramW6432'] = 'C:\\Program Files\\Common Files';
    
        cur['env.COMPUTERNAME'] = 'VDC01DELW0204';
    
        cur['env.ComSpec'] = 'C:\\Windows\\system32\\cmd.exe';
    
        cur['env.EXECUTOR_NUMBER'] = '1';
    
        cur['env.FP_NO_HOST_CHECK'] = 'NO';
    
        cur['env.HOMEDRIVE'] = 'C:';
    
        cur['env.HOMEPATH'] = '\\Users\\Manoj.paragen';
    
        cur['env.HUDSON_COOKIE'] = '08351ebd-1fdd-4743-9673-f05709568b6b';
    
        cur['env.HUDSON_HOME'] = 'C:\\Users\\Manoj.paragen\\.jenkins';
    
        cur['env.HUDSON_SERVER_COOKIE'] = '7fad01605a21155b';
    
        cur['env.HUDSON_URL'] = 'http://192.168.162.28:8080/';
    
        cur['env.JAVA_HOME'] = 'C:\\Program Files\\Java\\jdk1.7.0_40';
    
        cur['env.JENKINS_HOME'] = 'C:\\Users\\Manoj.paragen\\.jenkins';
    
        cur['env.JENKINS_SERVER_COOKIE'] = '7fad01605a21155b';
    
        cur['env.JENKINS_URL'] = 'http://192.168.162.28:8080/';
    
        cur['env.JMETER_HOME'] = 'E:\\JMeter';
    
        cur['env.JOB_NAME'] = 'Watchable_Functional_Suite';
    
        cur['env.JOB_URL'] = 'http://192.168.162.28:8080/job/Watchable_Functional_Suite/';
    
        cur['env.LOCALAPPDATA'] = 'C:\\Users\\Manoj.paragen\\AppData\\Local';
    
        cur['env.LOGONSERVER'] = '\\\\INBLR-AD08';
    
        cur['env.NODE_LABELS'] = 'master';
    
        cur['env.NODE_NAME'] = 'master';
    
        cur['env.NUMBER_OF_PROCESSORS'] = '4';
    
        cur['env.OS'] = 'Windows_NT';
    
        cur['env.Path'] = 'C:\\Program Files\\Java\\jdk1.7.0_40/bin;C:\\Program Files\\Java\\jdk1.7.0_40/bin;C:\\Program Files\\Common Files\\Microsoft Shared\\Microsoft Online Services;C:\\Program Files (x86)\\Common Files\\Microsoft Shared\\Microsoft Online Services;C:\\Windows\\system32;C:\\Windows;C:\\Windows\\System32\\Wbem;C:\\Windows\\System32\\WindowsPowerShell\\v1.0\\;C:\\Program Files\\Java\\jdk1.7.0_40\\bin;E:\\JMeter\\apache-jmeter-2.9\\bin;D:\\ant-1.9.1\\bin;E:\\android-sdks\\platform-tools;E:\\android-sdks\\tools;C:\\Program Files\\nodejs\\;D:\\ant-1.9.1/bin;C:\\Program Files (x86)\\Skype\\Phone\\;C:\\Users\\Manoj.paragen\\AppData\\Roaming\\npm';
    
        cur['env.PATHEXT'] = '.COM;.EXE;.BAT;.CMD;.VBS;.VBE;.JS;.JSE;.WSF;.WSH;.MSC';
    
        cur['env.PROCESSOR_ARCHITECTURE'] = 'AMD64';
    
        cur['env.PROCESSOR_IDENTIFIER'] = 'Intel64 Family 6 Model 58 Stepping 9, GenuineIntel';
    
        cur['env.PROCESSOR_LEVEL'] = '6';
    
        cur['env.PROCESSOR_REVISION'] = '3a09';
    
        cur['env.ProgramData'] = 'C:\\ProgramData';
    
        cur['env.ProgramFiles'] = 'C:\\Program Files';
    
        cur['env.ProgramFiles(x86)'] = 'C:\\Program Files (x86)';
    
        cur['env.ProgramW6432'] = 'C:\\Program Files';
    
        cur['env.PROMPT'] = '$P$G';
    
        cur['env.PSModulePath'] = 'C:\\Windows\\system32\\WindowsPowerShell\\v1.0\\Modules\\';
    
        cur['env.PUBLIC'] = 'C:\\Users\\Public';
    
        cur['env.SESSIONNAME'] = 'Console';
    
        cur['env.SystemDrive'] = 'C:';
    
        cur['env.SystemRoot'] = 'C:\\Windows';
    
        cur['env.TEMP'] = 'C:\\Users\\MANOJ~1.PAR\\AppData\\Local\\Temp';
    
        cur['env.TMP'] = 'C:\\Users\\MANOJ~1.PAR\\AppData\\Local\\Temp';
    
        cur['env.UATDATA'] = 'C:\\Windows\\CCM\\UATData\\D9F8C395-CAB8-491d-B8AC-179A1FE1BE77';
    
        cur['env.USERDNSDOMAIN'] = 'IN.VALTECH.COM';
    
        cur['env.USERDOMAIN'] = 'IN';
    
        cur['env.USERNAME'] = 'manoj.paragen';
    
        cur['env.USERPROFILE'] = 'C:\\Users\\Manoj.paragen';
    
        cur['env.windir'] = 'C:\\Windows';
    
        cur['env.windows_tracing_flags'] = '3';
    
        cur['env.windows_tracing_logfile'] = 'C:\\BVTBin\\Tests\\installpackage\\csilogfile.log';
    
        cur['env.WORKSPACE'] = 'D:\\Watchble_New\\Watchable';
    
        cur['file.encoding'] = 'Cp1252';
    
        cur['file.encoding.pkg'] = 'sun.io';
    
        cur['file.separator'] = '\\';
    
        cur['java.awt.graphicsenv'] = 'sun.awt.Win32GraphicsEnvironment';
    
        cur['java.awt.printerjob'] = 'sun.awt.windows.WPrinterJob';
    
        cur['java.class.path'] = 'D:\\Watchble_New\\Watchable\\bin;D:\\Watchble_New\\Watchable\\lib\\selenium-server-standalone-2.43.1.jar;D:\\Watchble_New\\Watchable\\lib\\log4j-1.2.17.jar;D:\\ant-1.9.1\\lib\\ant-launcher.jar;D:\\ant-1.9.1\\lib\\ant.jar;D:\\ant-1.9.1\\lib\\ant-junit.jar;D:\\ant-1.9.1\\lib\\ant-junit4.jar';
    
        cur['java.class.version'] = '51.0';
    
        cur['java.endorsed.dirs'] = 'C:\\Program Files\\Java\\jdk1.7.0_40\\jre\\lib\\endorsed';
    
        cur['java.ext.dirs'] = 'C:\\Program Files\\Java\\jdk1.7.0_40\\jre\\lib\\ext;C:\\Windows\\Sun\\Java\\lib\\ext';
    
        cur['java.home'] = 'C:\\Program Files\\Java\\jdk1.7.0_40\\jre';
    
        cur['java.io.tmpdir'] = 'C:\\Users\\MANOJ~1.PAR\\AppData\\Local\\Temp\\';
    
        cur['java.library.path'] = 'C:\\Program Files\\Java\\jdk1.7.0_40\\jre\\bin;C:\\Windows\\Sun\\Java\\bin;C:\\Windows\\system32;C:\\Windows;C:\\Program Files\\Java\\jdk1.7.0_40/bin;C:\\Program Files\\Java\\jdk1.7.0_40/bin;C:\\Program Files\\Common Files\\Microsoft Shared\\Microsoft Online Services;C:\\Program Files (x86)\\Common Files\\Microsoft Shared\\Microsoft Online Services;C:\\Windows\\system32;C:\\Windows;C:\\Windows\\System32\\Wbem;C:\\Windows\\System32\\WindowsPowerShell\\v1.0\\;C:\\Program Files\\Java\\jdk1.7.0_40\\bin;E:\\JMeter\\apache-jmeter-2.9\\bin;D:\\ant-1.9.1\\bin;E:\\android-sdks\\platform-tools;E:\\android-sdks\\tools;C:\\Program Files\\nodejs\\;D:\\ant-1.9.1/bin;C:\\Program Files (x86)\\Skype\\Phone\\;C:\\Users\\Manoj.paragen\\AppData\\Roaming\\npm;.';
    
        cur['java.runtime.name'] = 'Java(TM) SE Runtime Environment';
    
        cur['java.runtime.version'] = '1.7.0_40-b43';
    
        cur['java.specification.name'] = 'Java Platform API Specification';
    
        cur['java.specification.vendor'] = 'Oracle Corporation';
    
        cur['java.specification.version'] = '1.7';
    
        cur['java.vendor'] = 'Oracle Corporation';
    
        cur['java.vendor.url'] = 'http://java.oracle.com/';
    
        cur['java.vendor.url.bug'] = 'http://bugreport.sun.com/bugreport/';
    
        cur['java.version'] = '1.7.0_40';
    
        cur['java.vm.info'] = 'mixed mode';
    
        cur['java.vm.name'] = 'Java HotSpot(TM) 64-Bit Server VM';
    
        cur['java.vm.specification.name'] = 'Java Virtual Machine Specification';
    
        cur['java.vm.specification.vendor'] = 'Oracle Corporation';
    
        cur['java.vm.specification.version'] = '1.7';
    
        cur['java.vm.vendor'] = 'Oracle Corporation';
    
        cur['java.vm.version'] = '24.0-b56';
    
        cur['junit.output.dir'] = 'junit';
    
        cur['line.separator'] = '\r\n';
    
        cur['os.arch'] = 'amd64';
    
        cur['os.name'] = 'Windows 7';
    
        cur['os.version'] = '6.1';
    
        cur['path.separator'] = ';';
    
        cur['source'] = '1.6';
    
        cur['sun.arch.data.model'] = '64';
    
        cur['sun.boot.class.path'] = 'C:\\Program Files\\Java\\jdk1.7.0_40\\jre\\lib\\resources.jar;C:\\Program Files\\Java\\jdk1.7.0_40\\jre\\lib\\rt.jar;C:\\Program Files\\Java\\jdk1.7.0_40\\jre\\lib\\sunrsasign.jar;C:\\Program Files\\Java\\jdk1.7.0_40\\jre\\lib\\jsse.jar;C:\\Program Files\\Java\\jdk1.7.0_40\\jre\\lib\\jce.jar;C:\\Program Files\\Java\\jdk1.7.0_40\\jre\\lib\\charsets.jar;C:\\Program Files\\Java\\jdk1.7.0_40\\jre\\lib\\jfr.jar;C:\\Program Files\\Java\\jdk1.7.0_40\\jre\\classes';
    
        cur['sun.boot.library.path'] = 'C:\\Program Files\\Java\\jdk1.7.0_40\\jre\\bin';
    
        cur['sun.cpu.endian'] = 'little';
    
        cur['sun.cpu.isalist'] = 'amd64';
    
        cur['sun.desktop'] = 'windows';
    
        cur['sun.io.unicode.encoding'] = 'UnicodeLittle';
    
        cur['sun.java.command'] = 'org.apache.tools.ant.taskdefs.optional.junit.JUnitTestRunner comcast.test.testSuite.runSeleniumTestCasesForQA filtertrace=true haltOnError=false haltOnFailure=false formatter=org.apache.tools.ant.taskdefs.optional.junit.OutErrSummaryJUnitResultFormatter showoutput=false outputtoformatters=true logfailedtests=true logtestlistenerevents=false formatter=org.apache.tools.ant.taskdefs.optional.junit.XMLJUnitResultFormatter,D:\\Watchble_New\\Watchable\\junit\\TEST-comcast.test.testSuite.runSeleniumTestCasesForQA.xml crashfile=D:\\Watchble_New\\Watchable\\junitvmwatcher5961119835832348029.properties propsfile=D:\\Watchble_New\\Watchable\\junit4862838269499523645.properties';
    
        cur['sun.java.launcher'] = 'SUN_STANDARD';
    
        cur['sun.jnu.encoding'] = 'Cp1252';
    
        cur['sun.management.compiler'] = 'HotSpot 64-Bit Tiered Compilers';
    
        cur['sun.os.patch.level'] = 'Service Pack 1';
    
        cur['target'] = '1.6';
    
        cur['user.country'] = 'US';
    
        cur['user.dir'] = 'D:\\Watchble_New\\Watchable';
    
        cur['user.home'] = 'C:\\Users\\Manoj.paragen';
    
        cur['user.language'] = 'en';
    
        cur['user.name'] = 'manoj.paragen';
    
        cur['user.script'] = '';
    
        cur['user.timezone'] = '';
    
        cur['user.variant'] = '';
    </script><script type="text/javascript" language="JavaScript">
        function displayProperties (name) {
          var win = window.open('','JUnitSystemProperties','scrollbars=1,resizable=1');
          var doc = win.document;
          doc.open();
          doc.write("<html><head><title>Properties of " + name + "</title>");
          doc.write("<style type=\"text/css\">");
          doc.write("body {font:normal 68% verdana,arial,helvetica; color:#000000; }");
          doc.write("table tr td, table tr th { font-size: 68%; }");
          doc.write("table.properties { border-collapse:collapse; border-left:solid 1 #cccccc; border-top:solid 1 #cccccc; padding:5px; }");
          doc.write("table.properties th { text-align:left; border-right:solid 1 #cccccc; border-bottom:solid 1 #cccccc; background-color:#eeeeee; }");
          doc.write("table.properties td { font:normal; text-align:left; border-right:solid 1 #cccccc; border-bottom:solid 1 #cccccc; background-color:#fffffff; }");
          doc.write("h3 { margin-bottom: 0.5em; font: bold 115% verdana,arial,helvetica }");
          doc.write("</style>");
          doc.write("</head><body>");
          doc.write("<h3>Properties of " + name + "</h3>");
          doc.write("<div align=\"right\"><a href=\"javascript:window.close();\">Close</a></div>");
          doc.write("<table class='properties'>");
          doc.write("<tr><th>Name</th><th>Value</th></tr>");
          for (prop in TestCases[name]) {
            doc.write("<tr><th>" + prop + "</th><td>" + TestCases[name][prop] + "</td></tr>");
          }
          doc.write("</table>");
          doc.write("</body></html>");
          doc.close();
          win.focus();
        }
      
      </script>
</head>
<body>
<h1>Unit Test Results.</h1>
<table width="100%">
<tr>
<td align="left"></td><td align="right">Designed for use with <a href="http://www.junit.org/">JUnit</a> and <a href="http://ant.apache.org/">Ant</a>.</td>
</tr>
</table>
<hr size="1">
<h3>Class comcast.test.testSuite.runSeleniumTestCasesForQA</h3>
<table class="details" border="0" cellpadding="5" cellspacing="2" width="95%">
<tr valign="top">
<th width="80%">Name</th><th>Tests</th><th>Errors</th><th>Failures</th><th>Skipped</th><th nowrap>Time(s)</th><th nowrap>Time Stamp</th><th>Host</th>
</tr>
<tr valign="top" class="Error">
<td><a title="Display all tests" href="0_runSeleniumTestCasesForQA.html">runSeleniumTestCasesForQA</a></td><td><a title="Display all tests" href="0_runSeleniumTestCasesForQA.html">238</a></td><td><a title="Display only errors" href="0_runSeleniumTestCasesForQA-errors.html">7</a></td><td>0</td><td>0</td><td>18246.649</td><td>2015-10-29T18:28:09</td><td>VDC01DELW0204</td>
</tr>
</table>
<h2>Errors</h2>
<table class="details" border="0" cellpadding="5" cellspacing="2" width="95%">
<tr valign="top">
<th>Name</th><th>Status</th><th width="80%">Type</th><th nowrap>Time(s)</th>
</tr>
<tr valign="top" class="Error">
<td><a name="testRegToWatchableWithoutEnteringEmail"></a>testRegToWatchableWithoutEnteringEmail</td><td>Error</td><td>invalid element state: Element is not currently interactable and may not be manipulated
  (Session info: chrome=46.0.2490.80)
  (Driver info: chromedriver=2.9.248315,platform=Windows NT 6.1 SP1 x86_64) (WARNING: The server did not provide any stacktrace information)
Command duration or timeout: 664 milliseconds
Build info: version: '2.43.1', revision: '5163bce', time: '2014-09-10 16:27:33'
System info: host: 'VDC01DELW0204', ip: '192.168.162.28', os.name: 'Windows 7', os.arch: 'amd64', os.version: '6.1', java.version: '1.7.0_40'
Session ID: 3525f9f16911e66507c99d73ccd24765
Driver info: org.openqa.selenium.chrome.ChromeDriver
Capabilities [{platform=XP, acceptSslCerts=true, javascriptEnabled=true, browserName=chrome, chrome={userDataDir=C:\Users\MANOJ~1.PAR\AppData\Local\Temp\scoped_dir4876_9189}, rotatable=false, locationContextEnabled=true, version=46.0.2490.80, takesHeapSnapshot=true, cssSelectorsEnabled=true, databaseEnabled=false, handlesAlerts=true, browserConnectionEnabled=false, nativeEvents=true, webStorageEnabled=true, applicationCacheEnabled=false, takesScreenshot=true}]<br>
<br>
<code>org.openqa.selenium.InvalidElementStateException: invalid element state: Element is not currently interactable and may not be manipulated<br>  (Session info: chrome=46.0.2490.80)<br>  (Driver info: chromedriver=2.9.248315,platform=Windows NT 6.1 SP1 x86_64) (WARNING: The server did not provide any stacktrace information)<br>Command duration or timeout: 664 milliseconds<br>Build info: version: '2.43.1', revision: '5163bce', time: '2014-09-10 16:27:33'<br>System info: host: 'VDC01DELW0204', ip: '192.168.162.28', os.name: 'Windows 7', os.arch: 'amd64', os.version: '6.1', java.version: '1.7.0_40'<br>Session ID: 3525f9f16911e66507c99d73ccd24765<br>Driver info: org.openqa.selenium.chrome.ChromeDriver<br>Capabilities [{platform=XP, acceptSslCerts=true, javascriptEnabled=true, browserName=chrome, chrome={userDataDir=C:\Users\MANOJ~1.PAR\AppData\Local\Temp\scoped_dir4876_9189}, rotatable=false, locationContextEnabled=true, version=46.0.2490.80, takesHeapSnapshot=true, cssSelectorsEnabled=true, databaseEnabled=false, handlesAlerts=true, browserConnectionEnabled=false, nativeEvents=true, webStorageEnabled=true, applicationCacheEnabled=false, takesScreenshot=true}]<br>	at java.lang.reflect.Constructor.newInstance(Constructor.java:526)<br>	at org.openqa.selenium.remote.ErrorHandler.createThrowable(ErrorHandler.java:204)<br>	at org.openqa.selenium.remote.ErrorHandler.throwIfResponseFailed(ErrorHandler.java:156)<br>	at org.openqa.selenium.remote.RemoteWebDriver.execute(RemoteWebDriver.java:599)<br>	at org.openqa.selenium.remote.RemoteWebElement.execute(RemoteWebElement.java:268)<br>	at org.openqa.selenium.remote.RemoteWebElement.clear(RemoteWebElement.java:113)<br>	at comcast.test.app.testCases.signUp.signUpFunctions.SignUpFun.enterSignUpDetails(SignUpFun.java:176)<br>	at comcast.test.app.testCases.signUp.RegToWatchableWithoutEnteringEmail.testRegToWatchableWithoutEnteringEmail(RegToWatchableWithoutEnteringEmail.java:52)<br>
</code></td><td>52.058</td>
</tr>
<tr valign="top" class="Error">
<td><a name="testVerifyTwitterFunctionalityFromVideoControls"></a>testVerifyTwitterFunctionalityFromVideoControls</td><td>Error</td><td>Timed out after 30 seconds waiting for element to be clickable: By.xpath: //div[@id='player_container']/descendant::li[@class='share']/descendant::li[2]
Build info: version: '2.43.1', revision: '5163bce', time: '2014-09-10 16:27:33'
System info: host: 'VDC01DELW0204', ip: '192.168.162.28', os.name: 'Windows 7', os.arch: 'amd64', os.version: '6.1', java.version: '1.7.0_40'
Session ID: 8e3be7d9c2df5b1a4a422b5e5782cd77
Driver info: org.openqa.selenium.chrome.ChromeDriver
Capabilities [{platform=XP, acceptSslCerts=true, javascriptEnabled=true, browserName=chrome, chrome={userDataDir=C:\Users\MANOJ~1.PAR\AppData\Local\Temp\scoped_dir2124_18339}, rotatable=false, locationContextEnabled=true, version=46.0.2490.80, takesHeapSnapshot=true, cssSelectorsEnabled=true, databaseEnabled=false, handlesAlerts=true, browserConnectionEnabled=false, nativeEvents=true, webStorageEnabled=true, applicationCacheEnabled=false, takesScreenshot=true}]<br>
<br>
<code>org.openqa.selenium.TimeoutException: Timed out after 30 seconds waiting for element to be clickable: By.xpath: //div[@id='player_container']/descendant::li[@class='share']/descendant::li[2]<br>Build info: version: '2.43.1', revision: '5163bce', time: '2014-09-10 16:27:33'<br>System info: host: 'VDC01DELW0204', ip: '192.168.162.28', os.name: 'Windows 7', os.arch: 'amd64', os.version: '6.1', java.version: '1.7.0_40'<br>Session ID: 8e3be7d9c2df5b1a4a422b5e5782cd77<br>Driver info: org.openqa.selenium.chrome.ChromeDriver<br>Capabilities [{platform=XP, acceptSslCerts=true, javascriptEnabled=true, browserName=chrome, chrome={userDataDir=C:\Users\MANOJ~1.PAR\AppData\Local\Temp\scoped_dir2124_18339}, rotatable=false, locationContextEnabled=true, version=46.0.2490.80, takesHeapSnapshot=true, cssSelectorsEnabled=true, databaseEnabled=false, handlesAlerts=true, browserConnectionEnabled=false, nativeEvents=true, webStorageEnabled=true, applicationCacheEnabled=false, takesScreenshot=true}]<br>	at org.openqa.selenium.support.ui.WebDriverWait.timeoutException(WebDriverWait.java:79)<br>	at org.openqa.selenium.support.ui.FluentWait.until(FluentWait.java:228)<br>	at comcast.test.app.testCases.socialSharing.socialSharingFunctions.SocialSharingFun.clickonTwitterButtonFromPlayer(SocialSharingFun.java:208)<br>	at comcast.test.app.testCases.socialSharing.VerifyTwitterFunctionalityFromVideoControls.testVerifyTwitterFunctionalityFromVideoControls(VerifyTwitterFunctionalityFromVideoControls.java:89)<br>
</code></td><td>130.684</td>
</tr>
<tr valign="top" class="Error">
<td><a name="testVerifyEmailFunctionalityFromVideoControls"></a>testVerifyEmailFunctionalityFromVideoControls</td><td>Error</td><td>Timed out after 30 seconds waiting for element to be clickable: By.xpath: //div[@id='player_container']/descendant::li[@class='share']/descendant::li[3]
Build info: version: '2.43.1', revision: '5163bce', time: '2014-09-10 16:27:33'
System info: host: 'VDC01DELW0204', ip: '192.168.162.28', os.name: 'Windows 7', os.arch: 'amd64', os.version: '6.1', java.version: '1.7.0_40'
Session ID: 3879bc59687a7fd3e67dc53fe99bd7b3
Driver info: org.openqa.selenium.chrome.ChromeDriver
Capabilities [{platform=XP, acceptSslCerts=true, javascriptEnabled=true, browserName=chrome, chrome={userDataDir=C:\Users\MANOJ~1.PAR\AppData\Local\Temp\scoped_dir4760_5631}, rotatable=false, locationContextEnabled=true, version=46.0.2490.80, takesHeapSnapshot=true, cssSelectorsEnabled=true, databaseEnabled=false, handlesAlerts=true, browserConnectionEnabled=false, nativeEvents=true, webStorageEnabled=true, applicationCacheEnabled=false, takesScreenshot=true}]<br>
<br>
<code>org.openqa.selenium.TimeoutException: Timed out after 30 seconds waiting for element to be clickable: By.xpath: //div[@id='player_container']/descendant::li[@class='share']/descendant::li[3]<br>Build info: version: '2.43.1', revision: '5163bce', time: '2014-09-10 16:27:33'<br>System info: host: 'VDC01DELW0204', ip: '192.168.162.28', os.name: 'Windows 7', os.arch: 'amd64', os.version: '6.1', java.version: '1.7.0_40'<br>Session ID: 3879bc59687a7fd3e67dc53fe99bd7b3<br>Driver info: org.openqa.selenium.chrome.ChromeDriver<br>Capabilities [{platform=XP, acceptSslCerts=true, javascriptEnabled=true, browserName=chrome, chrome={userDataDir=C:\Users\MANOJ~1.PAR\AppData\Local\Temp\scoped_dir4760_5631}, rotatable=false, locationContextEnabled=true, version=46.0.2490.80, takesHeapSnapshot=true, cssSelectorsEnabled=true, databaseEnabled=false, handlesAlerts=true, browserConnectionEnabled=false, nativeEvents=true, webStorageEnabled=true, applicationCacheEnabled=false, takesScreenshot=true}]<br>	at org.openqa.selenium.support.ui.WebDriverWait.timeoutException(WebDriverWait.java:79)<br>	at org.openqa.selenium.support.ui.FluentWait.until(FluentWait.java:228)<br>	at comcast.test.app.testCases.socialSharing.socialSharingFunctions.SocialSharingFun.clickonEmailButtonFromPlayer(SocialSharingFun.java:111)<br>	at comcast.test.app.testCases.socialSharing.VerifyEmailFunctionalityFromVideoControls.testVerifyEmailFunctionalityFromVideoControls(VerifyEmailFunctionalityFromVideoControls.java:89)<br>
</code></td><td>133.057</td>
</tr>
<tr valign="top" class="Error">
<td><a name="testVerifyEmailSharingSendFunctionality"></a>testVerifyEmailSharingSendFunctionality</td><td>Error</td><td>Timed out after 30 seconds waiting for element to be clickable: By.xpath: //div[@id='player_container']/descendant::li[@class='share']/descendant::li[3]
Build info: version: '2.43.1', revision: '5163bce', time: '2014-09-10 16:27:33'
System info: host: 'VDC01DELW0204', ip: '192.168.162.28', os.name: 'Windows 7', os.arch: 'amd64', os.version: '6.1', java.version: '1.7.0_40'
Session ID: 0bdfe31f256cafb911da8e17ad950bfc
Driver info: org.openqa.selenium.chrome.ChromeDriver
Capabilities [{platform=XP, acceptSslCerts=true, javascriptEnabled=true, browserName=chrome, chrome={userDataDir=C:\Users\MANOJ~1.PAR\AppData\Local\Temp\scoped_dir5448_23358}, rotatable=false, locationContextEnabled=true, version=46.0.2490.80, takesHeapSnapshot=true, cssSelectorsEnabled=true, databaseEnabled=false, handlesAlerts=true, browserConnectionEnabled=false, nativeEvents=true, webStorageEnabled=true, applicationCacheEnabled=false, takesScreenshot=true}]<br>
<br>
<code>org.openqa.selenium.TimeoutException: Timed out after 30 seconds waiting for element to be clickable: By.xpath: //div[@id='player_container']/descendant::li[@class='share']/descendant::li[3]<br>Build info: version: '2.43.1', revision: '5163bce', time: '2014-09-10 16:27:33'<br>System info: host: 'VDC01DELW0204', ip: '192.168.162.28', os.name: 'Windows 7', os.arch: 'amd64', os.version: '6.1', java.version: '1.7.0_40'<br>Session ID: 0bdfe31f256cafb911da8e17ad950bfc<br>Driver info: org.openqa.selenium.chrome.ChromeDriver<br>Capabilities [{platform=XP, acceptSslCerts=true, javascriptEnabled=true, browserName=chrome, chrome={userDataDir=C:\Users\MANOJ~1.PAR\AppData\Local\Temp\scoped_dir5448_23358}, rotatable=false, locationContextEnabled=true, version=46.0.2490.80, takesHeapSnapshot=true, cssSelectorsEnabled=true, databaseEnabled=false, handlesAlerts=true, browserConnectionEnabled=false, nativeEvents=true, webStorageEnabled=true, applicationCacheEnabled=false, takesScreenshot=true}]<br>	at org.openqa.selenium.support.ui.WebDriverWait.timeoutException(WebDriverWait.java:79)<br>	at org.openqa.selenium.support.ui.FluentWait.until(FluentWait.java:228)<br>	at comcast.test.app.testCases.socialSharing.socialSharingFunctions.SocialSharingFun.clickonEmailButtonFromPlayer(SocialSharingFun.java:111)<br>	at comcast.test.app.testCases.socialSharing.VerifyEmailSharingSendFunctionality.testVerifyEmailSharingSendFunctionality(VerifyEmailSharingSendFunctionality.java:90)<br>
</code></td><td>143.533</td>
</tr>
<tr valign="top" class="Error">
<td><a name="testVerifyEmailSharingSendWithInvalidFromEmail"></a>testVerifyEmailSharingSendWithInvalidFromEmail</td><td>Error</td><td>Timed out after 30 seconds waiting for element to be clickable: By.xpath: //div[@id='player_container']/descendant::li[@class='share']/descendant::li[3]
Build info: version: '2.43.1', revision: '5163bce', time: '2014-09-10 16:27:33'
System info: host: 'VDC01DELW0204', ip: '192.168.162.28', os.name: 'Windows 7', os.arch: 'amd64', os.version: '6.1', java.version: '1.7.0_40'
Session ID: 0c71184c5ef954788e0a6f917c0b666e
Driver info: org.openqa.selenium.chrome.ChromeDriver
Capabilities [{platform=XP, acceptSslCerts=true, javascriptEnabled=true, browserName=chrome, chrome={userDataDir=C:\Users\MANOJ~1.PAR\AppData\Local\Temp\scoped_dir6952_14544}, rotatable=false, locationContextEnabled=true, version=46.0.2490.80, takesHeapSnapshot=true, cssSelectorsEnabled=true, databaseEnabled=false, handlesAlerts=true, browserConnectionEnabled=false, nativeEvents=true, webStorageEnabled=true, applicationCacheEnabled=false, takesScreenshot=true}]<br>
<br>
<code>org.openqa.selenium.TimeoutException: Timed out after 30 seconds waiting for element to be clickable: By.xpath: //div[@id='player_container']/descendant::li[@class='share']/descendant::li[3]<br>Build info: version: '2.43.1', revision: '5163bce', time: '2014-09-10 16:27:33'<br>System info: host: 'VDC01DELW0204', ip: '192.168.162.28', os.name: 'Windows 7', os.arch: 'amd64', os.version: '6.1', java.version: '1.7.0_40'<br>Session ID: 0c71184c5ef954788e0a6f917c0b666e<br>Driver info: org.openqa.selenium.chrome.ChromeDriver<br>Capabilities [{platform=XP, acceptSslCerts=true, javascriptEnabled=true, browserName=chrome, chrome={userDataDir=C:\Users\MANOJ~1.PAR\AppData\Local\Temp\scoped_dir6952_14544}, rotatable=false, locationContextEnabled=true, version=46.0.2490.80, takesHeapSnapshot=true, cssSelectorsEnabled=true, databaseEnabled=false, handlesAlerts=true, browserConnectionEnabled=false, nativeEvents=true, webStorageEnabled=true, applicationCacheEnabled=false, takesScreenshot=true}]<br>	at org.openqa.selenium.support.ui.WebDriverWait.timeoutException(WebDriverWait.java:79)<br>	at org.openqa.selenium.support.ui.FluentWait.until(FluentWait.java:228)<br>	at comcast.test.app.testCases.socialSharing.socialSharingFunctions.SocialSharingFun.clickonEmailButtonFromPlayer(SocialSharingFun.java:111)<br>	at comcast.test.app.testCases.socialSharing.VerifyEmailSharingSendWithInvalidFromEmail.testVerifyEmailSharingSendWithInvalidFromEmail(VerifyEmailSharingSendWithInvalidFromEmail.java:87)<br>
</code></td><td>126.365</td>
</tr>
<tr valign="top" class="Error">
<td><a name="testVerifyReportWithoutLogin"></a>testVerifyReportWithoutLogin</td><td>Error</td><td>Timed out after 20 seconds waiting for element to be clickable: By.xpath: //li[@id='report']
Build info: version: '2.43.1', revision: '5163bce', time: '2014-09-10 16:27:33'
System info: host: 'VDC01DELW0204', ip: '192.168.162.28', os.name: 'Windows 7', os.arch: 'amd64', os.version: '6.1', java.version: '1.7.0_40'
Session ID: ef4ec3a7a6745d812289f8f93adb1caa
Driver info: org.openqa.selenium.chrome.ChromeDriver
Capabilities [{platform=XP, acceptSslCerts=true, javascriptEnabled=true, browserName=chrome, chrome={userDataDir=C:\Users\MANOJ~1.PAR\AppData\Local\Temp\scoped_dir4504_17311}, rotatable=false, locationContextEnabled=true, version=46.0.2490.80, takesHeapSnapshot=true, cssSelectorsEnabled=true, databaseEnabled=false, handlesAlerts=true, browserConnectionEnabled=false, nativeEvents=true, webStorageEnabled=true, applicationCacheEnabled=false, takesScreenshot=true}]<br>
<br>
<code>org.openqa.selenium.TimeoutException: Timed out after 20 seconds waiting for element to be clickable: By.xpath: //li[@id='report']<br>Build info: version: '2.43.1', revision: '5163bce', time: '2014-09-10 16:27:33'<br>System info: host: 'VDC01DELW0204', ip: '192.168.162.28', os.name: 'Windows 7', os.arch: 'amd64', os.version: '6.1', java.version: '1.7.0_40'<br>Session ID: ef4ec3a7a6745d812289f8f93adb1caa<br>Driver info: org.openqa.selenium.chrome.ChromeDriver<br>Capabilities [{platform=XP, acceptSslCerts=true, javascriptEnabled=true, browserName=chrome, chrome={userDataDir=C:\Users\MANOJ~1.PAR\AppData\Local\Temp\scoped_dir4504_17311}, rotatable=false, locationContextEnabled=true, version=46.0.2490.80, takesHeapSnapshot=true, cssSelectorsEnabled=true, databaseEnabled=false, handlesAlerts=true, browserConnectionEnabled=false, nativeEvents=true, webStorageEnabled=true, applicationCacheEnabled=false, takesScreenshot=true}]<br>	at org.openqa.selenium.support.ui.WebDriverWait.timeoutException(WebDriverWait.java:79)<br>	at org.openqa.selenium.support.ui.FluentWait.until(FluentWait.java:228)<br>	at comcast.test.app.testCases.playerVideoPage.playerPageFunctions.PlayerPageFun.clickOnReportButton(PlayerPageFun.java:268)<br>	at comcast.test.app.testCases.playerVideoPage.VerifyReportWithoutLogin.testVerifyReportWithoutLogin(VerifyReportWithoutLogin.java:75)<br>
</code></td><td>122.449</td>
</tr>
<tr valign="top" class="Error">
<td><a name="testVerifyReportAfterLogin"></a>testVerifyReportAfterLogin</td><td>Error</td><td>Timed out after 20 seconds waiting for element to be clickable: By.xpath: //li[@id='report']
Build info: version: '2.43.1', revision: '5163bce', time: '2014-09-10 16:27:33'
System info: host: 'VDC01DELW0204', ip: '192.168.162.28', os.name: 'Windows 7', os.arch: 'amd64', os.version: '6.1', java.version: '1.7.0_40'
Session ID: fc096f01496566620edbb17a616e9912
Driver info: org.openqa.selenium.chrome.ChromeDriver
Capabilities [{platform=XP, acceptSslCerts=true, javascriptEnabled=true, browserName=chrome, chrome={userDataDir=C:\Users\MANOJ~1.PAR\AppData\Local\Temp\scoped_dir5492_21199}, rotatable=false, locationContextEnabled=true, version=46.0.2490.80, takesHeapSnapshot=true, cssSelectorsEnabled=true, databaseEnabled=false, handlesAlerts=true, browserConnectionEnabled=false, nativeEvents=true, webStorageEnabled=true, applicationCacheEnabled=false, takesScreenshot=true}]<br>
<br>
<code>org.openqa.selenium.TimeoutException: Timed out after 20 seconds waiting for element to be clickable: By.xpath: //li[@id='report']<br>Build info: version: '2.43.1', revision: '5163bce', time: '2014-09-10 16:27:33'<br>System info: host: 'VDC01DELW0204', ip: '192.168.162.28', os.name: 'Windows 7', os.arch: 'amd64', os.version: '6.1', java.version: '1.7.0_40'<br>Session ID: fc096f01496566620edbb17a616e9912<br>Driver info: org.openqa.selenium.chrome.ChromeDriver<br>Capabilities [{platform=XP, acceptSslCerts=true, javascriptEnabled=true, browserName=chrome, chrome={userDataDir=C:\Users\MANOJ~1.PAR\AppData\Local\Temp\scoped_dir5492_21199}, rotatable=false, locationContextEnabled=true, version=46.0.2490.80, takesHeapSnapshot=true, cssSelectorsEnabled=true, databaseEnabled=false, handlesAlerts=true, browserConnectionEnabled=false, nativeEvents=true, webStorageEnabled=true, applicationCacheEnabled=false, takesScreenshot=true}]<br>	at org.openqa.selenium.support.ui.WebDriverWait.timeoutException(WebDriverWait.java:79)<br>	at org.openqa.selenium.support.ui.FluentWait.until(FluentWait.java:228)<br>	at comcast.test.app.testCases.playerVideoPage.playerPageFunctions.PlayerPageFun.clickOnReportButton(PlayerPageFun.java:268)<br>	at comcast.test.app.testCases.playerVideoPage.VerifyReportAfterLogin.testVerifyReportAfterLogin(VerifyReportAfterLogin.java:125)<br>
</code></td><td>158.174</td>
</tr>
</table>
<div class="Properties">
<a href="javascript:displayProperties('comcast.test.testSuite.runSeleniumTestCasesForQA');">
                    Properties &raquo;
                </a>
</div>
<div class="Properties">
<a href="./0_runSeleniumTestCasesForQA-out.html">
                        System.out &raquo;
                    </a>
</div>
<div class="Properties">
<a href="./0_runSeleniumTestCasesForQA-err.html">
                        System.err &raquo;
                    </a>
</div>
</body>
</html>
