<html xmlns:string="xalan://java.lang.String" xmlns:lxslt="http://xml.apache.org/xslt">
<head>
<META http-equiv="Content-Type" content="text/html; charset=UTF-8">
<title>Unit Test Results: All Tests</title>
<link rel="stylesheet" type="text/css" title="Style" href="stylesheet.css">
</head>
<body onload="open('allclasses-frame.html','classListFrame')">
<h1>Unit Test Results.</h1>
<table width="100%">
<tr>
<td align="left"></td><td align="right">Designed for use with <a href="http://www.junit.org/">JUnit</a> and <a href="http://ant.apache.org/">Ant</a>.</td>
</tr>
</table>
<hr size="1">
<h2>All Tests</h2>
<table class="details" border="0" cellpadding="5" cellspacing="2" width="95%">
<tr valign="top">
<th>Class</th><th>Name</th><th>Status</th><th width="80%">Type</th><th nowrap>Time(s)</th>
</tr>
<tr valign="top" class="TableRowColor">
<td><a href="comcast/test/testSuite/0_runSeleniumTestCasesForQA.html">runSeleniumTestCasesForQA</a></td><td><a name="testVerifyAllHomeCategoriesAreDisplayed"></a><a href="comcast/test/testSuite/0_runSeleniumTestCasesForQA.html#testVerifyAllHomeCategoriesAreDisplayed">testVerifyAllHomeCategoriesAreDisplayed</a></td><td>Success</td><td></td><td>115.636</td>
</tr>
<tr valign="top" class="TableRowColor">
<td><a href="comcast/test/testSuite/0_runSeleniumTestCasesForQA.html">runSeleniumTestCasesForQA</a></td><td><a name="testVerifyHeaderlinksWithoutLogin"></a><a href="comcast/test/testSuite/0_runSeleniumTestCasesForQA.html#testVerifyHeaderlinksWithoutLogin">testVerifyHeaderlinksWithoutLogin</a></td><td>Success</td><td></td><td>71.722</td>
</tr>
<tr valign="top" class="TableRowColor">
<td><a href="comcast/test/testSuite/0_runSeleniumTestCasesForQA.html">runSeleniumTestCasesForQA</a></td><td><a name="testVerifyHeaderlinksWithLogin"></a><a href="comcast/test/testSuite/0_runSeleniumTestCasesForQA.html#testVerifyHeaderlinksWithLogin">testVerifyHeaderlinksWithLogin</a></td><td>Success</td><td></td><td>88.422</td>
</tr>
<tr valign="top" class="TableRowColor">
<td><a href="comcast/test/testSuite/0_runSeleniumTestCasesForQA.html">runSeleniumTestCasesForQA</a></td><td><a name="testVerifyFooterlinksWithoutLogin"></a><a href="comcast/test/testSuite/0_runSeleniumTestCasesForQA.html#testVerifyFooterlinksWithoutLogin">testVerifyFooterlinksWithoutLogin</a></td><td>Success</td><td></td><td>90.282</td>
</tr>
<tr valign="top" class="TableRowColor">
<td><a href="comcast/test/testSuite/0_runSeleniumTestCasesForQA.html">runSeleniumTestCasesForQA</a></td><td><a name="testVerifyFooterlinksWithLogin"></a><a href="comcast/test/testSuite/0_runSeleniumTestCasesForQA.html#testVerifyFooterlinksWithLogin">testVerifyFooterlinksWithLogin</a></td><td>Success</td><td></td><td>105.589</td>
</tr>
<tr valign="top" class="TableRowColor">
<td><a href="comcast/test/testSuite/0_runSeleniumTestCasesForQA.html">runSeleniumTestCasesForQA</a></td><td><a name="testVerifyClickingOnWatchableHeaderLogoNavigatesHomePage"></a><a href="comcast/test/testSuite/0_runSeleniumTestCasesForQA.html#testVerifyClickingOnWatchableHeaderLogoNavigatesHomePage">testVerifyClickingOnWatchableHeaderLogoNavigatesHomePage</a></td><td>Success</td><td></td><td>82.910</td>
</tr>
<tr valign="top" class="TableRowColor">
<td><a href="comcast/test/testSuite/0_runSeleniumTestCasesForQA.html">runSeleniumTestCasesForQA</a></td><td><a name="testVerifyClickingOnWatchableFooterLogoNavigatesHomePage"></a><a href="comcast/test/testSuite/0_runSeleniumTestCasesForQA.html#testVerifyClickingOnWatchableFooterLogoNavigatesHomePage">testVerifyClickingOnWatchableFooterLogoNavigatesHomePage</a></td><td>Success</td><td></td><td>99.836</td>
</tr>
<tr valign="top" class="TableRowColor">
<td><a href="comcast/test/testSuite/0_runSeleniumTestCasesForQA.html">runSeleniumTestCasesForQA</a></td><td><a name="testVerifyFeaturedPlaylistsAreDisplayed"></a><a href="comcast/test/testSuite/0_runSeleniumTestCasesForQA.html#testVerifyFeaturedPlaylistsAreDisplayed">testVerifyFeaturedPlaylistsAreDisplayed</a></td><td>Success</td><td></td><td>63.934</td>
</tr>
<tr valign="top" class="TableRowColor">
<td><a href="comcast/test/testSuite/0_runSeleniumTestCasesForQA.html">runSeleniumTestCasesForQA</a></td><td><a name="testVerifySixVideosDisplayedInFeaturedPlaylistsSection"></a><a href="comcast/test/testSuite/0_runSeleniumTestCasesForQA.html#testVerifySixVideosDisplayedInFeaturedPlaylistsSection">testVerifySixVideosDisplayedInFeaturedPlaylistsSection</a></td><td>Success</td><td></td><td>50.176</td>
</tr>
<tr valign="top" class="TableRowColor">
<td><a href="comcast/test/testSuite/0_runSeleniumTestCasesForQA.html">runSeleniumTestCasesForQA</a></td><td><a name="testVerifySelectedVideoDetailsInFeaturedPlaylists"></a><a href="comcast/test/testSuite/0_runSeleniumTestCasesForQA.html#testVerifySelectedVideoDetailsInFeaturedPlaylists">testVerifySelectedVideoDetailsInFeaturedPlaylists</a></td><td>Success</td><td></td><td>52.381</td>
</tr>
<tr valign="top" class="TableRowColor">
<td><a href="comcast/test/testSuite/0_runSeleniumTestCasesForQA.html">runSeleniumTestCasesForQA</a></td><td><a name="testVerifyGenreButtonDisplayedInFeaturedPlaylistsVideos"></a><a href="comcast/test/testSuite/0_runSeleniumTestCasesForQA.html#testVerifyGenreButtonDisplayedInFeaturedPlaylistsVideos">testVerifyGenreButtonDisplayedInFeaturedPlaylistsVideos</a></td><td>Success</td><td></td><td>56.723</td>
</tr>
<tr valign="top" class="TableRowColor">
<td><a href="comcast/test/testSuite/0_runSeleniumTestCasesForQA.html">runSeleniumTestCasesForQA</a></td><td><a name="testVerifyFeaturedVideosAreDisplayed"></a><a href="comcast/test/testSuite/0_runSeleniumTestCasesForQA.html#testVerifyFeaturedVideosAreDisplayed">testVerifyFeaturedVideosAreDisplayed</a></td><td>Success</td><td></td><td>78.290</td>
</tr>
<tr valign="top" class="TableRowColor">
<td><a href="comcast/test/testSuite/0_runSeleniumTestCasesForQA.html">runSeleniumTestCasesForQA</a></td><td><a name="testVerifyFeaturedChannelsAreDisplayed"></a><a href="comcast/test/testSuite/0_runSeleniumTestCasesForQA.html#testVerifyFeaturedChannelsAreDisplayed">testVerifyFeaturedChannelsAreDisplayed</a></td><td>Success</td><td></td><td>73.229</td>
</tr>
<tr valign="top" class="TableRowColor">
<td><a href="comcast/test/testSuite/0_runSeleniumTestCasesForQA.html">runSeleniumTestCasesForQA</a></td><td><a name="testVerifyAllGenreCategories"></a><a href="comcast/test/testSuite/0_runSeleniumTestCasesForQA.html#testVerifyAllGenreCategories">testVerifyAllGenreCategories</a></td><td>Success</td><td></td><td>69.158</td>
</tr>
<tr valign="top" class="TableRowColor">
<td><a href="comcast/test/testSuite/0_runSeleniumTestCasesForQA.html">runSeleniumTestCasesForQA</a></td><td><a name="testVerifyAllGenreChannelsCategories"></a><a href="comcast/test/testSuite/0_runSeleniumTestCasesForQA.html#testVerifyAllGenreChannelsCategories">testVerifyAllGenreChannelsCategories</a></td><td>Success</td><td></td><td>83.771</td>
</tr>
<tr valign="top" class="TableRowColor">
<td><a href="comcast/test/testSuite/0_runSeleniumTestCasesForQA.html">runSeleniumTestCasesForQA</a></td><td><a name="testVerifyEightVideosDisplayedInFeaturedVideosSection"></a><a href="comcast/test/testSuite/0_runSeleniumTestCasesForQA.html#testVerifyEightVideosDisplayedInFeaturedVideosSection">testVerifyEightVideosDisplayedInFeaturedVideosSection</a></td><td>Success</td><td></td><td>64.494</td>
</tr>
<tr valign="top" class="TableRowColor">
<td><a href="comcast/test/testSuite/0_runSeleniumTestCasesForQA.html">runSeleniumTestCasesForQA</a></td><td><a name="testVerifyEightChannelsDisplayedInFeaturedShowSection"></a><a href="comcast/test/testSuite/0_runSeleniumTestCasesForQA.html#testVerifyEightChannelsDisplayedInFeaturedShowSection">testVerifyEightChannelsDisplayedInFeaturedShowSection</a></td><td>Success</td><td></td><td>85.541</td>
</tr>
<tr valign="top" class="TableRowColor">
<td><a href="comcast/test/testSuite/0_runSeleniumTestCasesForQA.html">runSeleniumTestCasesForQA</a></td><td><a name="testVerifyHomePageTitle"></a><a href="comcast/test/testSuite/0_runSeleniumTestCasesForQA.html#testVerifyHomePageTitle">testVerifyHomePageTitle</a></td><td>Success</td><td></td><td>65.340</td>
</tr>
<tr valign="top" class="TableRowColor">
<td><a href="comcast/test/testSuite/0_runSeleniumTestCasesForQA.html">runSeleniumTestCasesForQA</a></td><td><a name="testVerifyWatchButtonDisplayedInFeaturedPlaylistsVideos"></a><a href="comcast/test/testSuite/0_runSeleniumTestCasesForQA.html#testVerifyWatchButtonDisplayedInFeaturedPlaylistsVideos">testVerifyWatchButtonDisplayedInFeaturedPlaylistsVideos</a></td><td>Success</td><td></td><td>42.444</td>
</tr>
<tr valign="top" class="TableRowColor">
<td><a href="comcast/test/testSuite/0_runSeleniumTestCasesForQA.html">runSeleniumTestCasesForQA</a></td><td><a name="testVerifyPlayIconDisplayedInFeaturedPlaylistsVideos"></a><a href="comcast/test/testSuite/0_runSeleniumTestCasesForQA.html#testVerifyPlayIconDisplayedInFeaturedPlaylistsVideos">testVerifyPlayIconDisplayedInFeaturedPlaylistsVideos</a></td><td>Success</td><td></td><td>63.163</td>
</tr>
<tr valign="top" class="TableRowColor">
<td><a href="comcast/test/testSuite/0_runSeleniumTestCasesForQA.html">runSeleniumTestCasesForQA</a></td><td><a name="testVerifyMoreLinkDisplayedInGenreShowSection"></a><a href="comcast/test/testSuite/0_runSeleniumTestCasesForQA.html#testVerifyMoreLinkDisplayedInGenreShowSection">testVerifyMoreLinkDisplayedInGenreShowSection</a></td><td>Success</td><td></td><td>71.047</td>
</tr>
<tr valign="top" class="TableRowColor">
<td><a href="comcast/test/testSuite/0_runSeleniumTestCasesForQA.html">runSeleniumTestCasesForQA</a></td><td><a name="testVerifyFooterWatchableLogoNotClickableInHomePage"></a><a href="comcast/test/testSuite/0_runSeleniumTestCasesForQA.html#testVerifyFooterWatchableLogoNotClickableInHomePage">testVerifyFooterWatchableLogoNotClickableInHomePage</a></td><td>Success</td><td></td><td>92.308</td>
</tr>
<tr valign="top" class="TableRowColor">
<td><a href="comcast/test/testSuite/0_runSeleniumTestCasesForQA.html">runSeleniumTestCasesForQA</a></td><td><a name="testVerifyFooterHomeLinkNotClickableInHomePage"></a><a href="comcast/test/testSuite/0_runSeleniumTestCasesForQA.html#testVerifyFooterHomeLinkNotClickableInHomePage">testVerifyFooterHomeLinkNotClickableInHomePage</a></td><td>Success</td><td></td><td>85.407</td>
</tr>
<tr valign="top" class="TableRowColor">
<td><a href="comcast/test/testSuite/0_runSeleniumTestCasesForQA.html">runSeleniumTestCasesForQA</a></td><td><a name="testVerifyHeaderWatchableLogoNotClickableInHomePage"></a><a href="comcast/test/testSuite/0_runSeleniumTestCasesForQA.html#testVerifyHeaderWatchableLogoNotClickableInHomePage">testVerifyHeaderWatchableLogoNotClickableInHomePage</a></td><td>Success</td><td></td><td>43.325</td>
</tr>
<tr valign="top" class="TableRowColor">
<td><a href="comcast/test/testSuite/0_runSeleniumTestCasesForQA.html">runSeleniumTestCasesForQA</a></td><td><a name="testVeriyLogInPageContent"></a><a href="comcast/test/testSuite/0_runSeleniumTestCasesForQA.html#testVeriyLogInPageContent">testVeriyLogInPageContent</a></td><td>Success</td><td></td><td>66.803</td>
</tr>
<tr valign="top" class="TableRowColor">
<td><a href="comcast/test/testSuite/0_runSeleniumTestCasesForQA.html">runSeleniumTestCasesForQA</a></td><td><a name="testVerifyLoginPageDetailsWithEmptyFields"></a><a href="comcast/test/testSuite/0_runSeleniumTestCasesForQA.html#testVerifyLoginPageDetailsWithEmptyFields">testVerifyLoginPageDetailsWithEmptyFields</a></td><td>Success</td><td></td><td>60.171</td>
</tr>
<tr valign="top" class="TableRowColor">
<td><a href="comcast/test/testSuite/0_runSeleniumTestCasesForQA.html">runSeleniumTestCasesForQA</a></td><td><a name="testLoginToWatchableUsingDigits"></a><a href="comcast/test/testSuite/0_runSeleniumTestCasesForQA.html#testLoginToWatchableUsingDigits">testLoginToWatchableUsingDigits</a></td><td>Success</td><td></td><td>77.640</td>
</tr>
<tr valign="top" class="TableRowColor">
<td><a href="comcast/test/testSuite/0_runSeleniumTestCasesForQA.html">runSeleniumTestCasesForQA</a></td><td><a name="testLoginToWatchableUsingInValidPassword"></a><a href="comcast/test/testSuite/0_runSeleniumTestCasesForQA.html#testLoginToWatchableUsingInValidPassword">testLoginToWatchableUsingInValidPassword</a></td><td>Success</td><td></td><td>74.403</td>
</tr>
<tr valign="top" class="TableRowColor">
<td><a href="comcast/test/testSuite/0_runSeleniumTestCasesForQA.html">runSeleniumTestCasesForQA</a></td><td><a name="testLoginToWatchableUsingInValidUserName"></a><a href="comcast/test/testSuite/0_runSeleniumTestCasesForQA.html#testLoginToWatchableUsingInValidUserName">testLoginToWatchableUsingInValidUserName</a></td><td>Success</td><td></td><td>71.298</td>
</tr>
<tr valign="top" class="TableRowColor">
<td><a href="comcast/test/testSuite/0_runSeleniumTestCasesForQA.html">runSeleniumTestCasesForQA</a></td><td><a name="testLoginToWatchableUsingJavaScript"></a><a href="comcast/test/testSuite/0_runSeleniumTestCasesForQA.html#testLoginToWatchableUsingJavaScript">testLoginToWatchableUsingJavaScript</a></td><td>Success</td><td></td><td>75.263</td>
</tr>
<tr valign="top" class="TableRowColor">
<td><a href="comcast/test/testSuite/0_runSeleniumTestCasesForQA.html">runSeleniumTestCasesForQA</a></td><td><a name="testLoginToWatchableUsingSpecialCharacters"></a><a href="comcast/test/testSuite/0_runSeleniumTestCasesForQA.html#testLoginToWatchableUsingSpecialCharacters">testLoginToWatchableUsingSpecialCharacters</a></td><td>Success</td><td></td><td>66.975</td>
</tr>
<tr valign="top" class="TableRowColor">
<td><a href="comcast/test/testSuite/0_runSeleniumTestCasesForQA.html">runSeleniumTestCasesForQA</a></td><td><a name="testLoginToWatchableUsingSQLKeyWords"></a><a href="comcast/test/testSuite/0_runSeleniumTestCasesForQA.html#testLoginToWatchableUsingSQLKeyWords">testLoginToWatchableUsingSQLKeyWords</a></td><td>Success</td><td></td><td>54.036</td>
</tr>
<tr valign="top" class="TableRowColor">
<td><a href="comcast/test/testSuite/0_runSeleniumTestCasesForQA.html">runSeleniumTestCasesForQA</a></td><td><a name="testLoginToWatchableUsingSQLStatement"></a><a href="comcast/test/testSuite/0_runSeleniumTestCasesForQA.html#testLoginToWatchableUsingSQLStatement">testLoginToWatchableUsingSQLStatement</a></td><td>Success</td><td></td><td>80.490</td>
</tr>
<tr valign="top" class="TableRowColor">
<td><a href="comcast/test/testSuite/0_runSeleniumTestCasesForQA.html">runSeleniumTestCasesForQA</a></td><td><a name="testLoginToWatchableWithInValidCredentials"></a><a href="comcast/test/testSuite/0_runSeleniumTestCasesForQA.html#testLoginToWatchableWithInValidCredentials">testLoginToWatchableWithInValidCredentials</a></td><td>Success</td><td></td><td>69.045</td>
</tr>
<tr valign="top" class="TableRowColor">
<td><a href="comcast/test/testSuite/0_runSeleniumTestCasesForQA.html">runSeleniumTestCasesForQA</a></td><td><a name="testVerifyLoginPageMandatoryFields"></a><a href="comcast/test/testSuite/0_runSeleniumTestCasesForQA.html#testVerifyLoginPageMandatoryFields">testVerifyLoginPageMandatoryFields</a></td><td>Success</td><td></td><td>61.411</td>
</tr>
<tr valign="top" class="TableRowColor">
<td><a href="comcast/test/testSuite/0_runSeleniumTestCasesForQA.html">runSeleniumTestCasesForQA</a></td><td><a name="testLoginToWatchableWithValidCredentials"></a><a href="comcast/test/testSuite/0_runSeleniumTestCasesForQA.html#testLoginToWatchableWithValidCredentials">testLoginToWatchableWithValidCredentials</a></td><td>Success</td><td></td><td>52.124</td>
</tr>
<tr valign="top" class="TableRowColor">
<td><a href="comcast/test/testSuite/0_runSeleniumTestCasesForQA.html">runSeleniumTestCasesForQA</a></td><td><a name="testValidateRememberMeFunctionality"></a><a href="comcast/test/testSuite/0_runSeleniumTestCasesForQA.html#testValidateRememberMeFunctionality">testValidateRememberMeFunctionality</a></td><td>Success</td><td></td><td>98.122</td>
</tr>
<tr valign="top" class="TableRowColor">
<td><a href="comcast/test/testSuite/0_runSeleniumTestCasesForQA.html">runSeleniumTestCasesForQA</a></td><td><a name="testVerifyLogoutFromWatchable"></a><a href="comcast/test/testSuite/0_runSeleniumTestCasesForQA.html#testVerifyLogoutFromWatchable">testVerifyLogoutFromWatchable</a></td><td>Success</td><td></td><td>107.056</td>
</tr>
<tr valign="top" class="TableRowColor">
<td><a href="comcast/test/testSuite/0_runSeleniumTestCasesForQA.html">runSeleniumTestCasesForQA</a></td><td><a name="testVerifyLogInFormCloseButton"></a><a href="comcast/test/testSuite/0_runSeleniumTestCasesForQA.html#testVerifyLogInFormCloseButton">testVerifyLogInFormCloseButton</a></td><td>Success</td><td></td><td>43.560</td>
</tr>
<tr valign="top" class="TableRowColor">
<td><a href="comcast/test/testSuite/0_runSeleniumTestCasesForQA.html">runSeleniumTestCasesForQA</a></td><td><a name="testVerifyUserProfileMenu"></a><a href="comcast/test/testSuite/0_runSeleniumTestCasesForQA.html#testVerifyUserProfileMenu">testVerifyUserProfileMenu</a></td><td>Success</td><td></td><td>69.895</td>
</tr>
<tr valign="top" class="TableRowColor">
<td><a href="comcast/test/testSuite/0_runSeleniumTestCasesForQA.html">runSeleniumTestCasesForQA</a></td><td><a name="testVerifyLoginPageDirectURL"></a><a href="comcast/test/testSuite/0_runSeleniumTestCasesForQA.html#testVerifyLoginPageDirectURL">testVerifyLoginPageDirectURL</a></td><td>Success</td><td></td><td>47.933</td>
</tr>
<tr valign="top" class="TableRowColor">
<td><a href="comcast/test/testSuite/0_runSeleniumTestCasesForQA.html">runSeleniumTestCasesForQA</a></td><td><a name="testVeriyForgotPasswordPageContent"></a><a href="comcast/test/testSuite/0_runSeleniumTestCasesForQA.html#testVeriyForgotPasswordPageContent">testVeriyForgotPasswordPageContent</a></td><td>Success</td><td></td><td>54.667</td>
</tr>
<tr valign="top" class="TableRowColor">
<td><a href="comcast/test/testSuite/0_runSeleniumTestCasesForQA.html">runSeleniumTestCasesForQA</a></td><td><a name="testVerifyForgotPasswordPageDetailsWithEmptyFields"></a><a href="comcast/test/testSuite/0_runSeleniumTestCasesForQA.html#testVerifyForgotPasswordPageDetailsWithEmptyFields">testVerifyForgotPasswordPageDetailsWithEmptyFields</a></td><td>Success</td><td></td><td>55.526</td>
</tr>
<tr valign="top" class="TableRowColor">
<td><a href="comcast/test/testSuite/0_runSeleniumTestCasesForQA.html">runSeleniumTestCasesForQA</a></td><td><a name="testVerifyForgotPasswordFunctionalityWithNoEmail"></a><a href="comcast/test/testSuite/0_runSeleniumTestCasesForQA.html#testVerifyForgotPasswordFunctionalityWithNoEmail">testVerifyForgotPasswordFunctionalityWithNoEmail</a></td><td>Success</td><td></td><td>56.646</td>
</tr>
<tr valign="top" class="TableRowColor">
<td><a href="comcast/test/testSuite/0_runSeleniumTestCasesForQA.html">runSeleniumTestCasesForQA</a></td><td><a name="testVerifyForgotPasswordWithInValidEmailIdFormat"></a><a href="comcast/test/testSuite/0_runSeleniumTestCasesForQA.html#testVerifyForgotPasswordWithInValidEmailIdFormat">testVerifyForgotPasswordWithInValidEmailIdFormat</a></td><td>Success</td><td></td><td>50.336</td>
</tr>
<tr valign="top" class="TableRowColor">
<td><a href="comcast/test/testSuite/0_runSeleniumTestCasesForQA.html">runSeleniumTestCasesForQA</a></td><td><a name="testVerifyForgotPasswordWithInValidEmailId"></a><a href="comcast/test/testSuite/0_runSeleniumTestCasesForQA.html#testVerifyForgotPasswordWithInValidEmailId">testVerifyForgotPasswordWithInValidEmailId</a></td><td>Success</td><td></td><td>60.077</td>
</tr>
<tr valign="top" class="TableRowColor">
<td><a href="comcast/test/testSuite/0_runSeleniumTestCasesForQA.html">runSeleniumTestCasesForQA</a></td><td><a name="testVerifyForgotPasswordFunctionalityWithValidEmail"></a><a href="comcast/test/testSuite/0_runSeleniumTestCasesForQA.html#testVerifyForgotPasswordFunctionalityWithValidEmail">testVerifyForgotPasswordFunctionalityWithValidEmail</a></td><td>Success</td><td></td><td>67.644</td>
</tr>
<tr valign="top" class="TableRowColor">
<td><a href="comcast/test/testSuite/0_runSeleniumTestCasesForQA.html">runSeleniumTestCasesForQA</a></td><td><a name="testVerifyForgotPasswordFormCloseButton"></a><a href="comcast/test/testSuite/0_runSeleniumTestCasesForQA.html#testVerifyForgotPasswordFormCloseButton">testVerifyForgotPasswordFormCloseButton</a></td><td>Success</td><td></td><td>52.418</td>
</tr>
<tr valign="top" class="TableRowColor">
<td><a href="comcast/test/testSuite/0_runSeleniumTestCasesForQA.html">runSeleniumTestCasesForQA</a></td><td><a name="testVeriyResetPasswordPageContent"></a><a href="comcast/test/testSuite/0_runSeleniumTestCasesForQA.html#testVeriyResetPasswordPageContent">testVeriyResetPasswordPageContent</a></td><td>Success</td><td></td><td>75.669</td>
</tr>
<tr valign="top" class="TableRowColor">
<td><a href="comcast/test/testSuite/0_runSeleniumTestCasesForQA.html">runSeleniumTestCasesForQA</a></td><td><a name="testVerifyChangePasswordPageDetailsWithEmptyFields"></a><a href="comcast/test/testSuite/0_runSeleniumTestCasesForQA.html#testVerifyChangePasswordPageDetailsWithEmptyFields">testVerifyChangePasswordPageDetailsWithEmptyFields</a></td><td>Success</td><td></td><td>73.956</td>
</tr>
<tr valign="top" class="TableRowColor">
<td><a href="comcast/test/testSuite/0_runSeleniumTestCasesForQA.html">runSeleniumTestCasesForQA</a></td><td><a name="testVerifyChangePasswordMandatoryFields"></a><a href="comcast/test/testSuite/0_runSeleniumTestCasesForQA.html#testVerifyChangePasswordMandatoryFields">testVerifyChangePasswordMandatoryFields</a></td><td>Success</td><td></td><td>75.205</td>
</tr>
<tr valign="top" class="TableRowColor">
<td><a href="comcast/test/testSuite/0_runSeleniumTestCasesForQA.html">runSeleniumTestCasesForQA</a></td><td><a name="testValidateChangePassByEnteringCurrentPassword"></a><a href="comcast/test/testSuite/0_runSeleniumTestCasesForQA.html#testValidateChangePassByEnteringCurrentPassword">testValidateChangePassByEnteringCurrentPassword</a></td><td>Success</td><td></td><td>87.200</td>
</tr>
<tr valign="top" class="TableRowColor">
<td><a href="comcast/test/testSuite/0_runSeleniumTestCasesForQA.html">runSeleniumTestCasesForQA</a></td><td><a name="testValidateChangePassByEnteringCurrentPassword"></a><a href="comcast/test/testSuite/0_runSeleniumTestCasesForQA.html#testValidateChangePassByEnteringCurrentPassword">testValidateChangePassByEnteringCurrentPassword</a></td><td>Success</td><td></td><td>79.562</td>
</tr>
<tr valign="top" class="TableRowColor">
<td><a href="comcast/test/testSuite/0_runSeleniumTestCasesForQA.html">runSeleniumTestCasesForQA</a></td><td><a name="testValidateNewPasswordAndConfirmPasswordMatch"></a><a href="comcast/test/testSuite/0_runSeleniumTestCasesForQA.html#testValidateNewPasswordAndConfirmPasswordMatch">testValidateNewPasswordAndConfirmPasswordMatch</a></td><td>Success</td><td></td><td>87.308</td>
</tr>
<tr valign="top" class="TableRowColor">
<td><a href="comcast/test/testSuite/0_runSeleniumTestCasesForQA.html">runSeleniumTestCasesForQA</a></td><td><a name="testVerifyChangePasswordFunctionality"></a><a href="comcast/test/testSuite/0_runSeleniumTestCasesForQA.html#testVerifyChangePasswordFunctionality">testVerifyChangePasswordFunctionality</a></td><td>Success</td><td></td><td>45.135</td>
</tr>
<tr valign="top" class="TableRowColor">
<td><a href="comcast/test/testSuite/0_runSeleniumTestCasesForQA.html">runSeleniumTestCasesForQA</a></td><td><a name="testVerifyResetPasswordFormCloseButton"></a><a href="comcast/test/testSuite/0_runSeleniumTestCasesForQA.html#testVerifyResetPasswordFormCloseButton">testVerifyResetPasswordFormCloseButton</a></td><td>Success</td><td></td><td>76.232</td>
</tr>
<tr valign="top" class="TableRowColor">
<td><a href="comcast/test/testSuite/0_runSeleniumTestCasesForQA.html">runSeleniumTestCasesForQA</a></td><td><a name="testVeriySignUpPageContent"></a><a href="comcast/test/testSuite/0_runSeleniumTestCasesForQA.html#testVeriySignUpPageContent">testVeriySignUpPageContent</a></td><td>Success</td><td></td><td>54.582</td>
</tr>
<tr valign="top" class="TableRowColor">
<td><a href="comcast/test/testSuite/0_runSeleniumTestCasesForQA.html">runSeleniumTestCasesForQA</a></td><td><a name="testRegToWatchableWithoutProvidingAnyDetails"></a><a href="comcast/test/testSuite/0_runSeleniumTestCasesForQA.html#testRegToWatchableWithoutProvidingAnyDetails">testRegToWatchableWithoutProvidingAnyDetails</a></td><td>Success</td><td></td><td>56.698</td>
</tr>
<tr valign="top" class="TableRowColor">
<td><a href="comcast/test/testSuite/0_runSeleniumTestCasesForQA.html">runSeleniumTestCasesForQA</a></td><td><a name="testValidateCaptchaMandarotyField"></a><a href="comcast/test/testSuite/0_runSeleniumTestCasesForQA.html#testValidateCaptchaMandarotyField">testValidateCaptchaMandarotyField</a></td><td>Success</td><td></td><td>62.843</td>
</tr>
<tr valign="top" class="TableRowColor">
<td><a href="comcast/test/testSuite/0_runSeleniumTestCasesForQA.html">runSeleniumTestCasesForQA</a></td><td><a name="testRegToWatchableByEnteringExistingEmailID"></a><a href="comcast/test/testSuite/0_runSeleniumTestCasesForQA.html#testRegToWatchableByEnteringExistingEmailID">testRegToWatchableByEnteringExistingEmailID</a></td><td>Success</td><td></td><td>55.350</td>
</tr>
<tr valign="top" class="TableRowColor">
<td><a href="comcast/test/testSuite/0_runSeleniumTestCasesForQA.html">runSeleniumTestCasesForQA</a></td><td><a name="testRegToWatchableByEnteringInValidEmail"></a><a href="comcast/test/testSuite/0_runSeleniumTestCasesForQA.html#testRegToWatchableByEnteringInValidEmail">testRegToWatchableByEnteringInValidEmail</a></td><td>Success</td><td></td><td>56.498</td>
</tr>
<tr valign="top" class="Error">
<td><a href="comcast/test/testSuite/0_runSeleniumTestCasesForQA.html">runSeleniumTestCasesForQA</a></td><td><a name="testRegToWatchableWithoutEnteringEmail"></a><a href="comcast/test/testSuite/0_runSeleniumTestCasesForQA.html#testRegToWatchableWithoutEnteringEmail">testRegToWatchableWithoutEnteringEmail</a></td><td>Error</td><td>invalid element state: Element is not currently interactable and may not be manipulated
  (Session info: chrome=46.0.2490.80)
  (Driver info: chromedriver=2.9.248315,platform=Windows NT 6.1 SP1 x86_64) (WARNING: The server did not provide any stacktrace information)
Command duration or timeout: 664 milliseconds
Build info: version: '2.43.1', revision: '5163bce', time: '2014-09-10 16:27:33'
System info: host: 'VDC01DELW0204', ip: '192.168.162.28', os.name: 'Windows 7', os.arch: 'amd64', os.version: '6.1', java.version: '1.7.0_40'
Session ID: 3525f9f16911e66507c99d73ccd24765
Driver info: org.openqa.selenium.chrome.ChromeDriver
Capabilities [{platform=XP, acceptSslCerts=true, javascriptEnabled=true, browserName=chrome, chrome={userDataDir=C:\Users\MANOJ~1.PAR\AppData\Local\Temp\scoped_dir4876_9189}, rotatable=false, locationContextEnabled=true, version=46.0.2490.80, takesHeapSnapshot=true, cssSelectorsEnabled=true, databaseEnabled=false, handlesAlerts=true, browserConnectionEnabled=false, nativeEvents=true, webStorageEnabled=true, applicationCacheEnabled=false, takesScreenshot=true}]<br>
<br>
<code>org.openqa.selenium.InvalidElementStateException: invalid element state: Element is not currently interactable and may not be manipulated<br>  (Session info: chrome=46.0.2490.80)<br>  (Driver info: chromedriver=2.9.248315,platform=Windows NT 6.1 SP1 x86_64) (WARNING: The server did not provide any stacktrace information)<br>Command duration or timeout: 664 milliseconds<br>Build info: version: '2.43.1', revision: '5163bce', time: '2014-09-10 16:27:33'<br>System info: host: 'VDC01DELW0204', ip: '192.168.162.28', os.name: 'Windows 7', os.arch: 'amd64', os.version: '6.1', java.version: '1.7.0_40'<br>Session ID: 3525f9f16911e66507c99d73ccd24765<br>Driver info: org.openqa.selenium.chrome.ChromeDriver<br>Capabilities [{platform=XP, acceptSslCerts=true, javascriptEnabled=true, browserName=chrome, chrome={userDataDir=C:\Users\MANOJ~1.PAR\AppData\Local\Temp\scoped_dir4876_9189}, rotatable=false, locationContextEnabled=true, version=46.0.2490.80, takesHeapSnapshot=true, cssSelectorsEnabled=true, databaseEnabled=false, handlesAlerts=true, browserConnectionEnabled=false, nativeEvents=true, webStorageEnabled=true, applicationCacheEnabled=false, takesScreenshot=true}]<br>	at java.lang.reflect.Constructor.newInstance(Constructor.java:526)<br>	at org.openqa.selenium.remote.ErrorHandler.createThrowable(ErrorHandler.java:204)<br>	at org.openqa.selenium.remote.ErrorHandler.throwIfResponseFailed(ErrorHandler.java:156)<br>	at org.openqa.selenium.remote.RemoteWebDriver.execute(RemoteWebDriver.java:599)<br>	at org.openqa.selenium.remote.RemoteWebElement.execute(RemoteWebElement.java:268)<br>	at org.openqa.selenium.remote.RemoteWebElement.clear(RemoteWebElement.java:113)<br>	at comcast.test.app.testCases.signUp.signUpFunctions.SignUpFun.enterSignUpDetails(SignUpFun.java:176)<br>	at comcast.test.app.testCases.signUp.RegToWatchableWithoutEnteringEmail.testRegToWatchableWithoutEnteringEmail(RegToWatchableWithoutEnteringEmail.java:52)<br>
</code></td><td>52.058</td>
</tr>
<tr valign="top" class="TableRowColor">
<td><a href="comcast/test/testSuite/0_runSeleniumTestCasesForQA.html">runSeleniumTestCasesForQA</a></td><td><a name="testRegToWatchableByProvidingDifferentConfPass"></a><a href="comcast/test/testSuite/0_runSeleniumTestCasesForQA.html#testRegToWatchableByProvidingDifferentConfPass">testRegToWatchableByProvidingDifferentConfPass</a></td><td>Success</td><td></td><td>60.521</td>
</tr>
<tr valign="top" class="TableRowColor">
<td><a href="comcast/test/testSuite/0_runSeleniumTestCasesForQA.html">runSeleniumTestCasesForQA</a></td><td><a name="testRegToWatchableWithoutEnteringConfPass"></a><a href="comcast/test/testSuite/0_runSeleniumTestCasesForQA.html#testRegToWatchableWithoutEnteringConfPass">testRegToWatchableWithoutEnteringConfPass</a></td><td>Success</td><td></td><td>64.534</td>
</tr>
<tr valign="top" class="TableRowColor">
<td><a href="comcast/test/testSuite/0_runSeleniumTestCasesForQA.html">runSeleniumTestCasesForQA</a></td><td><a name="testRegisterToWatchableByEnteringInValidLengthOfPassword"></a><a href="comcast/test/testSuite/0_runSeleniumTestCasesForQA.html#testRegisterToWatchableByEnteringInValidLengthOfPassword">testRegisterToWatchableByEnteringInValidLengthOfPassword</a></td><td>Success</td><td></td><td>55.661</td>
</tr>
<tr valign="top" class="TableRowColor">
<td><a href="comcast/test/testSuite/0_runSeleniumTestCasesForQA.html">runSeleniumTestCasesForQA</a></td><td><a name="testRegisterToWatchableByEnteringNonCapitalLetterPassword"></a><a href="comcast/test/testSuite/0_runSeleniumTestCasesForQA.html#testRegisterToWatchableByEnteringNonCapitalLetterPassword">testRegisterToWatchableByEnteringNonCapitalLetterPassword</a></td><td>Success</td><td></td><td>49.560</td>
</tr>
<tr valign="top" class="TableRowColor">
<td><a href="comcast/test/testSuite/0_runSeleniumTestCasesForQA.html">runSeleniumTestCasesForQA</a></td><td><a name="testRegisterToWatchableByEnteringNonDigitPassword"></a><a href="comcast/test/testSuite/0_runSeleniumTestCasesForQA.html#testRegisterToWatchableByEnteringNonDigitPassword">testRegisterToWatchableByEnteringNonDigitPassword</a></td><td>Success</td><td></td><td>46.182</td>
</tr>
<tr valign="top" class="TableRowColor">
<td><a href="comcast/test/testSuite/0_runSeleniumTestCasesForQA.html">runSeleniumTestCasesForQA</a></td><td><a name="testRegisterToWatchableWithoutEnteringPassword"></a><a href="comcast/test/testSuite/0_runSeleniumTestCasesForQA.html#testRegisterToWatchableWithoutEnteringPassword">testRegisterToWatchableWithoutEnteringPassword</a></td><td>Success</td><td></td><td>55.858</td>
</tr>
<tr valign="top" class="TableRowColor">
<td><a href="comcast/test/testSuite/0_runSeleniumTestCasesForQA.html">runSeleniumTestCasesForQA</a></td><td><a name="testRegToWatchableWithoutSelectingACheckBox"></a><a href="comcast/test/testSuite/0_runSeleniumTestCasesForQA.html#testRegToWatchableWithoutSelectingACheckBox">testRegToWatchableWithoutSelectingACheckBox</a></td><td>Success</td><td></td><td>51.405</td>
</tr>
<tr valign="top" class="TableRowColor">
<td><a href="comcast/test/testSuite/0_runSeleniumTestCasesForQA.html">runSeleniumTestCasesForQA</a></td><td><a name="testVerifySignUpFormCloseButton"></a><a href="comcast/test/testSuite/0_runSeleniumTestCasesForQA.html#testVerifySignUpFormCloseButton">testVerifySignUpFormCloseButton</a></td><td>Success</td><td></td><td>41.374</td>
</tr>
<tr valign="top" class="TableRowColor">
<td><a href="comcast/test/testSuite/0_runSeleniumTestCasesForQA.html">runSeleniumTestCasesForQA</a></td><td><a name="testVerifySignUpPageDirectURL"></a><a href="comcast/test/testSuite/0_runSeleniumTestCasesForQA.html#testVerifySignUpPageDirectURL">testVerifySignUpPageDirectURL</a></td><td>Success</td><td></td><td>33.490</td>
</tr>
<tr valign="top" class="TableRowColor">
<td><a href="comcast/test/testSuite/0_runSeleniumTestCasesForQA.html">runSeleniumTestCasesForQA</a></td><td><a name="testVeriyCaptchaContents"></a><a href="comcast/test/testSuite/0_runSeleniumTestCasesForQA.html#testVeriyCaptchaContents">testVeriyCaptchaContents</a></td><td>Success</td><td></td><td>39.112</td>
</tr>
<tr valign="top" class="TableRowColor">
<td><a href="comcast/test/testSuite/0_runSeleniumTestCasesForQA.html">runSeleniumTestCasesForQA</a></td><td><a name="testVerifyCaptchaButton"></a><a href="comcast/test/testSuite/0_runSeleniumTestCasesForQA.html#testVerifyCaptchaButton">testVerifyCaptchaButton</a></td><td>Success</td><td></td><td>49.262</td>
</tr>
<tr valign="top" class="TableRowColor">
<td><a href="comcast/test/testSuite/0_runSeleniumTestCasesForQA.html">runSeleniumTestCasesForQA</a></td><td><a name="testVerifyCaptchaPrivacyLink"></a><a href="comcast/test/testSuite/0_runSeleniumTestCasesForQA.html#testVerifyCaptchaPrivacyLink">testVerifyCaptchaPrivacyLink</a></td><td>Success</td><td></td><td>48.705</td>
</tr>
<tr valign="top" class="TableRowColor">
<td><a href="comcast/test/testSuite/0_runSeleniumTestCasesForQA.html">runSeleniumTestCasesForQA</a></td><td><a name="testVerifyCaptchaTermsLink"></a><a href="comcast/test/testSuite/0_runSeleniumTestCasesForQA.html#testVerifyCaptchaTermsLink">testVerifyCaptchaTermsLink</a></td><td>Success</td><td></td><td>47.651</td>
</tr>
<tr valign="top" class="TableRowColor">
<td><a href="comcast/test/testSuite/0_runSeleniumTestCasesForQA.html">runSeleniumTestCasesForQA</a></td><td><a name="testVerifyPresenceOfTermsOfServiceLinkInSignUpForm"></a><a href="comcast/test/testSuite/0_runSeleniumTestCasesForQA.html#testVerifyPresenceOfTermsOfServiceLinkInSignUpForm">testVerifyPresenceOfTermsOfServiceLinkInSignUpForm</a></td><td>Success</td><td></td><td>37.855</td>
</tr>
<tr valign="top" class="TableRowColor">
<td><a href="comcast/test/testSuite/0_runSeleniumTestCasesForQA.html">runSeleniumTestCasesForQA</a></td><td><a name="testVerifyPresenceOfPrivacyPolicyLinkInSignUpForm"></a><a href="comcast/test/testSuite/0_runSeleniumTestCasesForQA.html#testVerifyPresenceOfPrivacyPolicyLinkInSignUpForm">testVerifyPresenceOfPrivacyPolicyLinkInSignUpForm</a></td><td>Success</td><td></td><td>36.790</td>
</tr>
<tr valign="top" class="TableRowColor">
<td><a href="comcast/test/testSuite/0_runSeleniumTestCasesForQA.html">runSeleniumTestCasesForQA</a></td><td><a name="testVerifyPrivacyPolicyLinkClickableInSignUpForm"></a><a href="comcast/test/testSuite/0_runSeleniumTestCasesForQA.html#testVerifyPrivacyPolicyLinkClickableInSignUpForm">testVerifyPrivacyPolicyLinkClickableInSignUpForm</a></td><td>Success</td><td></td><td>38.068</td>
</tr>
<tr valign="top" class="TableRowColor">
<td><a href="comcast/test/testSuite/0_runSeleniumTestCasesForQA.html">runSeleniumTestCasesForQA</a></td><td><a name="testVerifyTermsOfServiceLinkClickableInSignUpForm"></a><a href="comcast/test/testSuite/0_runSeleniumTestCasesForQA.html#testVerifyTermsOfServiceLinkClickableInSignUpForm">testVerifyTermsOfServiceLinkClickableInSignUpForm</a></td><td>Success</td><td></td><td>34.816</td>
</tr>
<tr valign="top" class="TableRowColor">
<td><a href="comcast/test/testSuite/0_runSeleniumTestCasesForQA.html">runSeleniumTestCasesForQA</a></td><td><a name="testVeriyContactUsPageContent"></a><a href="comcast/test/testSuite/0_runSeleniumTestCasesForQA.html#testVeriyContactUsPageContent">testVeriyContactUsPageContent</a></td><td>Success</td><td></td><td>66.686</td>
</tr>
<tr valign="top" class="TableRowColor">
<td><a href="comcast/test/testSuite/0_runSeleniumTestCasesForQA.html">runSeleniumTestCasesForQA</a></td><td><a name="testVerifyContactUsMandatoryFields"></a><a href="comcast/test/testSuite/0_runSeleniumTestCasesForQA.html#testVerifyContactUsMandatoryFields">testVerifyContactUsMandatoryFields</a></td><td>Success</td><td></td><td>86.606</td>
</tr>
<tr valign="top" class="TableRowColor">
<td><a href="comcast/test/testSuite/0_runSeleniumTestCasesForQA.html">runSeleniumTestCasesForQA</a></td><td><a name="testVerifyResetButtonFunctionality"></a><a href="comcast/test/testSuite/0_runSeleniumTestCasesForQA.html#testVerifyResetButtonFunctionality">testVerifyResetButtonFunctionality</a></td><td>Success</td><td></td><td>85.779</td>
</tr>
<tr valign="top" class="TableRowColor">
<td><a href="comcast/test/testSuite/0_runSeleniumTestCasesForQA.html">runSeleniumTestCasesForQA</a></td><td><a name="testValidateCaptchaByEnteringInvalidKey"></a><a href="comcast/test/testSuite/0_runSeleniumTestCasesForQA.html#testValidateCaptchaByEnteringInvalidKey">testValidateCaptchaByEnteringInvalidKey</a></td><td>Success</td><td></td><td>94.053</td>
</tr>
<tr valign="top" class="TableRowColor">
<td><a href="comcast/test/testSuite/0_runSeleniumTestCasesForQA.html">runSeleniumTestCasesForQA</a></td><td><a name="testVerifyContactUsFormCloseButton"></a><a href="comcast/test/testSuite/0_runSeleniumTestCasesForQA.html#testVerifyContactUsFormCloseButton">testVerifyContactUsFormCloseButton</a></td><td>Success</td><td></td><td>58.243</td>
</tr>
<tr valign="top" class="TableRowColor">
<td><a href="comcast/test/testSuite/0_runSeleniumTestCasesForQA.html">runSeleniumTestCasesForQA</a></td><td><a name="testVeriyContactUsCaptchaButton"></a><a href="comcast/test/testSuite/0_runSeleniumTestCasesForQA.html#testVeriyContactUsCaptchaButton">testVeriyContactUsCaptchaButton</a></td><td>Success</td><td></td><td>78.242</td>
</tr>
<tr valign="top" class="TableRowColor">
<td><a href="comcast/test/testSuite/0_runSeleniumTestCasesForQA.html">runSeleniumTestCasesForQA</a></td><td><a name="testVeriyContactUsCaptchaPrivacyLink"></a><a href="comcast/test/testSuite/0_runSeleniumTestCasesForQA.html#testVeriyContactUsCaptchaPrivacyLink">testVeriyContactUsCaptchaPrivacyLink</a></td><td>Success</td><td></td><td>71.158</td>
</tr>
<tr valign="top" class="TableRowColor">
<td><a href="comcast/test/testSuite/0_runSeleniumTestCasesForQA.html">runSeleniumTestCasesForQA</a></td><td><a name="testVeriyContactUsCaptchaTermsLink"></a><a href="comcast/test/testSuite/0_runSeleniumTestCasesForQA.html#testVeriyContactUsCaptchaTermsLink">testVeriyContactUsCaptchaTermsLink</a></td><td>Success</td><td></td><td>70.868</td>
</tr>
<tr valign="top" class="TableRowColor">
<td><a href="comcast/test/testSuite/0_runSeleniumTestCasesForQA.html">runSeleniumTestCasesForQA</a></td><td><a name="testVerifyClickingOnHomeFooterLinkNavigatesHomePage"></a><a href="comcast/test/testSuite/0_runSeleniumTestCasesForQA.html#testVerifyClickingOnHomeFooterLinkNavigatesHomePage">testVerifyClickingOnHomeFooterLinkNavigatesHomePage</a></td><td>Success</td><td></td><td>73.425</td>
</tr>
<tr valign="top" class="TableRowColor">
<td><a href="comcast/test/testSuite/0_runSeleniumTestCasesForQA.html">runSeleniumTestCasesForQA</a></td><td><a name="testVerifyHelpLinkTitle"></a><a href="comcast/test/testSuite/0_runSeleniumTestCasesForQA.html#testVerifyHelpLinkTitle">testVerifyHelpLinkTitle</a></td><td>Success</td><td></td><td>51.571</td>
</tr>
<tr valign="top" class="TableRowColor">
<td><a href="comcast/test/testSuite/0_runSeleniumTestCasesForQA.html">runSeleniumTestCasesForQA</a></td><td><a name="testVerifyHelpLink"></a><a href="comcast/test/testSuite/0_runSeleniumTestCasesForQA.html#testVerifyHelpLink">testVerifyHelpLink</a></td><td>Success</td><td></td><td>50.812</td>
</tr>
<tr valign="top" class="TableRowColor">
<td><a href="comcast/test/testSuite/0_runSeleniumTestCasesForQA.html">runSeleniumTestCasesForQA</a></td><td><a name="testVerifyPrivacyPolicyLinkTitle"></a><a href="comcast/test/testSuite/0_runSeleniumTestCasesForQA.html#testVerifyPrivacyPolicyLinkTitle">testVerifyPrivacyPolicyLinkTitle</a></td><td>Success</td><td></td><td>66.022</td>
</tr>
<tr valign="top" class="TableRowColor">
<td><a href="comcast/test/testSuite/0_runSeleniumTestCasesForQA.html">runSeleniumTestCasesForQA</a></td><td><a name="testVerifyPrivacyPolicyLink"></a><a href="comcast/test/testSuite/0_runSeleniumTestCasesForQA.html#testVerifyPrivacyPolicyLink">testVerifyPrivacyPolicyLink</a></td><td>Success</td><td></td><td>50.918</td>
</tr>
<tr valign="top" class="TableRowColor">
<td><a href="comcast/test/testSuite/0_runSeleniumTestCasesForQA.html">runSeleniumTestCasesForQA</a></td><td><a name="testVerifyTermsOfUseLinkTitle"></a><a href="comcast/test/testSuite/0_runSeleniumTestCasesForQA.html#testVerifyTermsOfUseLinkTitle">testVerifyTermsOfUseLinkTitle</a></td><td>Success</td><td></td><td>47.066</td>
</tr>
<tr valign="top" class="TableRowColor">
<td><a href="comcast/test/testSuite/0_runSeleniumTestCasesForQA.html">runSeleniumTestCasesForQA</a></td><td><a name="testVerifyTermsOfUseLink"></a><a href="comcast/test/testSuite/0_runSeleniumTestCasesForQA.html#testVerifyTermsOfUseLink">testVerifyTermsOfUseLink</a></td><td>Success</td><td></td><td>51.942</td>
</tr>
<tr valign="top" class="TableRowColor">
<td><a href="comcast/test/testSuite/0_runSeleniumTestCasesForQA.html">runSeleniumTestCasesForQA</a></td><td><a name="testVerifyAdChoicesLinkTitle"></a><a href="comcast/test/testSuite/0_runSeleniumTestCasesForQA.html#testVerifyAdChoicesLinkTitle">testVerifyAdChoicesLinkTitle</a></td><td>Success</td><td></td><td>52.946</td>
</tr>
<tr valign="top" class="TableRowColor">
<td><a href="comcast/test/testSuite/0_runSeleniumTestCasesForQA.html">runSeleniumTestCasesForQA</a></td><td><a name="testVerifyAdChoicesLink"></a><a href="comcast/test/testSuite/0_runSeleniumTestCasesForQA.html#testVerifyAdChoicesLink">testVerifyAdChoicesLink</a></td><td>Success</td><td></td><td>61.852</td>
</tr>
<tr valign="top" class="TableRowColor">
<td><a href="comcast/test/testSuite/0_runSeleniumTestCasesForQA.html">runSeleniumTestCasesForQA</a></td><td><a name="testVerifyClickOnWatchableLogoFromHelpPageNavigatesHomePage"></a><a href="comcast/test/testSuite/0_runSeleniumTestCasesForQA.html#testVerifyClickOnWatchableLogoFromHelpPageNavigatesHomePage">testVerifyClickOnWatchableLogoFromHelpPageNavigatesHomePage</a></td><td>Success</td><td></td><td>63.412</td>
</tr>
<tr valign="top" class="TableRowColor">
<td><a href="comcast/test/testSuite/0_runSeleniumTestCasesForQA.html">runSeleniumTestCasesForQA</a></td><td><a name="testVerifyCopyRightText"></a><a href="comcast/test/testSuite/0_runSeleniumTestCasesForQA.html#testVerifyCopyRightText">testVerifyCopyRightText</a></td><td>Success</td><td></td><td>65.739</td>
</tr>
<tr valign="top" class="TableRowColor">
<td><a href="comcast/test/testSuite/0_runSeleniumTestCasesForQA.html">runSeleniumTestCasesForQA</a></td><td><a name="testVerifyHelpPageTitle"></a><a href="comcast/test/testSuite/0_runSeleniumTestCasesForQA.html#testVerifyHelpPageTitle">testVerifyHelpPageTitle</a></td><td>Success</td><td></td><td>75.402</td>
</tr>
<tr valign="top" class="TableRowColor">
<td><a href="comcast/test/testSuite/0_runSeleniumTestCasesForQA.html">runSeleniumTestCasesForQA</a></td><td><a name="testVerifyClickingOnHomeFooterLinkFromHelpPageNavigatesHomePage"></a><a href="comcast/test/testSuite/0_runSeleniumTestCasesForQA.html#testVerifyClickingOnHomeFooterLinkFromHelpPageNavigatesHomePage">testVerifyClickingOnHomeFooterLinkFromHelpPageNavigatesHomePage</a></td><td>Success</td><td></td><td>96.279</td>
</tr>
<tr valign="top" class="TableRowColor">
<td><a href="comcast/test/testSuite/0_runSeleniumTestCasesForQA.html">runSeleniumTestCasesForQA</a></td><td><a name="testVerifyUserNavigatingToHomePageLogoutFromHelpPage"></a><a href="comcast/test/testSuite/0_runSeleniumTestCasesForQA.html#testVerifyUserNavigatingToHomePageLogoutFromHelpPage">testVerifyUserNavigatingToHomePageLogoutFromHelpPage</a></td><td>Success</td><td></td><td>123.068</td>
</tr>
<tr valign="top" class="TableRowColor">
<td><a href="comcast/test/testSuite/0_runSeleniumTestCasesForQA.html">runSeleniumTestCasesForQA</a></td><td><a name="testVerifyNavigationToChannelPage"></a><a href="comcast/test/testSuite/0_runSeleniumTestCasesForQA.html#testVerifyNavigationToChannelPage">testVerifyNavigationToChannelPage</a></td><td>Success</td><td></td><td>63.608</td>
</tr>
<tr valign="top" class="TableRowColor">
<td><a href="comcast/test/testSuite/0_runSeleniumTestCasesForQA.html">runSeleniumTestCasesForQA</a></td><td><a name="testVerifyChannelDetailPageContent"></a><a href="comcast/test/testSuite/0_runSeleniumTestCasesForQA.html#testVerifyChannelDetailPageContent">testVerifyChannelDetailPageContent</a></td><td>Success</td><td></td><td>75.359</td>
</tr>
<tr valign="top" class="TableRowColor">
<td><a href="comcast/test/testSuite/0_runSeleniumTestCasesForQA.html">runSeleniumTestCasesForQA</a></td><td><a name="testVerifyChannelDetailPageVideoSectionContent"></a><a href="comcast/test/testSuite/0_runSeleniumTestCasesForQA.html#testVerifyChannelDetailPageVideoSectionContent">testVerifyChannelDetailPageVideoSectionContent</a></td><td>Success</td><td></td><td>64.928</td>
</tr>
<tr valign="top" class="TableRowColor">
<td><a href="comcast/test/testSuite/0_runSeleniumTestCasesForQA.html">runSeleniumTestCasesForQA</a></td><td><a name="testVerifyOtherChannelsSectionContent"></a><a href="comcast/test/testSuite/0_runSeleniumTestCasesForQA.html#testVerifyOtherChannelsSectionContent">testVerifyOtherChannelsSectionContent</a></td><td>Success</td><td></td><td>95.838</td>
</tr>
<tr valign="top" class="TableRowColor">
<td><a href="comcast/test/testSuite/0_runSeleniumTestCasesForQA.html">runSeleniumTestCasesForQA</a></td><td><a name="testVerifyNavigationToProviderPageFromOtherChannelsSection"></a><a href="comcast/test/testSuite/0_runSeleniumTestCasesForQA.html#testVerifyNavigationToProviderPageFromOtherChannelsSection">testVerifyNavigationToProviderPageFromOtherChannelsSection</a></td><td>Success</td><td></td><td>106.717</td>
</tr>
<tr valign="top" class="TableRowColor">
<td><a href="comcast/test/testSuite/0_runSeleniumTestCasesForQA.html">runSeleniumTestCasesForQA</a></td><td><a name="testVerifyNextButton"></a><a href="comcast/test/testSuite/0_runSeleniumTestCasesForQA.html#testVerifyNextButton">testVerifyNextButton</a></td><td>Success</td><td></td><td>167.284</td>
</tr>
<tr valign="top" class="TableRowColor">
<td><a href="comcast/test/testSuite/0_runSeleniumTestCasesForQA.html">runSeleniumTestCasesForQA</a></td><td><a name="testVerifyPreviousButton"></a><a href="comcast/test/testSuite/0_runSeleniumTestCasesForQA.html#testVerifyPreviousButton">testVerifyPreviousButton</a></td><td>Success</td><td></td><td>278.800</td>
</tr>
<tr valign="top" class="TableRowColor">
<td><a href="comcast/test/testSuite/0_runSeleniumTestCasesForQA.html">runSeleniumTestCasesForQA</a></td><td><a name="testVeriyVideoLastUpdatedInChannelPage"></a><a href="comcast/test/testSuite/0_runSeleniumTestCasesForQA.html#testVeriyVideoLastUpdatedInChannelPage">testVeriyVideoLastUpdatedInChannelPage</a></td><td>Success</td><td></td><td>76.595</td>
</tr>
<tr valign="top" class="TableRowColor">
<td><a href="comcast/test/testSuite/0_runSeleniumTestCasesForQA.html">runSeleniumTestCasesForQA</a></td><td><a name="testVerifyingClickOnChannlFromOtherChannelsSection"></a><a href="comcast/test/testSuite/0_runSeleniumTestCasesForQA.html#testVerifyingClickOnChannlFromOtherChannelsSection">testVerifyingClickOnChannlFromOtherChannelsSection</a></td><td>Success</td><td></td><td>95.379</td>
</tr>
<tr valign="top" class="TableRowColor">
<td><a href="comcast/test/testSuite/0_runSeleniumTestCasesForQA.html">runSeleniumTestCasesForQA</a></td><td><a name="testVerifyChannelPageTitle"></a><a href="comcast/test/testSuite/0_runSeleniumTestCasesForQA.html#testVerifyChannelPageTitle">testVerifyChannelPageTitle</a></td><td>Success</td><td></td><td>49.006</td>
</tr>
<tr valign="top" class="TableRowColor">
<td><a href="comcast/test/testSuite/0_runSeleniumTestCasesForQA.html">runSeleniumTestCasesForQA</a></td><td><a name="testVerifyNavigationToChannelPageFromFeaturedVideos"></a><a href="comcast/test/testSuite/0_runSeleniumTestCasesForQA.html#testVerifyNavigationToChannelPageFromFeaturedVideos">testVerifyNavigationToChannelPageFromFeaturedVideos</a></td><td>Success</td><td></td><td>50.173</td>
</tr>
<tr valign="top" class="TableRowColor">
<td><a href="comcast/test/testSuite/0_runSeleniumTestCasesForQA.html">runSeleniumTestCasesForQA</a></td><td><a name="testVerifyClickOnWatchableLogoFromShowPageNavigatesHomePage"></a><a href="comcast/test/testSuite/0_runSeleniumTestCasesForQA.html#testVerifyClickOnWatchableLogoFromShowPageNavigatesHomePage">testVerifyClickOnWatchableLogoFromShowPageNavigatesHomePage</a></td><td>Success</td><td></td><td>70.828</td>
</tr>
<tr valign="top" class="TableRowColor">
<td><a href="comcast/test/testSuite/0_runSeleniumTestCasesForQA.html">runSeleniumTestCasesForQA</a></td><td><a name="testVerifyClickingOnHomeFooterLinkFromShowPageNavigatesHomePage"></a><a href="comcast/test/testSuite/0_runSeleniumTestCasesForQA.html#testVerifyClickingOnHomeFooterLinkFromShowPageNavigatesHomePage">testVerifyClickingOnHomeFooterLinkFromShowPageNavigatesHomePage</a></td><td>Success</td><td></td><td>64.344</td>
</tr>
<tr valign="top" class="TableRowColor">
<td><a href="comcast/test/testSuite/0_runSeleniumTestCasesForQA.html">runSeleniumTestCasesForQA</a></td><td><a name="testVerifyUserNavigatingToHomePageLogoutFromShowsPage"></a><a href="comcast/test/testSuite/0_runSeleniumTestCasesForQA.html#testVerifyUserNavigatingToHomePageLogoutFromShowsPage">testVerifyUserNavigatingToHomePageLogoutFromShowsPage</a></td><td>Success</td><td></td><td>99.456</td>
</tr>
<tr valign="top" class="TableRowColor">
<td><a href="comcast/test/testSuite/0_runSeleniumTestCasesForQA.html">runSeleniumTestCasesForQA</a></td><td><a name="testVerifyNavigationToProviderPage"></a><a href="comcast/test/testSuite/0_runSeleniumTestCasesForQA.html#testVerifyNavigationToProviderPage">testVerifyNavigationToProviderPage</a></td><td>Success</td><td></td><td>73.309</td>
</tr>
<tr valign="top" class="TableRowColor">
<td><a href="comcast/test/testSuite/0_runSeleniumTestCasesForQA.html">runSeleniumTestCasesForQA</a></td><td><a name="testVerifyProviderDetailPageContent"></a><a href="comcast/test/testSuite/0_runSeleniumTestCasesForQA.html#testVerifyProviderDetailPageContent">testVerifyProviderDetailPageContent</a></td><td>Success</td><td></td><td>79.470</td>
</tr>
<tr valign="top" class="TableRowColor">
<td><a href="comcast/test/testSuite/0_runSeleniumTestCasesForQA.html">runSeleniumTestCasesForQA</a></td><td><a name="testVerifyChannelSection"></a><a href="comcast/test/testSuite/0_runSeleniumTestCasesForQA.html#testVerifyChannelSection">testVerifyChannelSection</a></td><td>Success</td><td></td><td>66.142</td>
</tr>
<tr valign="top" class="TableRowColor">
<td><a href="comcast/test/testSuite/0_runSeleniumTestCasesForQA.html">runSeleniumTestCasesForQA</a></td><td><a name="testVerifyChannelVideoCount"></a><a href="comcast/test/testSuite/0_runSeleniumTestCasesForQA.html#testVerifyChannelVideoCount">testVerifyChannelVideoCount</a></td><td>Success</td><td></td><td>78.818</td>
</tr>
<tr valign="top" class="TableRowColor">
<td><a href="comcast/test/testSuite/0_runSeleniumTestCasesForQA.html">runSeleniumTestCasesForQA</a></td><td><a name="testVerifyingClickOnChannlNavigatingToChannelPage"></a><a href="comcast/test/testSuite/0_runSeleniumTestCasesForQA.html#testVerifyingClickOnChannlNavigatingToChannelPage">testVerifyingClickOnChannlNavigatingToChannelPage</a></td><td>Success</td><td></td><td>122.144</td>
</tr>
<tr valign="top" class="TableRowColor">
<td><a href="comcast/test/testSuite/0_runSeleniumTestCasesForQA.html">runSeleniumTestCasesForQA</a></td><td><a name="testVerifyClickOnWatchableLogoFromProviderPageNavigatesHomePage"></a><a href="comcast/test/testSuite/0_runSeleniumTestCasesForQA.html#testVerifyClickOnWatchableLogoFromProviderPageNavigatesHomePage">testVerifyClickOnWatchableLogoFromProviderPageNavigatesHomePage</a></td><td>Success</td><td></td><td>77.865</td>
</tr>
<tr valign="top" class="TableRowColor">
<td><a href="comcast/test/testSuite/0_runSeleniumTestCasesForQA.html">runSeleniumTestCasesForQA</a></td><td><a name="testVerifyProviderPageTitle"></a><a href="comcast/test/testSuite/0_runSeleniumTestCasesForQA.html#testVerifyProviderPageTitle">testVerifyProviderPageTitle</a></td><td>Success</td><td></td><td>75.117</td>
</tr>
<tr valign="top" class="TableRowColor">
<td><a href="comcast/test/testSuite/0_runSeleniumTestCasesForQA.html">runSeleniumTestCasesForQA</a></td><td><a name="testVerifyNavigationToProviderPageFromFeaturedShows"></a><a href="comcast/test/testSuite/0_runSeleniumTestCasesForQA.html#testVerifyNavigationToProviderPageFromFeaturedShows">testVerifyNavigationToProviderPageFromFeaturedShows</a></td><td>Success</td><td></td><td>60.415</td>
</tr>
<tr valign="top" class="TableRowColor">
<td><a href="comcast/test/testSuite/0_runSeleniumTestCasesForQA.html">runSeleniumTestCasesForQA</a></td><td><a name="testVerifyClickingOnHomeFooterLinkFromProviderPageNavigatesHomePage"></a><a href="comcast/test/testSuite/0_runSeleniumTestCasesForQA.html#testVerifyClickingOnHomeFooterLinkFromProviderPageNavigatesHomePage">testVerifyClickingOnHomeFooterLinkFromProviderPageNavigatesHomePage</a></td><td>Success</td><td></td><td>101.303</td>
</tr>
<tr valign="top" class="TableRowColor">
<td><a href="comcast/test/testSuite/0_runSeleniumTestCasesForQA.html">runSeleniumTestCasesForQA</a></td><td><a name="testVerifyUserNavigatingToHomePageLogoutFromProvidePage"></a><a href="comcast/test/testSuite/0_runSeleniumTestCasesForQA.html#testVerifyUserNavigatingToHomePageLogoutFromProvidePage">testVerifyUserNavigatingToHomePageLogoutFromProvidePage</a></td><td>Success</td><td></td><td>127.244</td>
</tr>
<tr valign="top" class="TableRowColor">
<td><a href="comcast/test/testSuite/0_runSeleniumTestCasesForQA.html">runSeleniumTestCasesForQA</a></td><td><a name="testVerifySearchResultPageContentWithResult"></a><a href="comcast/test/testSuite/0_runSeleniumTestCasesForQA.html#testVerifySearchResultPageContentWithResult">testVerifySearchResultPageContentWithResult</a></td><td>Success</td><td></td><td>47.320</td>
</tr>
<tr valign="top" class="TableRowColor">
<td><a href="comcast/test/testSuite/0_runSeleniumTestCasesForQA.html">runSeleniumTestCasesForQA</a></td><td><a name="testVerifySearchResultPageContentWithOutResult"></a><a href="comcast/test/testSuite/0_runSeleniumTestCasesForQA.html#testVerifySearchResultPageContentWithOutResult">testVerifySearchResultPageContentWithOutResult</a></td><td>Success</td><td></td><td>45.300</td>
</tr>
<tr valign="top" class="TableRowColor">
<td><a href="comcast/test/testSuite/0_runSeleniumTestCasesForQA.html">runSeleniumTestCasesForQA</a></td><td><a name="testSearchWithChannelName"></a><a href="comcast/test/testSuite/0_runSeleniumTestCasesForQA.html#testSearchWithChannelName">testSearchWithChannelName</a></td><td>Success</td><td></td><td>58.104</td>
</tr>
<tr valign="top" class="TableRowColor">
<td><a href="comcast/test/testSuite/0_runSeleniumTestCasesForQA.html">runSeleniumTestCasesForQA</a></td><td><a name="testSearchWithChannelId"></a><a href="comcast/test/testSuite/0_runSeleniumTestCasesForQA.html#testSearchWithChannelId">testSearchWithChannelId</a></td><td>Success</td><td></td><td>50.870</td>
</tr>
<tr valign="top" class="TableRowColor">
<td><a href="comcast/test/testSuite/0_runSeleniumTestCasesForQA.html">runSeleniumTestCasesForQA</a></td><td><a name="testSearchWithVideoName"></a><a href="comcast/test/testSuite/0_runSeleniumTestCasesForQA.html#testSearchWithVideoName">testSearchWithVideoName</a></td><td>Success</td><td></td><td>51.266</td>
</tr>
<tr valign="top" class="TableRowColor">
<td><a href="comcast/test/testSuite/0_runSeleniumTestCasesForQA.html">runSeleniumTestCasesForQA</a></td><td><a name="testSearchWithVideoId"></a><a href="comcast/test/testSuite/0_runSeleniumTestCasesForQA.html#testSearchWithVideoId">testSearchWithVideoId</a></td><td>Success</td><td></td><td>58.284</td>
</tr>
<tr valign="top" class="TableRowColor">
<td><a href="comcast/test/testSuite/0_runSeleniumTestCasesForQA.html">runSeleniumTestCasesForQA</a></td><td><a name="testSearchWithProviderName"></a><a href="comcast/test/testSuite/0_runSeleniumTestCasesForQA.html#testSearchWithProviderName">testSearchWithProviderName</a></td><td>Success</td><td></td><td>56.899</td>
</tr>
<tr valign="top" class="TableRowColor">
<td><a href="comcast/test/testSuite/0_runSeleniumTestCasesForQA.html">runSeleniumTestCasesForQA</a></td><td><a name="testSearchWithProviderId"></a><a href="comcast/test/testSuite/0_runSeleniumTestCasesForQA.html#testSearchWithProviderId">testSearchWithProviderId</a></td><td>Success</td><td></td><td>61.257</td>
</tr>
<tr valign="top" class="TableRowColor">
<td><a href="comcast/test/testSuite/0_runSeleniumTestCasesForQA.html">runSeleniumTestCasesForQA</a></td><td><a name="testSearchWithInvalidKey"></a><a href="comcast/test/testSuite/0_runSeleniumTestCasesForQA.html#testSearchWithInvalidKey">testSearchWithInvalidKey</a></td><td>Success</td><td></td><td>40.673</td>
</tr>
<tr valign="top" class="TableRowColor">
<td><a href="comcast/test/testSuite/0_runSeleniumTestCasesForQA.html">runSeleniumTestCasesForQA</a></td><td><a name="testSearchWithDigitsKey"></a><a href="comcast/test/testSuite/0_runSeleniumTestCasesForQA.html#testSearchWithDigitsKey">testSearchWithDigitsKey</a></td><td>Success</td><td></td><td>58.413</td>
</tr>
<tr valign="top" class="TableRowColor">
<td><a href="comcast/test/testSuite/0_runSeleniumTestCasesForQA.html">runSeleniumTestCasesForQA</a></td><td><a name="testSearchWithSpecialCharacters"></a><a href="comcast/test/testSuite/0_runSeleniumTestCasesForQA.html#testSearchWithSpecialCharacters">testSearchWithSpecialCharacters</a></td><td>Success</td><td></td><td>53.962</td>
</tr>
<tr valign="top" class="TableRowColor">
<td><a href="comcast/test/testSuite/0_runSeleniumTestCasesForQA.html">runSeleniumTestCasesForQA</a></td><td><a name="testVerifyBackToHomepageLinkWhenNoResult"></a><a href="comcast/test/testSuite/0_runSeleniumTestCasesForQA.html#testVerifyBackToHomepageLinkWhenNoResult">testVerifyBackToHomepageLinkWhenNoResult</a></td><td>Success</td><td></td><td>55.458</td>
</tr>
<tr valign="top" class="TableRowColor">
<td><a href="comcast/test/testSuite/0_runSeleniumTestCasesForQA.html">runSeleniumTestCasesForQA</a></td><td><a name="testVerifyClickOnWatchableLogoFromSearchResultPageNavigatesHomePage"></a><a href="comcast/test/testSuite/0_runSeleniumTestCasesForQA.html#testVerifyClickOnWatchableLogoFromSearchResultPageNavigatesHomePage">testVerifyClickOnWatchableLogoFromSearchResultPageNavigatesHomePage</a></td><td>Success</td><td></td><td>45.227</td>
</tr>
<tr valign="top" class="TableRowColor">
<td><a href="comcast/test/testSuite/0_runSeleniumTestCasesForQA.html">runSeleniumTestCasesForQA</a></td><td><a name="testVerifySearchResultPageTitle"></a><a href="comcast/test/testSuite/0_runSeleniumTestCasesForQA.html#testVerifySearchResultPageTitle">testVerifySearchResultPageTitle</a></td><td>Success</td><td></td><td>36.099</td>
</tr>
<tr valign="top" class="TableRowColor">
<td><a href="comcast/test/testSuite/0_runSeleniumTestCasesForQA.html">runSeleniumTestCasesForQA</a></td><td><a name="testVerifyNavigatingToShowPageFromShowSectionFromSearchResult"></a><a href="comcast/test/testSuite/0_runSeleniumTestCasesForQA.html#testVerifyNavigatingToShowPageFromShowSectionFromSearchResult">testVerifyNavigatingToShowPageFromShowSectionFromSearchResult</a></td><td>Success</td><td></td><td>48.769</td>
</tr>
<tr valign="top" class="TableRowColor">
<td><a href="comcast/test/testSuite/0_runSeleniumTestCasesForQA.html">runSeleniumTestCasesForQA</a></td><td><a name="testVerifyNavigatingToShowPageFromVideoSectionFromSearchResult"></a><a href="comcast/test/testSuite/0_runSeleniumTestCasesForQA.html#testVerifyNavigatingToShowPageFromVideoSectionFromSearchResult">testVerifyNavigatingToShowPageFromVideoSectionFromSearchResult</a></td><td>Success</td><td></td><td>48.564</td>
</tr>
<tr valign="top" class="TableRowColor">
<td><a href="comcast/test/testSuite/0_runSeleniumTestCasesForQA.html">runSeleniumTestCasesForQA</a></td><td><a name="testVerifyClickingOnHomeFooterLinkFromSearchResultPageNavigatesHomePage"></a><a href="comcast/test/testSuite/0_runSeleniumTestCasesForQA.html#testVerifyClickingOnHomeFooterLinkFromSearchResultPageNavigatesHomePage">testVerifyClickingOnHomeFooterLinkFromSearchResultPageNavigatesHomePage</a></td><td>Success</td><td></td><td>78.015</td>
</tr>
<tr valign="top" class="TableRowColor">
<td><a href="comcast/test/testSuite/0_runSeleniumTestCasesForQA.html">runSeleniumTestCasesForQA</a></td><td><a name="testVerifyUserNavigatingToHomePageLogoutFromSearchResultPage"></a><a href="comcast/test/testSuite/0_runSeleniumTestCasesForQA.html#testVerifyUserNavigatingToHomePageLogoutFromSearchResultPage">testVerifyUserNavigatingToHomePageLogoutFromSearchResultPage</a></td><td>Success</td><td></td><td>92.848</td>
</tr>
<tr valign="top" class="TableRowColor">
<td><a href="comcast/test/testSuite/0_runSeleniumTestCasesForQA.html">runSeleniumTestCasesForQA</a></td><td><a name="testVeriyMyWatchlistTitle"></a><a href="comcast/test/testSuite/0_runSeleniumTestCasesForQA.html#testVeriyMyWatchlistTitle">testVeriyMyWatchlistTitle</a></td><td>Success</td><td></td><td>26.852</td>
</tr>
<tr valign="top" class="TableRowColor">
<td><a href="comcast/test/testSuite/0_runSeleniumTestCasesForQA.html">runSeleniumTestCasesForQA</a></td><td><a name="testVeriyClickOnMyWatchlistWithOutLogin"></a><a href="comcast/test/testSuite/0_runSeleniumTestCasesForQA.html#testVeriyClickOnMyWatchlistWithOutLogin">testVeriyClickOnMyWatchlistWithOutLogin</a></td><td>Success</td><td></td><td>32.074</td>
</tr>
<tr valign="top" class="TableRowColor">
<td><a href="comcast/test/testSuite/0_runSeleniumTestCasesForQA.html">runSeleniumTestCasesForQA</a></td><td><a name="testVerifyNavigatingToMyWatchlistAfterLoginFromPopup"></a><a href="comcast/test/testSuite/0_runSeleniumTestCasesForQA.html#testVerifyNavigatingToMyWatchlistAfterLoginFromPopup">testVerifyNavigatingToMyWatchlistAfterLoginFromPopup</a></td><td>Success</td><td></td><td>48.337</td>
</tr>
<tr valign="top" class="TableRowColor">
<td><a href="comcast/test/testSuite/0_runSeleniumTestCasesForQA.html">runSeleniumTestCasesForQA</a></td><td><a name="testVerifyNavigatingToMyWatchlistAfterLogin"></a><a href="comcast/test/testSuite/0_runSeleniumTestCasesForQA.html#testVerifyNavigatingToMyWatchlistAfterLogin">testVerifyNavigatingToMyWatchlistAfterLogin</a></td><td>Success</td><td></td><td>52.421</td>
</tr>
<tr valign="top" class="TableRowColor">
<td><a href="comcast/test/testSuite/0_runSeleniumTestCasesForQA.html">runSeleniumTestCasesForQA</a></td><td><a name="testVerifyNavigatingToChannelPageFromMyWatchlistPage"></a><a href="comcast/test/testSuite/0_runSeleniumTestCasesForQA.html#testVerifyNavigatingToChannelPageFromMyWatchlistPage">testVerifyNavigatingToChannelPageFromMyWatchlistPage</a></td><td>Success</td><td></td><td>65.425</td>
</tr>
<tr valign="top" class="TableRowColor">
<td><a href="comcast/test/testSuite/0_runSeleniumTestCasesForQA.html">runSeleniumTestCasesForQA</a></td><td><a name="testVerifyChannelNameDisplayInMyWatchlistPageWhenVideosPresent"></a><a href="comcast/test/testSuite/0_runSeleniumTestCasesForQA.html#testVerifyChannelNameDisplayInMyWatchlistPageWhenVideosPresent">testVerifyChannelNameDisplayInMyWatchlistPageWhenVideosPresent</a></td><td>Success</td><td></td><td>55.204</td>
</tr>
<tr valign="top" class="TableRowColor">
<td><a href="comcast/test/testSuite/0_runSeleniumTestCasesForQA.html">runSeleniumTestCasesForQA</a></td><td><a name="testVerifyMyWatchlistPageContentWhenVideosPresent"></a><a href="comcast/test/testSuite/0_runSeleniumTestCasesForQA.html#testVerifyMyWatchlistPageContentWhenVideosPresent">testVerifyMyWatchlistPageContentWhenVideosPresent</a></td><td>Success</td><td></td><td>56.094</td>
</tr>
<tr valign="top" class="TableRowColor">
<td><a href="comcast/test/testSuite/0_runSeleniumTestCasesForQA.html">runSeleniumTestCasesForQA</a></td><td><a name="testVerifyMyWatchlistPageContentWhenVideosNotPresent"></a><a href="comcast/test/testSuite/0_runSeleniumTestCasesForQA.html#testVerifyMyWatchlistPageContentWhenVideosNotPresent">testVerifyMyWatchlistPageContentWhenVideosNotPresent</a></td><td>Success</td><td></td><td>61.113</td>
</tr>
<tr valign="top" class="TableRowColor">
<td><a href="comcast/test/testSuite/0_runSeleniumTestCasesForQA.html">runSeleniumTestCasesForQA</a></td><td><a name="testVerifyNavigatingToChannelPageFromMyWatchlist"></a><a href="comcast/test/testSuite/0_runSeleniumTestCasesForQA.html#testVerifyNavigatingToChannelPageFromMyWatchlist">testVerifyNavigatingToChannelPageFromMyWatchlist</a></td><td>Success</td><td></td><td>124.057</td>
</tr>
<tr valign="top" class="TableRowColor">
<td><a href="comcast/test/testSuite/0_runSeleniumTestCasesForQA.html">runSeleniumTestCasesForQA</a></td><td><a name="testVerifyUserNavigatingToHomePageLogoutFromMyWatchlist"></a><a href="comcast/test/testSuite/0_runSeleniumTestCasesForQA.html#testVerifyUserNavigatingToHomePageLogoutFromMyWatchlist">testVerifyUserNavigatingToHomePageLogoutFromMyWatchlist</a></td><td>Success</td><td></td><td>104.066</td>
</tr>
<tr valign="top" class="TableRowColor">
<td><a href="comcast/test/testSuite/0_runSeleniumTestCasesForQA.html">runSeleniumTestCasesForQA</a></td><td><a name="testVerifyClickOnWatchableLogoFromMyWatchlistPageNavigatesHomePage"></a><a href="comcast/test/testSuite/0_runSeleniumTestCasesForQA.html#testVerifyClickOnWatchableLogoFromMyWatchlistPageNavigatesHomePage">testVerifyClickOnWatchableLogoFromMyWatchlistPageNavigatesHomePage</a></td><td>Success</td><td></td><td>66.595</td>
</tr>
<tr valign="top" class="TableRowColor">
<td><a href="comcast/test/testSuite/0_runSeleniumTestCasesForQA.html">runSeleniumTestCasesForQA</a></td><td><a name="testVerifyMyWatchlistPageTitle"></a><a href="comcast/test/testSuite/0_runSeleniumTestCasesForQA.html#testVerifyMyWatchlistPageTitle">testVerifyMyWatchlistPageTitle</a></td><td>Success</td><td></td><td>54.679</td>
</tr>
<tr valign="top" class="TableRowColor">
<td><a href="comcast/test/testSuite/0_runSeleniumTestCasesForQA.html">runSeleniumTestCasesForQA</a></td><td><a name="testVerifyNavigatingToShowsPageFromFeaturedShowsSectionOfMyShows"></a><a href="comcast/test/testSuite/0_runSeleniumTestCasesForQA.html#testVerifyNavigatingToShowsPageFromFeaturedShowsSectionOfMyShows">testVerifyNavigatingToShowsPageFromFeaturedShowsSectionOfMyShows</a></td><td>Success</td><td></td><td>67.652</td>
</tr>
<tr valign="top" class="TableRowColor">
<td><a href="comcast/test/testSuite/0_runSeleniumTestCasesForQA.html">runSeleniumTestCasesForQA</a></td><td><a name="testVerifyMyWatchlistPageVideosSectionDetails"></a><a href="comcast/test/testSuite/0_runSeleniumTestCasesForQA.html#testVerifyMyWatchlistPageVideosSectionDetails">testVerifyMyWatchlistPageVideosSectionDetails</a></td><td>Success</td><td></td><td>60.666</td>
</tr>
<tr valign="top" class="TableRowColor">
<td><a href="comcast/test/testSuite/0_runSeleniumTestCasesForQA.html">runSeleniumTestCasesForQA</a></td><td><a name="testVerifyNavigatingToShowPageAfterClickingOnShowTitle"></a><a href="comcast/test/testSuite/0_runSeleniumTestCasesForQA.html#testVerifyNavigatingToShowPageAfterClickingOnShowTitle">testVerifyNavigatingToShowPageAfterClickingOnShowTitle</a></td><td>Success</td><td></td><td>67.228</td>
</tr>
<tr valign="top" class="TableRowColor">
<td><a href="comcast/test/testSuite/0_runSeleniumTestCasesForQA.html">runSeleniumTestCasesForQA</a></td><td><a name="testVerifyClickingOnHomeFooterLinkFromMyShowsPageNavigatesHomePage"></a><a href="comcast/test/testSuite/0_runSeleniumTestCasesForQA.html#testVerifyClickingOnHomeFooterLinkFromMyShowsPageNavigatesHomePage">testVerifyClickingOnHomeFooterLinkFromMyShowsPageNavigatesHomePage</a></td><td>Success</td><td></td><td>113.579</td>
</tr>
<tr valign="top" class="TableRowColor">
<td><a href="comcast/test/testSuite/0_runSeleniumTestCasesForQA.html">runSeleniumTestCasesForQA</a></td><td><a name="testVerifyFollowFromChannelPageWithoutLogin"></a><a href="comcast/test/testSuite/0_runSeleniumTestCasesForQA.html#testVerifyFollowFromChannelPageWithoutLogin">testVerifyFollowFromChannelPageWithoutLogin</a></td><td>Success</td><td></td><td>71.405</td>
</tr>
<tr valign="top" class="TableRowColor">
<td><a href="comcast/test/testSuite/0_runSeleniumTestCasesForQA.html">runSeleniumTestCasesForQA</a></td><td><a name="testVerifyFollowFromVideoPageWithoutLogin"></a><a href="comcast/test/testSuite/0_runSeleniumTestCasesForQA.html#testVerifyFollowFromVideoPageWithoutLogin">testVerifyFollowFromVideoPageWithoutLogin</a></td><td>Success</td><td></td><td>83.430</td>
</tr>
<tr valign="top" class="TableRowColor">
<td><a href="comcast/test/testSuite/0_runSeleniumTestCasesForQA.html">runSeleniumTestCasesForQA</a></td><td><a name="testVerifyFollowFromVideoControlWithoutLogin"></a><a href="comcast/test/testSuite/0_runSeleniumTestCasesForQA.html#testVerifyFollowFromVideoControlWithoutLogin">testVerifyFollowFromVideoControlWithoutLogin</a></td><td>Success</td><td></td><td>93.757</td>
</tr>
<tr valign="top" class="TableRowColor">
<td><a href="comcast/test/testSuite/0_runSeleniumTestCasesForQA.html">runSeleniumTestCasesForQA</a></td><td><a name="testVerifyFollowFromChannelPageAfterLogin"></a><a href="comcast/test/testSuite/0_runSeleniumTestCasesForQA.html#testVerifyFollowFromChannelPageAfterLogin">testVerifyFollowFromChannelPageAfterLogin</a></td><td>Success</td><td></td><td>66.589</td>
</tr>
<tr valign="top" class="TableRowColor">
<td><a href="comcast/test/testSuite/0_runSeleniumTestCasesForQA.html">runSeleniumTestCasesForQA</a></td><td><a name="testVerifyFollowFromVideoPageAfterLogin"></a><a href="comcast/test/testSuite/0_runSeleniumTestCasesForQA.html#testVerifyFollowFromVideoPageAfterLogin">testVerifyFollowFromVideoPageAfterLogin</a></td><td>Success</td><td></td><td>127.287</td>
</tr>
<tr valign="top" class="TableRowColor">
<td><a href="comcast/test/testSuite/0_runSeleniumTestCasesForQA.html">runSeleniumTestCasesForQA</a></td><td><a name="testVerifyFollowFromVideoControlAfterLogin"></a><a href="comcast/test/testSuite/0_runSeleniumTestCasesForQA.html#testVerifyFollowFromVideoControlAfterLogin">testVerifyFollowFromVideoControlAfterLogin</a></td><td>Success</td><td></td><td>111.735</td>
</tr>
<tr valign="top" class="TableRowColor">
<td><a href="comcast/test/testSuite/0_runSeleniumTestCasesForQA.html">runSeleniumTestCasesForQA</a></td><td><a name="testVerifyUnfollowConfirmationPopupDisplay"></a><a href="comcast/test/testSuite/0_runSeleniumTestCasesForQA.html#testVerifyUnfollowConfirmationPopupDisplay">testVerifyUnfollowConfirmationPopupDisplay</a></td><td>Success</td><td></td><td>70.144</td>
</tr>
<tr valign="top" class="TableRowColor">
<td><a href="comcast/test/testSuite/0_runSeleniumTestCasesForQA.html">runSeleniumTestCasesForQA</a></td><td><a name="testVerifyUnfollowFromChannelPage"></a><a href="comcast/test/testSuite/0_runSeleniumTestCasesForQA.html#testVerifyUnfollowFromChannelPage">testVerifyUnfollowFromChannelPage</a></td><td>Success</td><td></td><td>54.216</td>
</tr>
<tr valign="top" class="TableRowColor">
<td><a href="comcast/test/testSuite/0_runSeleniumTestCasesForQA.html">runSeleniumTestCasesForQA</a></td><td><a name="testVerifyUnfollowFromVideoPage"></a><a href="comcast/test/testSuite/0_runSeleniumTestCasesForQA.html#testVerifyUnfollowFromVideoPage">testVerifyUnfollowFromVideoPage</a></td><td>Success</td><td></td><td>129.049</td>
</tr>
<tr valign="top" class="TableRowColor">
<td><a href="comcast/test/testSuite/0_runSeleniumTestCasesForQA.html">runSeleniumTestCasesForQA</a></td><td><a name="testVerifyUnfollowFromVideoPlayerControls"></a><a href="comcast/test/testSuite/0_runSeleniumTestCasesForQA.html#testVerifyUnfollowFromVideoPlayerControls">testVerifyUnfollowFromVideoPlayerControls</a></td><td>Success</td><td></td><td>54.991</td>
</tr>
<tr valign="top" class="TableRowColor">
<td><a href="comcast/test/testSuite/0_runSeleniumTestCasesForQA.html">runSeleniumTestCasesForQA</a></td><td><a name="testVerifyFollowConfirmationPopupDisplay"></a><a href="comcast/test/testSuite/0_runSeleniumTestCasesForQA.html#testVerifyFollowConfirmationPopupDisplay">testVerifyFollowConfirmationPopupDisplay</a></td><td>Success</td><td></td><td>87.758</td>
</tr>
<tr valign="top" class="TableRowColor">
<td><a href="comcast/test/testSuite/0_runSeleniumTestCasesForQA.html">runSeleniumTestCasesForQA</a></td><td><a name="testVerifyPresenceOfSocialSharingFunctionalityInVideoControls"></a><a href="comcast/test/testSuite/0_runSeleniumTestCasesForQA.html#testVerifyPresenceOfSocialSharingFunctionalityInVideoControls">testVerifyPresenceOfSocialSharingFunctionalityInVideoControls</a></td><td>Success</td><td></td><td>84.356</td>
</tr>
<tr valign="top" class="TableRowColor">
<td><a href="comcast/test/testSuite/0_runSeleniumTestCasesForQA.html">runSeleniumTestCasesForQA</a></td><td><a name="testVerifyFacebookFunctionalityFromVideoControls"></a><a href="comcast/test/testSuite/0_runSeleniumTestCasesForQA.html#testVerifyFacebookFunctionalityFromVideoControls">testVerifyFacebookFunctionalityFromVideoControls</a></td><td>Success</td><td></td><td>108.917</td>
</tr>
<tr valign="top" class="Error">
<td><a href="comcast/test/testSuite/0_runSeleniumTestCasesForQA.html">runSeleniumTestCasesForQA</a></td><td><a name="testVerifyTwitterFunctionalityFromVideoControls"></a><a href="comcast/test/testSuite/0_runSeleniumTestCasesForQA.html#testVerifyTwitterFunctionalityFromVideoControls">testVerifyTwitterFunctionalityFromVideoControls</a></td><td>Error</td><td>Timed out after 30 seconds waiting for element to be clickable: By.xpath: //div[@id='player_container']/descendant::li[@class='share']/descendant::li[2]
Build info: version: '2.43.1', revision: '5163bce', time: '2014-09-10 16:27:33'
System info: host: 'VDC01DELW0204', ip: '192.168.162.28', os.name: 'Windows 7', os.arch: 'amd64', os.version: '6.1', java.version: '1.7.0_40'
Session ID: 8e3be7d9c2df5b1a4a422b5e5782cd77
Driver info: org.openqa.selenium.chrome.ChromeDriver
Capabilities [{platform=XP, acceptSslCerts=true, javascriptEnabled=true, browserName=chrome, chrome={userDataDir=C:\Users\MANOJ~1.PAR\AppData\Local\Temp\scoped_dir2124_18339}, rotatable=false, locationContextEnabled=true, version=46.0.2490.80, takesHeapSnapshot=true, cssSelectorsEnabled=true, databaseEnabled=false, handlesAlerts=true, browserConnectionEnabled=false, nativeEvents=true, webStorageEnabled=true, applicationCacheEnabled=false, takesScreenshot=true}]<br>
<br>
<code>org.openqa.selenium.TimeoutException: Timed out after 30 seconds waiting for element to be clickable: By.xpath: //div[@id='player_container']/descendant::li[@class='share']/descendant::li[2]<br>Build info: version: '2.43.1', revision: '5163bce', time: '2014-09-10 16:27:33'<br>System info: host: 'VDC01DELW0204', ip: '192.168.162.28', os.name: 'Windows 7', os.arch: 'amd64', os.version: '6.1', java.version: '1.7.0_40'<br>Session ID: 8e3be7d9c2df5b1a4a422b5e5782cd77<br>Driver info: org.openqa.selenium.chrome.ChromeDriver<br>Capabilities [{platform=XP, acceptSslCerts=true, javascriptEnabled=true, browserName=chrome, chrome={userDataDir=C:\Users\MANOJ~1.PAR\AppData\Local\Temp\scoped_dir2124_18339}, rotatable=false, locationContextEnabled=true, version=46.0.2490.80, takesHeapSnapshot=true, cssSelectorsEnabled=true, databaseEnabled=false, handlesAlerts=true, browserConnectionEnabled=false, nativeEvents=true, webStorageEnabled=true, applicationCacheEnabled=false, takesScreenshot=true}]<br>	at org.openqa.selenium.support.ui.WebDriverWait.timeoutException(WebDriverWait.java:79)<br>	at org.openqa.selenium.support.ui.FluentWait.until(FluentWait.java:228)<br>	at comcast.test.app.testCases.socialSharing.socialSharingFunctions.SocialSharingFun.clickonTwitterButtonFromPlayer(SocialSharingFun.java:208)<br>	at comcast.test.app.testCases.socialSharing.VerifyTwitterFunctionalityFromVideoControls.testVerifyTwitterFunctionalityFromVideoControls(VerifyTwitterFunctionalityFromVideoControls.java:89)<br>
</code></td><td>130.684</td>
</tr>
<tr valign="top" class="Error">
<td><a href="comcast/test/testSuite/0_runSeleniumTestCasesForQA.html">runSeleniumTestCasesForQA</a></td><td><a name="testVerifyEmailFunctionalityFromVideoControls"></a><a href="comcast/test/testSuite/0_runSeleniumTestCasesForQA.html#testVerifyEmailFunctionalityFromVideoControls">testVerifyEmailFunctionalityFromVideoControls</a></td><td>Error</td><td>Timed out after 30 seconds waiting for element to be clickable: By.xpath: //div[@id='player_container']/descendant::li[@class='share']/descendant::li[3]
Build info: version: '2.43.1', revision: '5163bce', time: '2014-09-10 16:27:33'
System info: host: 'VDC01DELW0204', ip: '192.168.162.28', os.name: 'Windows 7', os.arch: 'amd64', os.version: '6.1', java.version: '1.7.0_40'
Session ID: 3879bc59687a7fd3e67dc53fe99bd7b3
Driver info: org.openqa.selenium.chrome.ChromeDriver
Capabilities [{platform=XP, acceptSslCerts=true, javascriptEnabled=true, browserName=chrome, chrome={userDataDir=C:\Users\MANOJ~1.PAR\AppData\Local\Temp\scoped_dir4760_5631}, rotatable=false, locationContextEnabled=true, version=46.0.2490.80, takesHeapSnapshot=true, cssSelectorsEnabled=true, databaseEnabled=false, handlesAlerts=true, browserConnectionEnabled=false, nativeEvents=true, webStorageEnabled=true, applicationCacheEnabled=false, takesScreenshot=true}]<br>
<br>
<code>org.openqa.selenium.TimeoutException: Timed out after 30 seconds waiting for element to be clickable: By.xpath: //div[@id='player_container']/descendant::li[@class='share']/descendant::li[3]<br>Build info: version: '2.43.1', revision: '5163bce', time: '2014-09-10 16:27:33'<br>System info: host: 'VDC01DELW0204', ip: '192.168.162.28', os.name: 'Windows 7', os.arch: 'amd64', os.version: '6.1', java.version: '1.7.0_40'<br>Session ID: 3879bc59687a7fd3e67dc53fe99bd7b3<br>Driver info: org.openqa.selenium.chrome.ChromeDriver<br>Capabilities [{platform=XP, acceptSslCerts=true, javascriptEnabled=true, browserName=chrome, chrome={userDataDir=C:\Users\MANOJ~1.PAR\AppData\Local\Temp\scoped_dir4760_5631}, rotatable=false, locationContextEnabled=true, version=46.0.2490.80, takesHeapSnapshot=true, cssSelectorsEnabled=true, databaseEnabled=false, handlesAlerts=true, browserConnectionEnabled=false, nativeEvents=true, webStorageEnabled=true, applicationCacheEnabled=false, takesScreenshot=true}]<br>	at org.openqa.selenium.support.ui.WebDriverWait.timeoutException(WebDriverWait.java:79)<br>	at org.openqa.selenium.support.ui.FluentWait.until(FluentWait.java:228)<br>	at comcast.test.app.testCases.socialSharing.socialSharingFunctions.SocialSharingFun.clickonEmailButtonFromPlayer(SocialSharingFun.java:111)<br>	at comcast.test.app.testCases.socialSharing.VerifyEmailFunctionalityFromVideoControls.testVerifyEmailFunctionalityFromVideoControls(VerifyEmailFunctionalityFromVideoControls.java:89)<br>
</code></td><td>133.057</td>
</tr>
<tr valign="top" class="TableRowColor">
<td><a href="comcast/test/testSuite/0_runSeleniumTestCasesForQA.html">runSeleniumTestCasesForQA</a></td><td><a name="testVerifyEmailSharringPopuoWindowContents"></a><a href="comcast/test/testSuite/0_runSeleniumTestCasesForQA.html#testVerifyEmailSharringPopuoWindowContents">testVerifyEmailSharringPopuoWindowContents</a></td><td>Success</td><td></td><td>104.298</td>
</tr>
<tr valign="top" class="TableRowColor">
<td><a href="comcast/test/testSuite/0_runSeleniumTestCasesForQA.html">runSeleniumTestCasesForQA</a></td><td><a name="testVerifyEmailSharingFormMessageContent"></a><a href="comcast/test/testSuite/0_runSeleniumTestCasesForQA.html#testVerifyEmailSharingFormMessageContent">testVerifyEmailSharingFormMessageContent</a></td><td>Success</td><td></td><td>103.087</td>
</tr>
<tr valign="top" class="TableRowColor">
<td><a href="comcast/test/testSuite/0_runSeleniumTestCasesForQA.html">runSeleniumTestCasesForQA</a></td><td><a name="testVerifyEmailSharingFormCloseButton"></a><a href="comcast/test/testSuite/0_runSeleniumTestCasesForQA.html#testVerifyEmailSharingFormCloseButton">testVerifyEmailSharingFormCloseButton</a></td><td>Success</td><td></td><td>108.334</td>
</tr>
<tr valign="top" class="TableRowColor">
<td><a href="comcast/test/testSuite/0_runSeleniumTestCasesForQA.html">runSeleniumTestCasesForQA</a></td><td><a name="testVerifyEmailSharingSendWithBlankFields"></a><a href="comcast/test/testSuite/0_runSeleniumTestCasesForQA.html#testVerifyEmailSharingSendWithBlankFields">testVerifyEmailSharingSendWithBlankFields</a></td><td>Success</td><td></td><td>106.178</td>
</tr>
<tr valign="top" class="Error">
<td><a href="comcast/test/testSuite/0_runSeleniumTestCasesForQA.html">runSeleniumTestCasesForQA</a></td><td><a name="testVerifyEmailSharingSendFunctionality"></a><a href="comcast/test/testSuite/0_runSeleniumTestCasesForQA.html#testVerifyEmailSharingSendFunctionality">testVerifyEmailSharingSendFunctionality</a></td><td>Error</td><td>Timed out after 30 seconds waiting for element to be clickable: By.xpath: //div[@id='player_container']/descendant::li[@class='share']/descendant::li[3]
Build info: version: '2.43.1', revision: '5163bce', time: '2014-09-10 16:27:33'
System info: host: 'VDC01DELW0204', ip: '192.168.162.28', os.name: 'Windows 7', os.arch: 'amd64', os.version: '6.1', java.version: '1.7.0_40'
Session ID: 0bdfe31f256cafb911da8e17ad950bfc
Driver info: org.openqa.selenium.chrome.ChromeDriver
Capabilities [{platform=XP, acceptSslCerts=true, javascriptEnabled=true, browserName=chrome, chrome={userDataDir=C:\Users\MANOJ~1.PAR\AppData\Local\Temp\scoped_dir5448_23358}, rotatable=false, locationContextEnabled=true, version=46.0.2490.80, takesHeapSnapshot=true, cssSelectorsEnabled=true, databaseEnabled=false, handlesAlerts=true, browserConnectionEnabled=false, nativeEvents=true, webStorageEnabled=true, applicationCacheEnabled=false, takesScreenshot=true}]<br>
<br>
<code>org.openqa.selenium.TimeoutException: Timed out after 30 seconds waiting for element to be clickable: By.xpath: //div[@id='player_container']/descendant::li[@class='share']/descendant::li[3]<br>Build info: version: '2.43.1', revision: '5163bce', time: '2014-09-10 16:27:33'<br>System info: host: 'VDC01DELW0204', ip: '192.168.162.28', os.name: 'Windows 7', os.arch: 'amd64', os.version: '6.1', java.version: '1.7.0_40'<br>Session ID: 0bdfe31f256cafb911da8e17ad950bfc<br>Driver info: org.openqa.selenium.chrome.ChromeDriver<br>Capabilities [{platform=XP, acceptSslCerts=true, javascriptEnabled=true, browserName=chrome, chrome={userDataDir=C:\Users\MANOJ~1.PAR\AppData\Local\Temp\scoped_dir5448_23358}, rotatable=false, locationContextEnabled=true, version=46.0.2490.80, takesHeapSnapshot=true, cssSelectorsEnabled=true, databaseEnabled=false, handlesAlerts=true, browserConnectionEnabled=false, nativeEvents=true, webStorageEnabled=true, applicationCacheEnabled=false, takesScreenshot=true}]<br>	at org.openqa.selenium.support.ui.WebDriverWait.timeoutException(WebDriverWait.java:79)<br>	at org.openqa.selenium.support.ui.FluentWait.until(FluentWait.java:228)<br>	at comcast.test.app.testCases.socialSharing.socialSharingFunctions.SocialSharingFun.clickonEmailButtonFromPlayer(SocialSharingFun.java:111)<br>	at comcast.test.app.testCases.socialSharing.VerifyEmailSharingSendFunctionality.testVerifyEmailSharingSendFunctionality(VerifyEmailSharingSendFunctionality.java:90)<br>
</code></td><td>143.533</td>
</tr>
<tr valign="top" class="TableRowColor">
<td><a href="comcast/test/testSuite/0_runSeleniumTestCasesForQA.html">runSeleniumTestCasesForQA</a></td><td><a name="testVerifyEmailSharingSendWithInvalidEmails"></a><a href="comcast/test/testSuite/0_runSeleniumTestCasesForQA.html#testVerifyEmailSharingSendWithInvalidEmails">testVerifyEmailSharingSendWithInvalidEmails</a></td><td>Success</td><td></td><td>122.570</td>
</tr>
<tr valign="top" class="Error">
<td><a href="comcast/test/testSuite/0_runSeleniumTestCasesForQA.html">runSeleniumTestCasesForQA</a></td><td><a name="testVerifyEmailSharingSendWithInvalidFromEmail"></a><a href="comcast/test/testSuite/0_runSeleniumTestCasesForQA.html#testVerifyEmailSharingSendWithInvalidFromEmail">testVerifyEmailSharingSendWithInvalidFromEmail</a></td><td>Error</td><td>Timed out after 30 seconds waiting for element to be clickable: By.xpath: //div[@id='player_container']/descendant::li[@class='share']/descendant::li[3]
Build info: version: '2.43.1', revision: '5163bce', time: '2014-09-10 16:27:33'
System info: host: 'VDC01DELW0204', ip: '192.168.162.28', os.name: 'Windows 7', os.arch: 'amd64', os.version: '6.1', java.version: '1.7.0_40'
Session ID: 0c71184c5ef954788e0a6f917c0b666e
Driver info: org.openqa.selenium.chrome.ChromeDriver
Capabilities [{platform=XP, acceptSslCerts=true, javascriptEnabled=true, browserName=chrome, chrome={userDataDir=C:\Users\MANOJ~1.PAR\AppData\Local\Temp\scoped_dir6952_14544}, rotatable=false, locationContextEnabled=true, version=46.0.2490.80, takesHeapSnapshot=true, cssSelectorsEnabled=true, databaseEnabled=false, handlesAlerts=true, browserConnectionEnabled=false, nativeEvents=true, webStorageEnabled=true, applicationCacheEnabled=false, takesScreenshot=true}]<br>
<br>
<code>org.openqa.selenium.TimeoutException: Timed out after 30 seconds waiting for element to be clickable: By.xpath: //div[@id='player_container']/descendant::li[@class='share']/descendant::li[3]<br>Build info: version: '2.43.1', revision: '5163bce', time: '2014-09-10 16:27:33'<br>System info: host: 'VDC01DELW0204', ip: '192.168.162.28', os.name: 'Windows 7', os.arch: 'amd64', os.version: '6.1', java.version: '1.7.0_40'<br>Session ID: 0c71184c5ef954788e0a6f917c0b666e<br>Driver info: org.openqa.selenium.chrome.ChromeDriver<br>Capabilities [{platform=XP, acceptSslCerts=true, javascriptEnabled=true, browserName=chrome, chrome={userDataDir=C:\Users\MANOJ~1.PAR\AppData\Local\Temp\scoped_dir6952_14544}, rotatable=false, locationContextEnabled=true, version=46.0.2490.80, takesHeapSnapshot=true, cssSelectorsEnabled=true, databaseEnabled=false, handlesAlerts=true, browserConnectionEnabled=false, nativeEvents=true, webStorageEnabled=true, applicationCacheEnabled=false, takesScreenshot=true}]<br>	at org.openqa.selenium.support.ui.WebDriverWait.timeoutException(WebDriverWait.java:79)<br>	at org.openqa.selenium.support.ui.FluentWait.until(FluentWait.java:228)<br>	at comcast.test.app.testCases.socialSharing.socialSharingFunctions.SocialSharingFun.clickonEmailButtonFromPlayer(SocialSharingFun.java:111)<br>	at comcast.test.app.testCases.socialSharing.VerifyEmailSharingSendWithInvalidFromEmail.testVerifyEmailSharingSendWithInvalidFromEmail(VerifyEmailSharingSendWithInvalidFromEmail.java:87)<br>
</code></td><td>126.365</td>
</tr>
<tr valign="top" class="TableRowColor">
<td><a href="comcast/test/testSuite/0_runSeleniumTestCasesForQA.html">runSeleniumTestCasesForQA</a></td><td><a name="testVerifyEmailSharingSendWithInvalidToEmail"></a><a href="comcast/test/testSuite/0_runSeleniumTestCasesForQA.html#testVerifyEmailSharingSendWithInvalidToEmail">testVerifyEmailSharingSendWithInvalidToEmail</a></td><td>Success</td><td></td><td>104.664</td>
</tr>
<tr valign="top" class="TableRowColor">
<td><a href="comcast/test/testSuite/0_runSeleniumTestCasesForQA.html">runSeleniumTestCasesForQA</a></td><td><a name="testVerifyCopyUrlFunctionalityFromVideoControls"></a><a href="comcast/test/testSuite/0_runSeleniumTestCasesForQA.html#testVerifyCopyUrlFunctionalityFromVideoControls">testVerifyCopyUrlFunctionalityFromVideoControls</a></td><td>Success</td><td></td><td>100.495</td>
</tr>
<tr valign="top" class="TableRowColor">
<td><a href="comcast/test/testSuite/0_runSeleniumTestCasesForQA.html">runSeleniumTestCasesForQA</a></td><td><a name="testVeriyPlayListsTitle"></a><a href="comcast/test/testSuite/0_runSeleniumTestCasesForQA.html#testVeriyPlayListsTitle">testVeriyPlayListsTitle</a></td><td>Success</td><td></td><td>28.636</td>
</tr>
<tr valign="top" class="TableRowColor">
<td><a href="comcast/test/testSuite/0_runSeleniumTestCasesForQA.html">runSeleniumTestCasesForQA</a></td><td><a name="testVeriyPlayListsPageTitle"></a><a href="comcast/test/testSuite/0_runSeleniumTestCasesForQA.html#testVeriyPlayListsPageTitle">testVeriyPlayListsPageTitle</a></td><td>Success</td><td></td><td>40.003</td>
</tr>
<tr valign="top" class="TableRowColor">
<td><a href="comcast/test/testSuite/0_runSeleniumTestCasesForQA.html">runSeleniumTestCasesForQA</a></td><td><a name="testVerifyClickOnWatchableLogoFromAllPlayListsPageNavigatesHomePage"></a><a href="comcast/test/testSuite/0_runSeleniumTestCasesForQA.html#testVerifyClickOnWatchableLogoFromAllPlayListsPageNavigatesHomePage">testVerifyClickOnWatchableLogoFromAllPlayListsPageNavigatesHomePage</a></td><td>Success</td><td></td><td>49.851</td>
</tr>
<tr valign="top" class="TableRowColor">
<td><a href="comcast/test/testSuite/0_runSeleniumTestCasesForQA.html">runSeleniumTestCasesForQA</a></td><td><a name="testVerifyAllPlayListsPageContents"></a><a href="comcast/test/testSuite/0_runSeleniumTestCasesForQA.html#testVerifyAllPlayListsPageContents">testVerifyAllPlayListsPageContents</a></td><td>Success</td><td></td><td>40.243</td>
</tr>
<tr valign="top" class="TableRowColor">
<td><a href="comcast/test/testSuite/0_runSeleniumTestCasesForQA.html">runSeleniumTestCasesForQA</a></td><td><a name="testVerifySinglePlayListContents"></a><a href="comcast/test/testSuite/0_runSeleniumTestCasesForQA.html#testVerifySinglePlayListContents">testVerifySinglePlayListContents</a></td><td>Success</td><td></td><td>42.221</td>
</tr>
<tr valign="top" class="TableRowColor">
<td><a href="comcast/test/testSuite/0_runSeleniumTestCasesForQA.html">runSeleniumTestCasesForQA</a></td><td><a name="testVerifyVideoPageTitleNavigatingFromPlayList"></a><a href="comcast/test/testSuite/0_runSeleniumTestCasesForQA.html#testVerifyVideoPageTitleNavigatingFromPlayList">testVerifyVideoPageTitleNavigatingFromPlayList</a></td><td>Success</td><td></td><td>69.703</td>
</tr>
<tr valign="top" class="TableRowColor">
<td><a href="comcast/test/testSuite/0_runSeleniumTestCasesForQA.html">runSeleniumTestCasesForQA</a></td><td><a name="testVerifyNavigatingToVideoPageClickingOnWatchLinkFromPlayList"></a><a href="comcast/test/testSuite/0_runSeleniumTestCasesForQA.html#testVerifyNavigatingToVideoPageClickingOnWatchLinkFromPlayList">testVerifyNavigatingToVideoPageClickingOnWatchLinkFromPlayList</a></td><td>Success</td><td></td><td>69.790</td>
</tr>
<tr valign="top" class="TableRowColor">
<td><a href="comcast/test/testSuite/0_runSeleniumTestCasesForQA.html">runSeleniumTestCasesForQA</a></td><td><a name="testVerifyNavigatingToVideoPageClickingOnPlayIconFromPlayList"></a><a href="comcast/test/testSuite/0_runSeleniumTestCasesForQA.html#testVerifyNavigatingToVideoPageClickingOnPlayIconFromPlayList">testVerifyNavigatingToVideoPageClickingOnPlayIconFromPlayList</a></td><td>Success</td><td></td><td>70.132</td>
</tr>
<tr valign="top" class="TableRowColor">
<td><a href="comcast/test/testSuite/0_runSeleniumTestCasesForQA.html">runSeleniumTestCasesForQA</a></td><td><a name="testVerifyNavigatingToVideoPageClickingOnGenreButtonFromPlayList"></a><a href="comcast/test/testSuite/0_runSeleniumTestCasesForQA.html#testVerifyNavigatingToVideoPageClickingOnGenreButtonFromPlayList">testVerifyNavigatingToVideoPageClickingOnGenreButtonFromPlayList</a></td><td>Success</td><td></td><td>71.285</td>
</tr>
<tr valign="top" class="TableRowColor">
<td><a href="comcast/test/testSuite/0_runSeleniumTestCasesForQA.html">runSeleniumTestCasesForQA</a></td><td><a name="testVerifyNavigatingToVideoPageClickingOnPlayListImgFromPlayList"></a><a href="comcast/test/testSuite/0_runSeleniumTestCasesForQA.html#testVerifyNavigatingToVideoPageClickingOnPlayListImgFromPlayList">testVerifyNavigatingToVideoPageClickingOnPlayListImgFromPlayList</a></td><td>Success</td><td></td><td>69.471</td>
</tr>
<tr valign="top" class="TableRowColor">
<td><a href="comcast/test/testSuite/0_runSeleniumTestCasesForQA.html">runSeleniumTestCasesForQA</a></td><td><a name="testVerifyNavigatingToVideoPageClickingOnPlayListTitleFromPlayList"></a><a href="comcast/test/testSuite/0_runSeleniumTestCasesForQA.html#testVerifyNavigatingToVideoPageClickingOnPlayListTitleFromPlayList">testVerifyNavigatingToVideoPageClickingOnPlayListTitleFromPlayList</a></td><td>Success</td><td></td><td>70.837</td>
</tr>
<tr valign="top" class="TableRowColor">
<td><a href="comcast/test/testSuite/0_runSeleniumTestCasesForQA.html">runSeleniumTestCasesForQA</a></td><td><a name="testVerifyNavigatingToVideoPageClickingOnPlayListDescFromPlayList"></a><a href="comcast/test/testSuite/0_runSeleniumTestCasesForQA.html#testVerifyNavigatingToVideoPageClickingOnPlayListDescFromPlayList">testVerifyNavigatingToVideoPageClickingOnPlayListDescFromPlayList</a></td><td>Success</td><td></td><td>70.399</td>
</tr>
<tr valign="top" class="TableRowColor">
<td><a href="comcast/test/testSuite/0_runSeleniumTestCasesForQA.html">runSeleniumTestCasesForQA</a></td><td><a name="testVerifyNavigatingToVideoPageClickingOnPlayListVideoDetailFromPlayList"></a><a href="comcast/test/testSuite/0_runSeleniumTestCasesForQA.html#testVerifyNavigatingToVideoPageClickingOnPlayListVideoDetailFromPlayList">testVerifyNavigatingToVideoPageClickingOnPlayListVideoDetailFromPlayList</a></td><td>Success</td><td></td><td>70.679</td>
</tr>
<tr valign="top" class="TableRowColor">
<td><a href="comcast/test/testSuite/0_runSeleniumTestCasesForQA.html">runSeleniumTestCasesForQA</a></td><td><a name="testVerifyPlayListShareOptionInVideoPage"></a><a href="comcast/test/testSuite/0_runSeleniumTestCasesForQA.html#testVerifyPlayListShareOptionInVideoPage">testVerifyPlayListShareOptionInVideoPage</a></td><td>Success</td><td></td><td>77.265</td>
</tr>
<tr valign="top" class="TableRowColor">
<td><a href="comcast/test/testSuite/0_runSeleniumTestCasesForQA.html">runSeleniumTestCasesForQA</a></td><td><a name="testVerifyPlayListShareOptionInVideoPage"></a><a href="comcast/test/testSuite/0_runSeleniumTestCasesForQA.html#testVerifyPlayListShareOptionInVideoPage">testVerifyPlayListShareOptionInVideoPage</a></td><td>Success</td><td></td><td>78.641</td>
</tr>
<tr valign="top" class="TableRowColor">
<td><a href="comcast/test/testSuite/0_runSeleniumTestCasesForQA.html">runSeleniumTestCasesForQA</a></td><td><a name="testVerifyPlayListEmailSharringPopuoWindowContents"></a><a href="comcast/test/testSuite/0_runSeleniumTestCasesForQA.html#testVerifyPlayListEmailSharringPopuoWindowContents">testVerifyPlayListEmailSharringPopuoWindowContents</a></td><td>Success</td><td></td><td>95.350</td>
</tr>
<tr valign="top" class="TableRowColor">
<td><a href="comcast/test/testSuite/0_runSeleniumTestCasesForQA.html">runSeleniumTestCasesForQA</a></td><td><a name="testVerifyPlayListEmailSharringFormCloseButton"></a><a href="comcast/test/testSuite/0_runSeleniumTestCasesForQA.html#testVerifyPlayListEmailSharringFormCloseButton">testVerifyPlayListEmailSharringFormCloseButton</a></td><td>Success</td><td></td><td>94.564</td>
</tr>
<tr valign="top" class="TableRowColor">
<td><a href="comcast/test/testSuite/0_runSeleniumTestCasesForQA.html">runSeleniumTestCasesForQA</a></td><td><a name="testVerifyPlayListEmailSharringFunctionality"></a><a href="comcast/test/testSuite/0_runSeleniumTestCasesForQA.html#testVerifyPlayListEmailSharringFunctionality">testVerifyPlayListEmailSharringFunctionality</a></td><td>Success</td><td></td><td>89.140</td>
</tr>
<tr valign="top" class="TableRowColor">
<td><a href="comcast/test/testSuite/0_runSeleniumTestCasesForQA.html">runSeleniumTestCasesForQA</a></td><td><a name="testVerifyPlayListSharingFormMessageContent"></a><a href="comcast/test/testSuite/0_runSeleniumTestCasesForQA.html#testVerifyPlayListSharingFormMessageContent">testVerifyPlayListSharingFormMessageContent</a></td><td>Success</td><td></td><td>90.041</td>
</tr>
<tr valign="top" class="TableRowColor">
<td><a href="comcast/test/testSuite/0_runSeleniumTestCasesForQA.html">runSeleniumTestCasesForQA</a></td><td><a name="testVerifyPlayListSharingSendFunctionality"></a><a href="comcast/test/testSuite/0_runSeleniumTestCasesForQA.html#testVerifyPlayListSharingSendFunctionality">testVerifyPlayListSharingSendFunctionality</a></td><td>Success</td><td></td><td>98.529</td>
</tr>
<tr valign="top" class="TableRowColor">
<td><a href="comcast/test/testSuite/0_runSeleniumTestCasesForQA.html">runSeleniumTestCasesForQA</a></td><td><a name="testVerifyPlayListSharingSendWithBlankFields"></a><a href="comcast/test/testSuite/0_runSeleniumTestCasesForQA.html#testVerifyPlayListSharingSendWithBlankFields">testVerifyPlayListSharingSendWithBlankFields</a></td><td>Success</td><td></td><td>100.979</td>
</tr>
<tr valign="top" class="TableRowColor">
<td><a href="comcast/test/testSuite/0_runSeleniumTestCasesForQA.html">runSeleniumTestCasesForQA</a></td><td><a name="testVerifyPlayListSharingSendWithInvalidEmails"></a><a href="comcast/test/testSuite/0_runSeleniumTestCasesForQA.html#testVerifyPlayListSharingSendWithInvalidEmails">testVerifyPlayListSharingSendWithInvalidEmails</a></td><td>Success</td><td></td><td>100.149</td>
</tr>
<tr valign="top" class="TableRowColor">
<td><a href="comcast/test/testSuite/0_runSeleniumTestCasesForQA.html">runSeleniumTestCasesForQA</a></td><td><a name="testVerifyPlayListSharingSendWithInvalidFromEmail"></a><a href="comcast/test/testSuite/0_runSeleniumTestCasesForQA.html#testVerifyPlayListSharingSendWithInvalidFromEmail">testVerifyPlayListSharingSendWithInvalidFromEmail</a></td><td>Success</td><td></td><td>98.274</td>
</tr>
<tr valign="top" class="TableRowColor">
<td><a href="comcast/test/testSuite/0_runSeleniumTestCasesForQA.html">runSeleniumTestCasesForQA</a></td><td><a name="testVerifyPlayListSharingSendWithInvalidToEmail"></a><a href="comcast/test/testSuite/0_runSeleniumTestCasesForQA.html#testVerifyPlayListSharingSendWithInvalidToEmail">testVerifyPlayListSharingSendWithInvalidToEmail</a></td><td>Success</td><td></td><td>97.640</td>
</tr>
<tr valign="top" class="TableRowColor">
<td><a href="comcast/test/testSuite/0_runSeleniumTestCasesForQA.html">runSeleniumTestCasesForQA</a></td><td><a name="testVerifyPlayListSharingTwitterFunctionality"></a><a href="comcast/test/testSuite/0_runSeleniumTestCasesForQA.html#testVerifyPlayListSharingTwitterFunctionality">testVerifyPlayListSharingTwitterFunctionality</a></td><td>Success</td><td></td><td>94.520</td>
</tr>
<tr valign="top" class="TableRowColor">
<td><a href="comcast/test/testSuite/0_runSeleniumTestCasesForQA.html">runSeleniumTestCasesForQA</a></td><td><a name="testVerifyPlayListSharingFaceBookFunctionality"></a><a href="comcast/test/testSuite/0_runSeleniumTestCasesForQA.html#testVerifyPlayListSharingFaceBookFunctionality">testVerifyPlayListSharingFaceBookFunctionality</a></td><td>Success</td><td></td><td>92.978</td>
</tr>
<tr valign="top" class="TableRowColor">
<td><a href="comcast/test/testSuite/0_runSeleniumTestCasesForQA.html">runSeleniumTestCasesForQA</a></td><td><a name="testVerifyClickingOnHomeFooterLinkFromPlayListsPageNavigatesHomePage"></a><a href="comcast/test/testSuite/0_runSeleniumTestCasesForQA.html#testVerifyClickingOnHomeFooterLinkFromPlayListsPageNavigatesHomePage">testVerifyClickingOnHomeFooterLinkFromPlayListsPageNavigatesHomePage</a></td><td>Success</td><td></td><td>67.504</td>
</tr>
<tr valign="top" class="TableRowColor">
<td><a href="comcast/test/testSuite/0_runSeleniumTestCasesForQA.html">runSeleniumTestCasesForQA</a></td><td><a name="testVerifyUserNavigatingToHomePageLogoutFromAllPlayListsPage"></a><a href="comcast/test/testSuite/0_runSeleniumTestCasesForQA.html#testVerifyUserNavigatingToHomePageLogoutFromAllPlayListsPage">testVerifyUserNavigatingToHomePageLogoutFromAllPlayListsPage</a></td><td>Success</td><td></td><td>106.487</td>
</tr>
<tr valign="top" class="TableRowColor">
<td><a href="comcast/test/testSuite/0_runSeleniumTestCasesForQA.html">runSeleniumTestCasesForQA</a></td><td><a name="testVerifyNavigatingToVideoPageFromHomePage"></a><a href="comcast/test/testSuite/0_runSeleniumTestCasesForQA.html#testVerifyNavigatingToVideoPageFromHomePage">testVerifyNavigatingToVideoPageFromHomePage</a></td><td>Success</td><td></td><td>76.981</td>
</tr>
<tr valign="top" class="TableRowColor">
<td><a href="comcast/test/testSuite/0_runSeleniumTestCasesForQA.html">runSeleniumTestCasesForQA</a></td><td><a name="testVerifyNavigatingToVideoPageFromChannelPage"></a><a href="comcast/test/testSuite/0_runSeleniumTestCasesForQA.html#testVerifyNavigatingToVideoPageFromChannelPage">testVerifyNavigatingToVideoPageFromChannelPage</a></td><td>Success</td><td></td><td>102.928</td>
</tr>
<tr valign="top" class="TableRowColor">
<td><a href="comcast/test/testSuite/0_runSeleniumTestCasesForQA.html">runSeleniumTestCasesForQA</a></td><td><a name="testVerifyNavigatingToVideoPageFromSearchResultPage"></a><a href="comcast/test/testSuite/0_runSeleniumTestCasesForQA.html#testVerifyNavigatingToVideoPageFromSearchResultPage">testVerifyNavigatingToVideoPageFromSearchResultPage</a></td><td>Success</td><td></td><td>68.042</td>
</tr>
<tr valign="top" class="TableRowColor">
<td><a href="comcast/test/testSuite/0_runSeleniumTestCasesForQA.html">runSeleniumTestCasesForQA</a></td><td><a name="testVerifyNavigatingToVideoPageFromMyWatchlistPage"></a><a href="comcast/test/testSuite/0_runSeleniumTestCasesForQA.html#testVerifyNavigatingToVideoPageFromMyWatchlistPage">testVerifyNavigatingToVideoPageFromMyWatchlistPage</a></td><td>Success</td><td></td><td>93.714</td>
</tr>
<tr valign="top" class="TableRowColor">
<td><a href="comcast/test/testSuite/0_runSeleniumTestCasesForQA.html">runSeleniumTestCasesForQA</a></td><td><a name="testVerifyControlsOnVideoPlayerDuringPlay"></a><a href="comcast/test/testSuite/0_runSeleniumTestCasesForQA.html#testVerifyControlsOnVideoPlayerDuringPlay">testVerifyControlsOnVideoPlayerDuringPlay</a></td><td>Success</td><td></td><td>189.969</td>
</tr>
<tr valign="top" class="TableRowColor">
<td><a href="comcast/test/testSuite/0_runSeleniumTestCasesForQA.html">runSeleniumTestCasesForQA</a></td><td><a name="testVerifyControlsOnVideoPlayerDuringPause"></a><a href="comcast/test/testSuite/0_runSeleniumTestCasesForQA.html#testVerifyControlsOnVideoPlayerDuringPause">testVerifyControlsOnVideoPlayerDuringPause</a></td><td>Success</td><td></td><td>197.293</td>
</tr>
<tr valign="top" class="TableRowColor">
<td><a href="comcast/test/testSuite/0_runSeleniumTestCasesForQA.html">runSeleniumTestCasesForQA</a></td><td><a name="testVerifyCurrentDuration"></a><a href="comcast/test/testSuite/0_runSeleniumTestCasesForQA.html#testVerifyCurrentDuration">testVerifyCurrentDuration</a></td><td>Success</td><td></td><td>108.352</td>
</tr>
<tr valign="top" class="TableRowColor">
<td><a href="comcast/test/testSuite/0_runSeleniumTestCasesForQA.html">runSeleniumTestCasesForQA</a></td><td><a name="testVerifyVideoTotalDuration"></a><a href="comcast/test/testSuite/0_runSeleniumTestCasesForQA.html#testVerifyVideoTotalDuration">testVerifyVideoTotalDuration</a></td><td>Success</td><td></td><td>127.204</td>
</tr>
<tr valign="top" class="TableRowColor">
<td><a href="comcast/test/testSuite/0_runSeleniumTestCasesForQA.html">runSeleniumTestCasesForQA</a></td><td><a name="testVerifyCurrentPlayingVideoTitle"></a><a href="comcast/test/testSuite/0_runSeleniumTestCasesForQA.html#testVerifyCurrentPlayingVideoTitle">testVerifyCurrentPlayingVideoTitle</a></td><td>Success</td><td></td><td>75.434</td>
</tr>
<tr valign="top" class="TableRowColor">
<td><a href="comcast/test/testSuite/0_runSeleniumTestCasesForQA.html">runSeleniumTestCasesForQA</a></td><td><a name="testVerifyChannelNameOfCurrentPlayingVideo"></a><a href="comcast/test/testSuite/0_runSeleniumTestCasesForQA.html#testVerifyChannelNameOfCurrentPlayingVideo">testVerifyChannelNameOfCurrentPlayingVideo</a></td><td>Success</td><td></td><td>82.901</td>
</tr>
<tr valign="top" class="TableRowColor">
<td><a href="comcast/test/testSuite/0_runSeleniumTestCasesForQA.html">runSeleniumTestCasesForQA</a></td><td><a name="testVerifyNavigatingToChannelPageFromVideoPage"></a><a href="comcast/test/testSuite/0_runSeleniumTestCasesForQA.html#testVerifyNavigatingToChannelPageFromVideoPage">testVerifyNavigatingToChannelPageFromVideoPage</a></td><td>Success</td><td></td><td>92.712</td>
</tr>
<tr valign="top" class="TableRowColor">
<td><a href="comcast/test/testSuite/0_runSeleniumTestCasesForQA.html">runSeleniumTestCasesForQA</a></td><td><a name="testVerifyPauseFunctionality"></a><a href="comcast/test/testSuite/0_runSeleniumTestCasesForQA.html#testVerifyPauseFunctionality">testVerifyPauseFunctionality</a></td><td>Success</td><td></td><td>104.616</td>
</tr>
<tr valign="top" class="Error">
<td><a href="comcast/test/testSuite/0_runSeleniumTestCasesForQA.html">runSeleniumTestCasesForQA</a></td><td><a name="testVerifyReportWithoutLogin"></a><a href="comcast/test/testSuite/0_runSeleniumTestCasesForQA.html#testVerifyReportWithoutLogin">testVerifyReportWithoutLogin</a></td><td>Error</td><td>Timed out after 20 seconds waiting for element to be clickable: By.xpath: //li[@id='report']
Build info: version: '2.43.1', revision: '5163bce', time: '2014-09-10 16:27:33'
System info: host: 'VDC01DELW0204', ip: '192.168.162.28', os.name: 'Windows 7', os.arch: 'amd64', os.version: '6.1', java.version: '1.7.0_40'
Session ID: ef4ec3a7a6745d812289f8f93adb1caa
Driver info: org.openqa.selenium.chrome.ChromeDriver
Capabilities [{platform=XP, acceptSslCerts=true, javascriptEnabled=true, browserName=chrome, chrome={userDataDir=C:\Users\MANOJ~1.PAR\AppData\Local\Temp\scoped_dir4504_17311}, rotatable=false, locationContextEnabled=true, version=46.0.2490.80, takesHeapSnapshot=true, cssSelectorsEnabled=true, databaseEnabled=false, handlesAlerts=true, browserConnectionEnabled=false, nativeEvents=true, webStorageEnabled=true, applicationCacheEnabled=false, takesScreenshot=true}]<br>
<br>
<code>org.openqa.selenium.TimeoutException: Timed out after 20 seconds waiting for element to be clickable: By.xpath: //li[@id='report']<br>Build info: version: '2.43.1', revision: '5163bce', time: '2014-09-10 16:27:33'<br>System info: host: 'VDC01DELW0204', ip: '192.168.162.28', os.name: 'Windows 7', os.arch: 'amd64', os.version: '6.1', java.version: '1.7.0_40'<br>Session ID: ef4ec3a7a6745d812289f8f93adb1caa<br>Driver info: org.openqa.selenium.chrome.ChromeDriver<br>Capabilities [{platform=XP, acceptSslCerts=true, javascriptEnabled=true, browserName=chrome, chrome={userDataDir=C:\Users\MANOJ~1.PAR\AppData\Local\Temp\scoped_dir4504_17311}, rotatable=false, locationContextEnabled=true, version=46.0.2490.80, takesHeapSnapshot=true, cssSelectorsEnabled=true, databaseEnabled=false, handlesAlerts=true, browserConnectionEnabled=false, nativeEvents=true, webStorageEnabled=true, applicationCacheEnabled=false, takesScreenshot=true}]<br>	at org.openqa.selenium.support.ui.WebDriverWait.timeoutException(WebDriverWait.java:79)<br>	at org.openqa.selenium.support.ui.FluentWait.until(FluentWait.java:228)<br>	at comcast.test.app.testCases.playerVideoPage.playerPageFunctions.PlayerPageFun.clickOnReportButton(PlayerPageFun.java:268)<br>	at comcast.test.app.testCases.playerVideoPage.VerifyReportWithoutLogin.testVerifyReportWithoutLogin(VerifyReportWithoutLogin.java:75)<br>
</code></td><td>122.449</td>
</tr>
<tr valign="top" class="Error">
<td><a href="comcast/test/testSuite/0_runSeleniumTestCasesForQA.html">runSeleniumTestCasesForQA</a></td><td><a name="testVerifyReportAfterLogin"></a><a href="comcast/test/testSuite/0_runSeleniumTestCasesForQA.html#testVerifyReportAfterLogin">testVerifyReportAfterLogin</a></td><td>Error</td><td>Timed out after 20 seconds waiting for element to be clickable: By.xpath: //li[@id='report']
Build info: version: '2.43.1', revision: '5163bce', time: '2014-09-10 16:27:33'
System info: host: 'VDC01DELW0204', ip: '192.168.162.28', os.name: 'Windows 7', os.arch: 'amd64', os.version: '6.1', java.version: '1.7.0_40'
Session ID: fc096f01496566620edbb17a616e9912
Driver info: org.openqa.selenium.chrome.ChromeDriver
Capabilities [{platform=XP, acceptSslCerts=true, javascriptEnabled=true, browserName=chrome, chrome={userDataDir=C:\Users\MANOJ~1.PAR\AppData\Local\Temp\scoped_dir5492_21199}, rotatable=false, locationContextEnabled=true, version=46.0.2490.80, takesHeapSnapshot=true, cssSelectorsEnabled=true, databaseEnabled=false, handlesAlerts=true, browserConnectionEnabled=false, nativeEvents=true, webStorageEnabled=true, applicationCacheEnabled=false, takesScreenshot=true}]<br>
<br>
<code>org.openqa.selenium.TimeoutException: Timed out after 20 seconds waiting for element to be clickable: By.xpath: //li[@id='report']<br>Build info: version: '2.43.1', revision: '5163bce', time: '2014-09-10 16:27:33'<br>System info: host: 'VDC01DELW0204', ip: '192.168.162.28', os.name: 'Windows 7', os.arch: 'amd64', os.version: '6.1', java.version: '1.7.0_40'<br>Session ID: fc096f01496566620edbb17a616e9912<br>Driver info: org.openqa.selenium.chrome.ChromeDriver<br>Capabilities [{platform=XP, acceptSslCerts=true, javascriptEnabled=true, browserName=chrome, chrome={userDataDir=C:\Users\MANOJ~1.PAR\AppData\Local\Temp\scoped_dir5492_21199}, rotatable=false, locationContextEnabled=true, version=46.0.2490.80, takesHeapSnapshot=true, cssSelectorsEnabled=true, databaseEnabled=false, handlesAlerts=true, browserConnectionEnabled=false, nativeEvents=true, webStorageEnabled=true, applicationCacheEnabled=false, takesScreenshot=true}]<br>	at org.openqa.selenium.support.ui.WebDriverWait.timeoutException(WebDriverWait.java:79)<br>	at org.openqa.selenium.support.ui.FluentWait.until(FluentWait.java:228)<br>	at comcast.test.app.testCases.playerVideoPage.playerPageFunctions.PlayerPageFun.clickOnReportButton(PlayerPageFun.java:268)<br>	at comcast.test.app.testCases.playerVideoPage.VerifyReportAfterLogin.testVerifyReportAfterLogin(VerifyReportAfterLogin.java:125)<br>
</code></td><td>158.174</td>
</tr>
<tr valign="top" class="TableRowColor">
<td><a href="comcast/test/testSuite/0_runSeleniumTestCasesForQA.html">runSeleniumTestCasesForQA</a></td><td><a name="testVerifyReportCancelAfterLogin"></a><a href="comcast/test/testSuite/0_runSeleniumTestCasesForQA.html#testVerifyReportCancelAfterLogin">testVerifyReportCancelAfterLogin</a></td><td>Success</td><td></td><td>117.051</td>
</tr>
<tr valign="top" class="TableRowColor">
<td><a href="comcast/test/testSuite/0_runSeleniumTestCasesForQA.html">runSeleniumTestCasesForQA</a></td><td><a name="testVerifyPartiallyPlayedVideo"></a><a href="comcast/test/testSuite/0_runSeleniumTestCasesForQA.html#testVerifyPartiallyPlayedVideo">testVerifyPartiallyPlayedVideo</a></td><td>Success</td><td></td><td>94.024</td>
</tr>
<tr valign="top" class="TableRowColor">
<td><a href="comcast/test/testSuite/0_runSeleniumTestCasesForQA.html">runSeleniumTestCasesForQA</a></td><td><a name="testVerifyPlayFromStartPoint"></a><a href="comcast/test/testSuite/0_runSeleniumTestCasesForQA.html#testVerifyPlayFromStartPoint">testVerifyPlayFromStartPoint</a></td><td>Success</td><td></td><td>77.029</td>
</tr>
<tr valign="top" class="TableRowColor">
<td><a href="comcast/test/testSuite/0_runSeleniumTestCasesForQA.html">runSeleniumTestCasesForQA</a></td><td><a name="testVerifyPlayFromResumePoint"></a><a href="comcast/test/testSuite/0_runSeleniumTestCasesForQA.html#testVerifyPlayFromResumePoint">testVerifyPlayFromResumePoint</a></td><td>Success</td><td></td><td>41.112</td>
</tr>
<tr valign="top" class="TableRowColor">
<td><a href="comcast/test/testSuite/0_runSeleniumTestCasesForQA.html">runSeleniumTestCasesForQA</a></td><td><a name="testVerifyClickOnWatchableLogoFromVideoPageNavigatesHomePage"></a><a href="comcast/test/testSuite/0_runSeleniumTestCasesForQA.html#testVerifyClickOnWatchableLogoFromVideoPageNavigatesHomePage">testVerifyClickOnWatchableLogoFromVideoPageNavigatesHomePage</a></td><td>Success</td><td></td><td>83.186</td>
</tr>
<tr valign="top" class="TableRowColor">
<td><a href="comcast/test/testSuite/0_runSeleniumTestCasesForQA.html">runSeleniumTestCasesForQA</a></td><td><a name="testVerifyVideoPageTitle"></a><a href="comcast/test/testSuite/0_runSeleniumTestCasesForQA.html#testVerifyVideoPageTitle">testVerifyVideoPageTitle</a></td><td>Success</td><td></td><td>76.070</td>
</tr>
<tr valign="top" class="TableRowColor">
<td><a href="comcast/test/testSuite/0_runSeleniumTestCasesForQA.html">runSeleniumTestCasesForQA</a></td><td><a name="testVerifyVideoContentsWhenPlayPaused"></a><a href="comcast/test/testSuite/0_runSeleniumTestCasesForQA.html#testVerifyVideoContentsWhenPlayPaused">testVerifyVideoContentsWhenPlayPaused</a></td><td>Success</td><td></td><td>82.062</td>
</tr>
<tr valign="top" class="TableRowColor">
<td><a href="comcast/test/testSuite/0_runSeleniumTestCasesForQA.html">runSeleniumTestCasesForQA</a></td><td><a name="testVerifyUpNexSectionInVideoPage"></a><a href="comcast/test/testSuite/0_runSeleniumTestCasesForQA.html#testVerifyUpNexSectionInVideoPage">testVerifyUpNexSectionInVideoPage</a></td><td>Success</td><td></td><td>80.828</td>
</tr>
<tr valign="top" class="TableRowColor">
<td><a href="comcast/test/testSuite/0_runSeleniumTestCasesForQA.html">runSeleniumTestCasesForQA</a></td><td><a name="testVerifyShowTitleInUpNextSectionInVideoPage"></a><a href="comcast/test/testSuite/0_runSeleniumTestCasesForQA.html#testVerifyShowTitleInUpNextSectionInVideoPage">testVerifyShowTitleInUpNextSectionInVideoPage</a></td><td>Success</td><td></td><td>69.861</td>
</tr>
<tr valign="top" class="TableRowColor">
<td><a href="comcast/test/testSuite/0_runSeleniumTestCasesForQA.html">runSeleniumTestCasesForQA</a></td><td><a name="testVerifyNavigatingToShowPageOnClickingShowTitleFromUpNextSection"></a><a href="comcast/test/testSuite/0_runSeleniumTestCasesForQA.html#testVerifyNavigatingToShowPageOnClickingShowTitleFromUpNextSection">testVerifyNavigatingToShowPageOnClickingShowTitleFromUpNextSection</a></td><td>Success</td><td></td><td>98.628</td>
</tr>
<tr valign="top" class="TableRowColor">
<td><a href="comcast/test/testSuite/0_runSeleniumTestCasesForQA.html">runSeleniumTestCasesForQA</a></td><td><a name="testVerifyMetadataDisplayedMouseOverOnVideo"></a><a href="comcast/test/testSuite/0_runSeleniumTestCasesForQA.html#testVerifyMetadataDisplayedMouseOverOnVideo">testVerifyMetadataDisplayedMouseOverOnVideo</a></td><td>Success</td><td></td><td>82.717</td>
</tr>
<tr valign="top" class="TableRowColor">
<td><a href="comcast/test/testSuite/0_runSeleniumTestCasesForQA.html">runSeleniumTestCasesForQA</a></td><td><a name="testVerifyClickingOnHomeFooterLinkFromVideoPageNavigatesHomePage"></a><a href="comcast/test/testSuite/0_runSeleniumTestCasesForQA.html#testVerifyClickingOnHomeFooterLinkFromVideoPageNavigatesHomePage">testVerifyClickingOnHomeFooterLinkFromVideoPageNavigatesHomePage</a></td><td>Success</td><td></td><td>127.423</td>
</tr>
<tr valign="top" class="TableRowColor">
<td><a href="comcast/test/testSuite/0_runSeleniumTestCasesForQA.html">runSeleniumTestCasesForQA</a></td><td><a name="testVerifyUserNavigatingToHomePageLogoutFromVideoPage"></a><a href="comcast/test/testSuite/0_runSeleniumTestCasesForQA.html#testVerifyUserNavigatingToHomePageLogoutFromVideoPage">testVerifyUserNavigatingToHomePageLogoutFromVideoPage</a></td><td>Success</td><td></td><td>140.071</td>
</tr>
</table>
</body>
</html>
