<html xmlns:string="xalan://java.lang.String" xmlns:lxslt="http://xml.apache.org/xslt">
<head>
<META http-equiv="Content-Type" content="text/html; charset=UTF-8">
<title>Unit Test Results: All Errors</title>
<link rel="stylesheet" type="text/css" title="Style" href="stylesheet.css">
</head>
<body onload="open('allclasses-frame.html','classListFrame')">
<h1>Unit Test Results.</h1>
<table width="100%">
<tr>
<td align="left"></td><td align="right">Designed for use with <a href="http://www.junit.org/">JUnit</a> and <a href="http://ant.apache.org/">Ant</a>.</td>
</tr>
</table>
<hr size="1">
<h2>All Errors</h2>
<table class="details" border="0" cellpadding="5" cellspacing="2" width="95%">
<tr valign="top">
<th>Class</th><th>Name</th><th>Status</th><th width="80%">Type</th><th nowrap>Time(s)</th>
</tr>
<tr valign="top" class="Error">
<td><a href="comcast/test/testSuite/0_runSeleniumTestCasesForQA.html">runSeleniumTestCasesForQA</a></td><td><a name="testRegToWatchableWithoutEnteringEmail"></a><a href="comcast/test/testSuite/0_runSeleniumTestCasesForQA.html#testRegToWatchableWithoutEnteringEmail">testRegToWatchableWithoutEnteringEmail</a></td><td>Error</td><td>invalid element state: Element is not currently interactable and may not be manipulated
  (Session info: chrome=46.0.2490.80)
  (Driver info: chromedriver=2.9.248315,platform=Windows NT 6.1 SP1 x86_64) (WARNING: The server did not provide any stacktrace information)
Command duration or timeout: 664 milliseconds
Build info: version: '2.43.1', revision: '5163bce', time: '2014-09-10 16:27:33'
System info: host: 'VDC01DELW0204', ip: '192.168.162.28', os.name: 'Windows 7', os.arch: 'amd64', os.version: '6.1', java.version: '1.7.0_40'
Session ID: 3525f9f16911e66507c99d73ccd24765
Driver info: org.openqa.selenium.chrome.ChromeDriver
Capabilities [{platform=XP, acceptSslCerts=true, javascriptEnabled=true, browserName=chrome, chrome={userDataDir=C:\Users\MANOJ~1.PAR\AppData\Local\Temp\scoped_dir4876_9189}, rotatable=false, locationContextEnabled=true, version=46.0.2490.80, takesHeapSnapshot=true, cssSelectorsEnabled=true, databaseEnabled=false, handlesAlerts=true, browserConnectionEnabled=false, nativeEvents=true, webStorageEnabled=true, applicationCacheEnabled=false, takesScreenshot=true}]<br>
<br>
<code>org.openqa.selenium.InvalidElementStateException: invalid element state: Element is not currently interactable and may not be manipulated<br>  (Session info: chrome=46.0.2490.80)<br>  (Driver info: chromedriver=2.9.248315,platform=Windows NT 6.1 SP1 x86_64) (WARNING: The server did not provide any stacktrace information)<br>Command duration or timeout: 664 milliseconds<br>Build info: version: '2.43.1', revision: '5163bce', time: '2014-09-10 16:27:33'<br>System info: host: 'VDC01DELW0204', ip: '192.168.162.28', os.name: 'Windows 7', os.arch: 'amd64', os.version: '6.1', java.version: '1.7.0_40'<br>Session ID: 3525f9f16911e66507c99d73ccd24765<br>Driver info: org.openqa.selenium.chrome.ChromeDriver<br>Capabilities [{platform=XP, acceptSslCerts=true, javascriptEnabled=true, browserName=chrome, chrome={userDataDir=C:\Users\MANOJ~1.PAR\AppData\Local\Temp\scoped_dir4876_9189}, rotatable=false, locationContextEnabled=true, version=46.0.2490.80, takesHeapSnapshot=true, cssSelectorsEnabled=true, databaseEnabled=false, handlesAlerts=true, browserConnectionEnabled=false, nativeEvents=true, webStorageEnabled=true, applicationCacheEnabled=false, takesScreenshot=true}]<br>	at java.lang.reflect.Constructor.newInstance(Constructor.java:526)<br>	at org.openqa.selenium.remote.ErrorHandler.createThrowable(ErrorHandler.java:204)<br>	at org.openqa.selenium.remote.ErrorHandler.throwIfResponseFailed(ErrorHandler.java:156)<br>	at org.openqa.selenium.remote.RemoteWebDriver.execute(RemoteWebDriver.java:599)<br>	at org.openqa.selenium.remote.RemoteWebElement.execute(RemoteWebElement.java:268)<br>	at org.openqa.selenium.remote.RemoteWebElement.clear(RemoteWebElement.java:113)<br>	at comcast.test.app.testCases.signUp.signUpFunctions.SignUpFun.enterSignUpDetails(SignUpFun.java:176)<br>	at comcast.test.app.testCases.signUp.RegToWatchableWithoutEnteringEmail.testRegToWatchableWithoutEnteringEmail(RegToWatchableWithoutEnteringEmail.java:52)<br>
</code></td><td>52.058</td>
</tr>
<tr valign="top" class="Error">
<td><a href="comcast/test/testSuite/0_runSeleniumTestCasesForQA.html">runSeleniumTestCasesForQA</a></td><td><a name="testVerifyTwitterFunctionalityFromVideoControls"></a><a href="comcast/test/testSuite/0_runSeleniumTestCasesForQA.html#testVerifyTwitterFunctionalityFromVideoControls">testVerifyTwitterFunctionalityFromVideoControls</a></td><td>Error</td><td>Timed out after 30 seconds waiting for element to be clickable: By.xpath: //div[@id='player_container']/descendant::li[@class='share']/descendant::li[2]
Build info: version: '2.43.1', revision: '5163bce', time: '2014-09-10 16:27:33'
System info: host: 'VDC01DELW0204', ip: '192.168.162.28', os.name: 'Windows 7', os.arch: 'amd64', os.version: '6.1', java.version: '1.7.0_40'
Session ID: 8e3be7d9c2df5b1a4a422b5e5782cd77
Driver info: org.openqa.selenium.chrome.ChromeDriver
Capabilities [{platform=XP, acceptSslCerts=true, javascriptEnabled=true, browserName=chrome, chrome={userDataDir=C:\Users\MANOJ~1.PAR\AppData\Local\Temp\scoped_dir2124_18339}, rotatable=false, locationContextEnabled=true, version=46.0.2490.80, takesHeapSnapshot=true, cssSelectorsEnabled=true, databaseEnabled=false, handlesAlerts=true, browserConnectionEnabled=false, nativeEvents=true, webStorageEnabled=true, applicationCacheEnabled=false, takesScreenshot=true}]<br>
<br>
<code>org.openqa.selenium.TimeoutException: Timed out after 30 seconds waiting for element to be clickable: By.xpath: //div[@id='player_container']/descendant::li[@class='share']/descendant::li[2]<br>Build info: version: '2.43.1', revision: '5163bce', time: '2014-09-10 16:27:33'<br>System info: host: 'VDC01DELW0204', ip: '192.168.162.28', os.name: 'Windows 7', os.arch: 'amd64', os.version: '6.1', java.version: '1.7.0_40'<br>Session ID: 8e3be7d9c2df5b1a4a422b5e5782cd77<br>Driver info: org.openqa.selenium.chrome.ChromeDriver<br>Capabilities [{platform=XP, acceptSslCerts=true, javascriptEnabled=true, browserName=chrome, chrome={userDataDir=C:\Users\MANOJ~1.PAR\AppData\Local\Temp\scoped_dir2124_18339}, rotatable=false, locationContextEnabled=true, version=46.0.2490.80, takesHeapSnapshot=true, cssSelectorsEnabled=true, databaseEnabled=false, handlesAlerts=true, browserConnectionEnabled=false, nativeEvents=true, webStorageEnabled=true, applicationCacheEnabled=false, takesScreenshot=true}]<br>	at org.openqa.selenium.support.ui.WebDriverWait.timeoutException(WebDriverWait.java:79)<br>	at org.openqa.selenium.support.ui.FluentWait.until(FluentWait.java:228)<br>	at comcast.test.app.testCases.socialSharing.socialSharingFunctions.SocialSharingFun.clickonTwitterButtonFromPlayer(SocialSharingFun.java:208)<br>	at comcast.test.app.testCases.socialSharing.VerifyTwitterFunctionalityFromVideoControls.testVerifyTwitterFunctionalityFromVideoControls(VerifyTwitterFunctionalityFromVideoControls.java:89)<br>
</code></td><td>130.684</td>
</tr>
<tr valign="top" class="Error">
<td><a href="comcast/test/testSuite/0_runSeleniumTestCasesForQA.html">runSeleniumTestCasesForQA</a></td><td><a name="testVerifyEmailFunctionalityFromVideoControls"></a><a href="comcast/test/testSuite/0_runSeleniumTestCasesForQA.html#testVerifyEmailFunctionalityFromVideoControls">testVerifyEmailFunctionalityFromVideoControls</a></td><td>Error</td><td>Timed out after 30 seconds waiting for element to be clickable: By.xpath: //div[@id='player_container']/descendant::li[@class='share']/descendant::li[3]
Build info: version: '2.43.1', revision: '5163bce', time: '2014-09-10 16:27:33'
System info: host: 'VDC01DELW0204', ip: '192.168.162.28', os.name: 'Windows 7', os.arch: 'amd64', os.version: '6.1', java.version: '1.7.0_40'
Session ID: 3879bc59687a7fd3e67dc53fe99bd7b3
Driver info: org.openqa.selenium.chrome.ChromeDriver
Capabilities [{platform=XP, acceptSslCerts=true, javascriptEnabled=true, browserName=chrome, chrome={userDataDir=C:\Users\MANOJ~1.PAR\AppData\Local\Temp\scoped_dir4760_5631}, rotatable=false, locationContextEnabled=true, version=46.0.2490.80, takesHeapSnapshot=true, cssSelectorsEnabled=true, databaseEnabled=false, handlesAlerts=true, browserConnectionEnabled=false, nativeEvents=true, webStorageEnabled=true, applicationCacheEnabled=false, takesScreenshot=true}]<br>
<br>
<code>org.openqa.selenium.TimeoutException: Timed out after 30 seconds waiting for element to be clickable: By.xpath: //div[@id='player_container']/descendant::li[@class='share']/descendant::li[3]<br>Build info: version: '2.43.1', revision: '5163bce', time: '2014-09-10 16:27:33'<br>System info: host: 'VDC01DELW0204', ip: '192.168.162.28', os.name: 'Windows 7', os.arch: 'amd64', os.version: '6.1', java.version: '1.7.0_40'<br>Session ID: 3879bc59687a7fd3e67dc53fe99bd7b3<br>Driver info: org.openqa.selenium.chrome.ChromeDriver<br>Capabilities [{platform=XP, acceptSslCerts=true, javascriptEnabled=true, browserName=chrome, chrome={userDataDir=C:\Users\MANOJ~1.PAR\AppData\Local\Temp\scoped_dir4760_5631}, rotatable=false, locationContextEnabled=true, version=46.0.2490.80, takesHeapSnapshot=true, cssSelectorsEnabled=true, databaseEnabled=false, handlesAlerts=true, browserConnectionEnabled=false, nativeEvents=true, webStorageEnabled=true, applicationCacheEnabled=false, takesScreenshot=true}]<br>	at org.openqa.selenium.support.ui.WebDriverWait.timeoutException(WebDriverWait.java:79)<br>	at org.openqa.selenium.support.ui.FluentWait.until(FluentWait.java:228)<br>	at comcast.test.app.testCases.socialSharing.socialSharingFunctions.SocialSharingFun.clickonEmailButtonFromPlayer(SocialSharingFun.java:111)<br>	at comcast.test.app.testCases.socialSharing.VerifyEmailFunctionalityFromVideoControls.testVerifyEmailFunctionalityFromVideoControls(VerifyEmailFunctionalityFromVideoControls.java:89)<br>
</code></td><td>133.057</td>
</tr>
<tr valign="top" class="Error">
<td><a href="comcast/test/testSuite/0_runSeleniumTestCasesForQA.html">runSeleniumTestCasesForQA</a></td><td><a name="testVerifyEmailSharingSendFunctionality"></a><a href="comcast/test/testSuite/0_runSeleniumTestCasesForQA.html#testVerifyEmailSharingSendFunctionality">testVerifyEmailSharingSendFunctionality</a></td><td>Error</td><td>Timed out after 30 seconds waiting for element to be clickable: By.xpath: //div[@id='player_container']/descendant::li[@class='share']/descendant::li[3]
Build info: version: '2.43.1', revision: '5163bce', time: '2014-09-10 16:27:33'
System info: host: 'VDC01DELW0204', ip: '192.168.162.28', os.name: 'Windows 7', os.arch: 'amd64', os.version: '6.1', java.version: '1.7.0_40'
Session ID: 0bdfe31f256cafb911da8e17ad950bfc
Driver info: org.openqa.selenium.chrome.ChromeDriver
Capabilities [{platform=XP, acceptSslCerts=true, javascriptEnabled=true, browserName=chrome, chrome={userDataDir=C:\Users\MANOJ~1.PAR\AppData\Local\Temp\scoped_dir5448_23358}, rotatable=false, locationContextEnabled=true, version=46.0.2490.80, takesHeapSnapshot=true, cssSelectorsEnabled=true, databaseEnabled=false, handlesAlerts=true, browserConnectionEnabled=false, nativeEvents=true, webStorageEnabled=true, applicationCacheEnabled=false, takesScreenshot=true}]<br>
<br>
<code>org.openqa.selenium.TimeoutException: Timed out after 30 seconds waiting for element to be clickable: By.xpath: //div[@id='player_container']/descendant::li[@class='share']/descendant::li[3]<br>Build info: version: '2.43.1', revision: '5163bce', time: '2014-09-10 16:27:33'<br>System info: host: 'VDC01DELW0204', ip: '192.168.162.28', os.name: 'Windows 7', os.arch: 'amd64', os.version: '6.1', java.version: '1.7.0_40'<br>Session ID: 0bdfe31f256cafb911da8e17ad950bfc<br>Driver info: org.openqa.selenium.chrome.ChromeDriver<br>Capabilities [{platform=XP, acceptSslCerts=true, javascriptEnabled=true, browserName=chrome, chrome={userDataDir=C:\Users\MANOJ~1.PAR\AppData\Local\Temp\scoped_dir5448_23358}, rotatable=false, locationContextEnabled=true, version=46.0.2490.80, takesHeapSnapshot=true, cssSelectorsEnabled=true, databaseEnabled=false, handlesAlerts=true, browserConnectionEnabled=false, nativeEvents=true, webStorageEnabled=true, applicationCacheEnabled=false, takesScreenshot=true}]<br>	at org.openqa.selenium.support.ui.WebDriverWait.timeoutException(WebDriverWait.java:79)<br>	at org.openqa.selenium.support.ui.FluentWait.until(FluentWait.java:228)<br>	at comcast.test.app.testCases.socialSharing.socialSharingFunctions.SocialSharingFun.clickonEmailButtonFromPlayer(SocialSharingFun.java:111)<br>	at comcast.test.app.testCases.socialSharing.VerifyEmailSharingSendFunctionality.testVerifyEmailSharingSendFunctionality(VerifyEmailSharingSendFunctionality.java:90)<br>
</code></td><td>143.533</td>
</tr>
<tr valign="top" class="Error">
<td><a href="comcast/test/testSuite/0_runSeleniumTestCasesForQA.html">runSeleniumTestCasesForQA</a></td><td><a name="testVerifyEmailSharingSendWithInvalidFromEmail"></a><a href="comcast/test/testSuite/0_runSeleniumTestCasesForQA.html#testVerifyEmailSharingSendWithInvalidFromEmail">testVerifyEmailSharingSendWithInvalidFromEmail</a></td><td>Error</td><td>Timed out after 30 seconds waiting for element to be clickable: By.xpath: //div[@id='player_container']/descendant::li[@class='share']/descendant::li[3]
Build info: version: '2.43.1', revision: '5163bce', time: '2014-09-10 16:27:33'
System info: host: 'VDC01DELW0204', ip: '192.168.162.28', os.name: 'Windows 7', os.arch: 'amd64', os.version: '6.1', java.version: '1.7.0_40'
Session ID: 0c71184c5ef954788e0a6f917c0b666e
Driver info: org.openqa.selenium.chrome.ChromeDriver
Capabilities [{platform=XP, acceptSslCerts=true, javascriptEnabled=true, browserName=chrome, chrome={userDataDir=C:\Users\MANOJ~1.PAR\AppData\Local\Temp\scoped_dir6952_14544}, rotatable=false, locationContextEnabled=true, version=46.0.2490.80, takesHeapSnapshot=true, cssSelectorsEnabled=true, databaseEnabled=false, handlesAlerts=true, browserConnectionEnabled=false, nativeEvents=true, webStorageEnabled=true, applicationCacheEnabled=false, takesScreenshot=true}]<br>
<br>
<code>org.openqa.selenium.TimeoutException: Timed out after 30 seconds waiting for element to be clickable: By.xpath: //div[@id='player_container']/descendant::li[@class='share']/descendant::li[3]<br>Build info: version: '2.43.1', revision: '5163bce', time: '2014-09-10 16:27:33'<br>System info: host: 'VDC01DELW0204', ip: '192.168.162.28', os.name: 'Windows 7', os.arch: 'amd64', os.version: '6.1', java.version: '1.7.0_40'<br>Session ID: 0c71184c5ef954788e0a6f917c0b666e<br>Driver info: org.openqa.selenium.chrome.ChromeDriver<br>Capabilities [{platform=XP, acceptSslCerts=true, javascriptEnabled=true, browserName=chrome, chrome={userDataDir=C:\Users\MANOJ~1.PAR\AppData\Local\Temp\scoped_dir6952_14544}, rotatable=false, locationContextEnabled=true, version=46.0.2490.80, takesHeapSnapshot=true, cssSelectorsEnabled=true, databaseEnabled=false, handlesAlerts=true, browserConnectionEnabled=false, nativeEvents=true, webStorageEnabled=true, applicationCacheEnabled=false, takesScreenshot=true}]<br>	at org.openqa.selenium.support.ui.WebDriverWait.timeoutException(WebDriverWait.java:79)<br>	at org.openqa.selenium.support.ui.FluentWait.until(FluentWait.java:228)<br>	at comcast.test.app.testCases.socialSharing.socialSharingFunctions.SocialSharingFun.clickonEmailButtonFromPlayer(SocialSharingFun.java:111)<br>	at comcast.test.app.testCases.socialSharing.VerifyEmailSharingSendWithInvalidFromEmail.testVerifyEmailSharingSendWithInvalidFromEmail(VerifyEmailSharingSendWithInvalidFromEmail.java:87)<br>
</code></td><td>126.365</td>
</tr>
<tr valign="top" class="Error">
<td><a href="comcast/test/testSuite/0_runSeleniumTestCasesForQA.html">runSeleniumTestCasesForQA</a></td><td><a name="testVerifyReportWithoutLogin"></a><a href="comcast/test/testSuite/0_runSeleniumTestCasesForQA.html#testVerifyReportWithoutLogin">testVerifyReportWithoutLogin</a></td><td>Error</td><td>Timed out after 20 seconds waiting for element to be clickable: By.xpath: //li[@id='report']
Build info: version: '2.43.1', revision: '5163bce', time: '2014-09-10 16:27:33'
System info: host: 'VDC01DELW0204', ip: '192.168.162.28', os.name: 'Windows 7', os.arch: 'amd64', os.version: '6.1', java.version: '1.7.0_40'
Session ID: ef4ec3a7a6745d812289f8f93adb1caa
Driver info: org.openqa.selenium.chrome.ChromeDriver
Capabilities [{platform=XP, acceptSslCerts=true, javascriptEnabled=true, browserName=chrome, chrome={userDataDir=C:\Users\MANOJ~1.PAR\AppData\Local\Temp\scoped_dir4504_17311}, rotatable=false, locationContextEnabled=true, version=46.0.2490.80, takesHeapSnapshot=true, cssSelectorsEnabled=true, databaseEnabled=false, handlesAlerts=true, browserConnectionEnabled=false, nativeEvents=true, webStorageEnabled=true, applicationCacheEnabled=false, takesScreenshot=true}]<br>
<br>
<code>org.openqa.selenium.TimeoutException: Timed out after 20 seconds waiting for element to be clickable: By.xpath: //li[@id='report']<br>Build info: version: '2.43.1', revision: '5163bce', time: '2014-09-10 16:27:33'<br>System info: host: 'VDC01DELW0204', ip: '192.168.162.28', os.name: 'Windows 7', os.arch: 'amd64', os.version: '6.1', java.version: '1.7.0_40'<br>Session ID: ef4ec3a7a6745d812289f8f93adb1caa<br>Driver info: org.openqa.selenium.chrome.ChromeDriver<br>Capabilities [{platform=XP, acceptSslCerts=true, javascriptEnabled=true, browserName=chrome, chrome={userDataDir=C:\Users\MANOJ~1.PAR\AppData\Local\Temp\scoped_dir4504_17311}, rotatable=false, locationContextEnabled=true, version=46.0.2490.80, takesHeapSnapshot=true, cssSelectorsEnabled=true, databaseEnabled=false, handlesAlerts=true, browserConnectionEnabled=false, nativeEvents=true, webStorageEnabled=true, applicationCacheEnabled=false, takesScreenshot=true}]<br>	at org.openqa.selenium.support.ui.WebDriverWait.timeoutException(WebDriverWait.java:79)<br>	at org.openqa.selenium.support.ui.FluentWait.until(FluentWait.java:228)<br>	at comcast.test.app.testCases.playerVideoPage.playerPageFunctions.PlayerPageFun.clickOnReportButton(PlayerPageFun.java:268)<br>	at comcast.test.app.testCases.playerVideoPage.VerifyReportWithoutLogin.testVerifyReportWithoutLogin(VerifyReportWithoutLogin.java:75)<br>
</code></td><td>122.449</td>
</tr>
<tr valign="top" class="Error">
<td><a href="comcast/test/testSuite/0_runSeleniumTestCasesForQA.html">runSeleniumTestCasesForQA</a></td><td><a name="testVerifyReportAfterLogin"></a><a href="comcast/test/testSuite/0_runSeleniumTestCasesForQA.html#testVerifyReportAfterLogin">testVerifyReportAfterLogin</a></td><td>Error</td><td>Timed out after 20 seconds waiting for element to be clickable: By.xpath: //li[@id='report']
Build info: version: '2.43.1', revision: '5163bce', time: '2014-09-10 16:27:33'
System info: host: 'VDC01DELW0204', ip: '192.168.162.28', os.name: 'Windows 7', os.arch: 'amd64', os.version: '6.1', java.version: '1.7.0_40'
Session ID: fc096f01496566620edbb17a616e9912
Driver info: org.openqa.selenium.chrome.ChromeDriver
Capabilities [{platform=XP, acceptSslCerts=true, javascriptEnabled=true, browserName=chrome, chrome={userDataDir=C:\Users\MANOJ~1.PAR\AppData\Local\Temp\scoped_dir5492_21199}, rotatable=false, locationContextEnabled=true, version=46.0.2490.80, takesHeapSnapshot=true, cssSelectorsEnabled=true, databaseEnabled=false, handlesAlerts=true, browserConnectionEnabled=false, nativeEvents=true, webStorageEnabled=true, applicationCacheEnabled=false, takesScreenshot=true}]<br>
<br>
<code>org.openqa.selenium.TimeoutException: Timed out after 20 seconds waiting for element to be clickable: By.xpath: //li[@id='report']<br>Build info: version: '2.43.1', revision: '5163bce', time: '2014-09-10 16:27:33'<br>System info: host: 'VDC01DELW0204', ip: '192.168.162.28', os.name: 'Windows 7', os.arch: 'amd64', os.version: '6.1', java.version: '1.7.0_40'<br>Session ID: fc096f01496566620edbb17a616e9912<br>Driver info: org.openqa.selenium.chrome.ChromeDriver<br>Capabilities [{platform=XP, acceptSslCerts=true, javascriptEnabled=true, browserName=chrome, chrome={userDataDir=C:\Users\MANOJ~1.PAR\AppData\Local\Temp\scoped_dir5492_21199}, rotatable=false, locationContextEnabled=true, version=46.0.2490.80, takesHeapSnapshot=true, cssSelectorsEnabled=true, databaseEnabled=false, handlesAlerts=true, browserConnectionEnabled=false, nativeEvents=true, webStorageEnabled=true, applicationCacheEnabled=false, takesScreenshot=true}]<br>	at org.openqa.selenium.support.ui.WebDriverWait.timeoutException(WebDriverWait.java:79)<br>	at org.openqa.selenium.support.ui.FluentWait.until(FluentWait.java:228)<br>	at comcast.test.app.testCases.playerVideoPage.playerPageFunctions.PlayerPageFun.clickOnReportButton(PlayerPageFun.java:268)<br>	at comcast.test.app.testCases.playerVideoPage.VerifyReportAfterLogin.testVerifyReportAfterLogin(VerifyReportAfterLogin.java:125)<br>
</code></td><td>158.174</td>
</tr>
</table>
</body>
</html>
